<?xml version="1.0" encoding="UTF-8"?>
<coverage generated="1649525804307" clover="3.2.0">
  <project timestamp="1649525804307" name="All files">
    <metrics statements="581" coveredstatements="503" conditionals="399" coveredconditionals="256" methods="156" coveredmethods="108" elements="1136" coveredelements="867" complexity="0" loc="581" ncloc="581" packages="24" files="50" classes="50"/>
    <package name="dist.controllers">
      <metrics statements="43" coveredstatements="43" conditionals="18" coveredconditionals="14" methods="12" coveredmethods="12"/>
      <file name="PhotoController.js" path="C:\Users\ignac\Documents\GitHub\express-typeorm-auth0-base\dist\controllers\PhotoController.js">
        <metrics statements="22" coveredstatements="22" conditionals="9" coveredconditionals="7" methods="6" coveredmethods="6"/>
        <line num="2" count="1" type="cond" truecount="3" falsecount="0"/>
        <line num="3" count="1" type="cond" truecount="3" falsecount="1"/>
        <line num="5" count="1" type="stmt"/>
        <line num="6" count="1" type="stmt"/>
        <line num="7" count="1" type="stmt"/>
        <line num="28" count="8" type="stmt"/>
        <line num="29" count="8" type="stmt"/>
        <line num="37" count="8" type="stmt"/>
        <line num="38" count="2" type="stmt"/>
        <line num="39" count="2" type="stmt"/>
        <line num="40" count="1" type="stmt"/>
        <line num="48" count="8" type="stmt"/>
        <line num="49" count="2" type="stmt"/>
        <line num="50" count="1" type="stmt"/>
        <line num="58" count="8" type="stmt"/>
        <line num="59" count="2" type="stmt"/>
        <line num="60" count="2" type="stmt"/>
        <line num="61" count="1" type="stmt"/>
        <line num="69" count="8" type="stmt"/>
        <line num="70" count="2" type="stmt"/>
        <line num="71" count="1" type="stmt"/>
        <line num="74" count="1" type="stmt"/>
      </file>
      <file name="UserController.js" path="C:\Users\ignac\Documents\GitHub\express-typeorm-auth0-base\dist\controllers\UserController.js">
        <metrics statements="21" coveredstatements="21" conditionals="9" coveredconditionals="7" methods="6" coveredmethods="6"/>
        <line num="2" count="1" type="cond" truecount="3" falsecount="0"/>
        <line num="3" count="1" type="cond" truecount="3" falsecount="1"/>
        <line num="5" count="1" type="stmt"/>
        <line num="6" count="1" type="stmt"/>
        <line num="7" count="1" type="stmt"/>
        <line num="28" count="8" type="stmt"/>
        <line num="29" count="8" type="stmt"/>
        <line num="37" count="8" type="stmt"/>
        <line num="38" count="2" type="stmt"/>
        <line num="39" count="1" type="stmt"/>
        <line num="49" count="8" type="stmt"/>
        <line num="50" count="2" type="stmt"/>
        <line num="51" count="1" type="stmt"/>
        <line num="61" count="8" type="stmt"/>
        <line num="62" count="2" type="stmt"/>
        <line num="63" count="2" type="stmt"/>
        <line num="64" count="1" type="stmt"/>
        <line num="74" count="8" type="stmt"/>
        <line num="75" count="2" type="stmt"/>
        <line num="76" count="1" type="stmt"/>
        <line num="79" count="1" type="stmt"/>
      </file>
    </package>
    <package name="dist.entities">
      <metrics statements="65" coveredstatements="61" conditionals="74" coveredconditionals="48" methods="11" coveredmethods="7"/>
      <file name="Photo.js" path="C:\Users\ignac\Documents\GitHub\express-typeorm-auth0-base\dist\entities\Photo.js">
        <metrics statements="25" coveredstatements="23" conditionals="36" coveredconditionals="23" methods="5" coveredmethods="3"/>
        <line num="2" count="8" type="cond" truecount="3" falsecount="0"/>
        <line num="3" count="72" type="cond" truecount="3" falsecount="1"/>
        <line num="4" count="72" type="cond" truecount="3" falsecount="1"/>
        <line num="5" count="0" type="cond" truecount="0" falsecount="8"/>
        <line num="6" count="72" type="cond" truecount="2" falsecount="1"/>
        <line num="8" count="8" type="cond" truecount="3" falsecount="0"/>
        <line num="9" count="64" type="cond" truecount="3" falsecount="1"/>
        <line num="11" count="8" type="cond" truecount="3" falsecount="0"/>
        <line num="12" count="16" type="cond" truecount="3" falsecount="1"/>
        <line num="14" count="8" type="stmt"/>
        <line num="15" count="8" type="stmt"/>
        <line num="16" count="8" type="stmt"/>
        <line num="17" count="8" type="stmt"/>
        <line num="18" count="8" type="stmt"/>
        <line num="28" count="8" type="stmt"/>
        <line num="32" count="8" type="stmt"/>
        <line num="36" count="8" type="stmt"/>
        <line num="40" count="8" type="stmt"/>
        <line num="44" count="8" type="stmt"/>
        <line num="48" count="8" type="stmt"/>
        <line num="52" count="8" type="stmt"/>
        <line num="56" count="8" type="stmt"/>
        <line num="57" count="0" type="stmt"/>
        <line num="60" count="8" type="stmt"/>
        <line num="63" count="8" type="stmt"/>
      </file>
      <file name="User.js" path="C:\Users\ignac\Documents\GitHub\express-typeorm-auth0-base\dist\entities\User.js">
        <metrics statements="40" coveredstatements="38" conditionals="38" coveredconditionals="25" methods="6" coveredmethods="4"/>
        <line num="2" count="8" type="cond" truecount="3" falsecount="0"/>
        <line num="3" count="104" type="cond" truecount="3" falsecount="1"/>
        <line num="4" count="104" type="cond" truecount="3" falsecount="1"/>
        <line num="5" count="0" type="cond" truecount="0" falsecount="8"/>
        <line num="6" count="104" type="cond" truecount="2" falsecount="1"/>
        <line num="8" count="8" type="cond" truecount="3" falsecount="0"/>
        <line num="9" count="96" type="cond" truecount="3" falsecount="1"/>
        <line num="11" count="8" type="cond" truecount="3" falsecount="0"/>
        <line num="12" count="24" type="cond" truecount="3" falsecount="1"/>
        <line num="14" count="8" type="stmt"/>
        <line num="15" count="8" type="stmt"/>
        <line num="16" count="8" type="stmt"/>
        <line num="17" count="8" type="stmt"/>
        <line num="18" count="8" type="stmt"/>
        <line num="19" count="8" type="stmt"/>
        <line num="20" count="8" type="stmt"/>
        <line num="22" count="8" type="stmt"/>
        <line num="23" count="8" type="stmt"/>
        <line num="24" count="8" type="stmt"/>
        <line num="25" count="8" type="stmt"/>
        <line num="26" count="8" type="stmt"/>
        <line num="27" count="8" type="stmt"/>
        <line num="28" count="8" type="stmt"/>
        <line num="29" count="8" type="stmt"/>
        <line num="31" count="8" type="stmt"/>
        <line num="45" count="8" type="stmt"/>
        <line num="49" count="8" type="stmt"/>
        <line num="57" count="8" type="stmt"/>
        <line num="61" count="8" type="stmt"/>
        <line num="65" count="8" type="stmt"/>
        <line num="73" count="8" type="stmt"/>
        <line num="77" count="8" type="stmt"/>
        <line num="84" count="8" type="stmt"/>
        <line num="91" count="8" type="stmt"/>
        <line num="100" count="8" type="stmt"/>
        <line num="107" count="8" type="stmt"/>
        <line num="108" count="0" type="stmt"/>
        <line num="114" count="8" type="stmt"/>
        <line num="121" count="8" type="stmt"/>
        <line num="124" count="8" type="stmt"/>
      </file>
    </package>
    <package name="dist.exceptions">
      <metrics statements="23" coveredstatements="23" conditionals="29" coveredconditionals="26" methods="7" coveredmethods="7"/>
      <file name="HttpException.js" path="C:\Users\ignac\Documents\GitHub\express-typeorm-auth0-base\dist\exceptions\HttpException.js">
        <metrics statements="5" coveredstatements="5" conditionals="2" coveredconditionals="2" methods="1" coveredmethods="1"/>
        <line num="2" count="10" type="stmt"/>
        <line num="10" count="23" type="stmt"/>
        <line num="11" count="23" type="stmt"/>
        <line num="12" count="23" type="stmt"/>
        <line num="15" count="10" type="stmt"/>
      </file>
      <file name="NotAuthenticatedException.js" path="C:\Users\ignac\Documents\GitHub\express-typeorm-auth0-base\dist\exceptions\NotAuthenticatedException.js">
        <metrics statements="6" coveredstatements="6" conditionals="9" coveredconditionals="8" methods="2" coveredmethods="2"/>
        <line num="2" count="2" type="cond" truecount="3" falsecount="0"/>
        <line num="3" count="2" type="cond" truecount="3" falsecount="1"/>
        <line num="5" count="2" type="stmt"/>
        <line num="6" count="2" type="stmt"/>
        <line num="12" count="4" type="cond" truecount="2" falsecount="0"/>
        <line num="15" count="2" type="stmt"/>
      </file>
      <file name="NotAuthorizedException.js" path="C:\Users\ignac\Documents\GitHub\express-typeorm-auth0-base\dist\exceptions\NotAuthorizedException.js">
        <metrics statements="6" coveredstatements="6" conditionals="9" coveredconditionals="8" methods="2" coveredmethods="2"/>
        <line num="2" count="2" type="cond" truecount="3" falsecount="0"/>
        <line num="3" count="2" type="cond" truecount="3" falsecount="1"/>
        <line num="5" count="2" type="stmt"/>
        <line num="6" count="2" type="stmt"/>
        <line num="9" count="2" type="cond" truecount="2" falsecount="0"/>
        <line num="12" count="2" type="stmt"/>
      </file>
      <file name="NotFoundException.js" path="C:\Users\ignac\Documents\GitHub\express-typeorm-auth0-base\dist\exceptions\NotFoundException.js">
        <metrics statements="6" coveredstatements="6" conditionals="9" coveredconditionals="8" methods="2" coveredmethods="2"/>
        <line num="2" count="7" type="cond" truecount="3" falsecount="0"/>
        <line num="3" count="7" type="cond" truecount="3" falsecount="1"/>
        <line num="5" count="7" type="stmt"/>
        <line num="6" count="7" type="stmt"/>
        <line num="12" count="14" type="cond" truecount="2" falsecount="0"/>
        <line num="15" count="7" type="stmt"/>
      </file>
    </package>
    <package name="dist.mappers">
      <metrics statements="9" coveredstatements="9" conditionals="2" coveredconditionals="1" methods="3" coveredmethods="3"/>
      <file name="PhotoMapper.js" path="C:\Users\ignac\Documents\GitHub\express-typeorm-auth0-base\dist\mappers\PhotoMapper.js">
        <metrics statements="4" coveredstatements="4" conditionals="0" coveredconditionals="0" methods="1" coveredmethods="1"/>
        <line num="2" count="2" type="stmt"/>
        <line num="3" count="2" type="stmt"/>
        <line num="9" count="7" type="stmt"/>
        <line num="21" count="2" type="stmt"/>
      </file>
      <file name="UserMapper.js" path="C:\Users\ignac\Documents\GitHub\express-typeorm-auth0-base\dist\mappers\UserMapper.js">
        <metrics statements="5" coveredstatements="5" conditionals="2" coveredconditionals="1" methods="2" coveredmethods="2"/>
        <line num="2" count="2" type="stmt"/>
        <line num="3" count="2" type="stmt"/>
        <line num="9" count="7" type="stmt"/>
        <line num="18" count="14" type="stmt"/>
        <line num="25" count="2" type="stmt"/>
      </file>
    </package>
    <package name="dist.middlewares">
      <metrics statements="42" coveredstatements="40" conditionals="26" coveredconditionals="22" methods="8" coveredmethods="8"/>
      <file name="Authentication.js" path="C:\Users\ignac\Documents\GitHub\express-typeorm-auth0-base\dist\middlewares\Authentication.js">
        <metrics statements="24" coveredstatements="23" conditionals="14" coveredconditionals="12" methods="4" coveredmethods="4"/>
        <line num="2" count="1" type="cond" truecount="3" falsecount="0"/>
        <line num="3" count="4" type="cond" truecount="3" falsecount="1"/>
        <line num="5" count="1" type="stmt"/>
        <line num="6" count="1" type="stmt"/>
        <line num="7" count="1" type="stmt"/>
        <line num="8" count="1" type="stmt"/>
        <line num="9" count="1" type="stmt"/>
        <line num="10" count="1" type="stmt"/>
        <line num="17" count="1" type="stmt"/>
        <line num="29" count="4" type="cond" truecount="2" falsecount="0"/>
        <line num="30" count="4" type="stmt"/>
        <line num="33" count="3" type="stmt"/>
        <line num="35" count="3" type="cond" truecount="2" falsecount="0"/>
        <line num="36" count="1" type="stmt"/>
        <line num="37" count="2" type="stmt"/>
        <line num="38" count="2" type="stmt"/>
        <line num="40" count="1" type="stmt"/>
        <line num="41" count="1" type="stmt"/>
        <line num="42" count="1" type="stmt"/>
        <line num="46" count="1" type="cond" truecount="1" falsecount="1"/>
        <line num="47" count="1" type="stmt"/>
        <line num="49" count="0" type="stmt"/>
        <line num="54" count="1" type="stmt"/>
        <line num="55" count="1" type="stmt"/>
      </file>
      <file name="Authorization.js" path="C:\Users\ignac\Documents\GitHub\express-typeorm-auth0-base\dist\middlewares\Authorization.js">
        <metrics statements="18" coveredstatements="17" conditionals="12" coveredconditionals="10" methods="4" coveredmethods="4"/>
        <line num="2" count="1" type="cond" truecount="3" falsecount="0"/>
        <line num="3" count="3" type="cond" truecount="3" falsecount="1"/>
        <line num="5" count="1" type="stmt"/>
        <line num="6" count="1" type="stmt"/>
        <line num="7" count="1" type="stmt"/>
        <line num="8" count="1" type="stmt"/>
        <line num="9" count="1" type="stmt"/>
        <line num="10" count="1" type="stmt"/>
        <line num="18" count="1" type="stmt"/>
        <line num="30" count="2" type="cond" truecount="2" falsecount="0"/>
        <line num="31" count="2" type="stmt"/>
        <line num="34" count="1" type="stmt"/>
        <line num="35" count="1" type="stmt"/>
        <line num="36" count="1" type="cond" truecount="1" falsecount="1"/>
        <line num="37" count="1" type="stmt"/>
        <line num="40" count="0" type="stmt"/>
        <line num="45" count="1" type="stmt"/>
        <line num="46" count="1" type="stmt"/>
      </file>
    </package>
    <package name="dist.mocks">
      <metrics statements="39" coveredstatements="29" conditionals="52" coveredconditionals="37" methods="12" coveredmethods="7"/>
      <file name="RequestMock.js" path="C:\Users\ignac\Documents\GitHub\express-typeorm-auth0-base\dist\mocks\RequestMock.js">
        <metrics statements="3" coveredstatements="3" conditionals="11" coveredconditionals="11" methods="1" coveredmethods="1"/>
        <line num="2" count="4" type="stmt"/>
        <line num="3" count="20" type="cond" truecount="1" falsecount="0"/>
        <line num="10" count="4" type="stmt"/>
      </file>
      <file name="ResponseMock.js" path="C:\Users\ignac\Documents\GitHub\express-typeorm-auth0-base\dist\mocks\ResponseMock.js">
        <metrics statements="11" coveredstatements="11" conditionals="7" coveredconditionals="6" methods="2" coveredmethods="2"/>
        <line num="2" count="2" type="cond" truecount="3" falsecount="0"/>
        <line num="3" count="2" type="cond" truecount="3" falsecount="1"/>
        <line num="5" count="2" type="stmt"/>
        <line num="6" count="2" type="stmt"/>
        <line num="7" count="2" type="stmt"/>
        <line num="8" count="16" type="stmt"/>
        <line num="9" count="16" type="stmt"/>
        <line num="10" count="16" type="stmt"/>
        <line num="11" count="16" type="stmt"/>
        <line num="12" count="16" type="stmt"/>
        <line num="14" count="2" type="stmt"/>
      </file>
      <file name="UserMock.js" path="C:\Users\ignac\Documents\GitHub\express-typeorm-auth0-base\dist\mocks\UserMock.js">
        <metrics statements="18" coveredstatements="8" conditionals="27" coveredconditionals="14" methods="7" coveredmethods="2"/>
        <line num="2" count="7" type="cond" truecount="4" falsecount="1"/>
        <line num="3" count="0" type="cond" truecount="0" falsecount="2"/>
        <line num="4" count="0" type="stmt"/>
        <line num="6" count="0" type="cond" truecount="0" falsecount="2"/>
        <line num="7" count="0" type="stmt"/>
        <line num="9" count="7" type="cond" truecount="4" falsecount="1"/>
        <line num="10" count="0" type="stmt"/>
        <line num="12" count="0" type="stmt"/>
        <line num="14" count="7" type="cond" truecount="3" falsecount="0"/>
        <line num="15" count="7" type="cond" truecount="3" falsecount="1"/>
        <line num="16" count="0" type="stmt"/>
        <line num="17" count="0" type="cond" truecount="0" falsecount="6"/>
        <line num="18" count="0" type="stmt"/>
        <line num="19" count="0" type="stmt"/>
        <line num="21" count="7" type="stmt"/>
        <line num="22" count="7" type="stmt"/>
        <line num="23" count="16" type="stmt"/>
        <line num="36" count="7" type="stmt"/>
      </file>
      <file name="photoMock.js" path="C:\Users\ignac\Documents\GitHub\express-typeorm-auth0-base\dist\mocks\photoMock.js">
        <metrics statements="7" coveredstatements="7" conditionals="7" coveredconditionals="6" methods="2" coveredmethods="2"/>
        <line num="2" count="3" type="cond" truecount="3" falsecount="0"/>
        <line num="3" count="6" type="cond" truecount="3" falsecount="1"/>
        <line num="5" count="3" type="stmt"/>
        <line num="6" count="3" type="stmt"/>
        <line num="7" count="3" type="stmt"/>
        <line num="8" count="7" type="stmt"/>
        <line num="18" count="3" type="stmt"/>
      </file>
    </package>
    <package name="dist.providers">
      <metrics statements="39" coveredstatements="25" conditionals="63" coveredconditionals="31" methods="13" coveredmethods="5"/>
      <file name="Config.js" path="C:\Users\ignac\Documents\GitHub\express-typeorm-auth0-base\dist\providers\Config.js">
        <metrics statements="27" coveredstatements="18" conditionals="56" coveredconditionals="25" methods="9" coveredmethods="4"/>
        <line num="2" count="6" type="cond" truecount="4" falsecount="1"/>
        <line num="3" count="108" type="cond" truecount="1" falsecount="1"/>
        <line num="4" count="108" type="stmt"/>
        <line num="6" count="0" type="cond" truecount="0" falsecount="2"/>
        <line num="7" count="0" type="stmt"/>
        <line num="9" count="6" type="cond" truecount="4" falsecount="1"/>
        <line num="10" count="12" type="stmt"/>
        <line num="12" count="0" type="stmt"/>
        <line num="14" count="6" type="cond" truecount="3" falsecount="0"/>
        <line num="15" count="12" type="cond" truecount="3" falsecount="1"/>
        <line num="16" count="12" type="stmt"/>
        <line num="17" count="108" type="cond" truecount="4" falsecount="2"/>
        <line num="18" count="12" type="stmt"/>
        <line num="19" count="12" type="stmt"/>
        <line num="21" count="6" type="cond" truecount="3" falsecount="0"/>
        <line num="22" count="6" type="cond" truecount="3" falsecount="1"/>
        <line num="24" count="6" type="stmt"/>
        <line num="25" count="6" type="stmt"/>
        <line num="26" count="6" type="stmt"/>
        <line num="27" count="6" type="stmt"/>
        <line num="37" count="0" type="cond" truecount="0" falsecount="2"/>
        <line num="38" count="0" type="stmt"/>
        <line num="41" count="0" type="stmt"/>
        <line num="65" count="0" type="stmt"/>
        <line num="72" count="0" type="stmt"/>
        <line num="73" count="0" type="stmt"/>
        <line num="76" count="6" type="stmt"/>
      </file>
      <file name="Database.js" path="C:\Users\ignac\Documents\GitHub\express-typeorm-auth0-base\dist\providers\Database.js">
        <metrics statements="12" coveredstatements="7" conditionals="7" coveredconditionals="6" methods="4" coveredmethods="1"/>
        <line num="2" count="6" type="cond" truecount="3" falsecount="0"/>
        <line num="3" count="12" type="cond" truecount="3" falsecount="1"/>
        <line num="5" count="6" type="stmt"/>
        <line num="6" count="6" type="stmt"/>
        <line num="7" count="6" type="stmt"/>
        <line num="8" count="6" type="stmt"/>
        <line num="14" count="0" type="stmt"/>
        <line num="15" count="0" type="stmt"/>
        <line num="16" count="0" type="stmt"/>
        <line num="29" count="0" type="stmt"/>
        <line num="32" count="0" type="stmt"/>
        <line num="35" count="6" type="stmt"/>
      </file>
    </package>
    <package name="dist.repositories">
      <metrics statements="20" coveredstatements="14" conditionals="16" coveredconditionals="12" methods="7" coveredmethods="2"/>
      <file name="PhotoRepository.js" path="C:\Users\ignac\Documents\GitHub\express-typeorm-auth0-base\dist\repositories\PhotoRepository.js">
        <metrics statements="11" coveredstatements="7" conditionals="9" coveredconditionals="6" methods="3" coveredmethods="1"/>
        <line num="2" count="2" type="cond" truecount="3" falsecount="0"/>
        <line num="3" count="4" type="cond" truecount="3" falsecount="1"/>
        <line num="5" count="2" type="stmt"/>
        <line num="6" count="2" type="stmt"/>
        <line num="7" count="2" type="stmt"/>
        <line num="11" count="2" type="stmt"/>
        <line num="14" count="0" type="stmt"/>
        <line num="15" count="0" type="cond" truecount="0" falsecount="2"/>
        <line num="16" count="0" type="stmt"/>
        <line num="17" count="0" type="stmt"/>
        <line num="23" count="2" type="stmt"/>
      </file>
      <file name="UserRepository.js" path="C:\Users\ignac\Documents\GitHub\express-typeorm-auth0-base\dist\repositories\UserRepository.js">
        <metrics statements="9" coveredstatements="7" conditionals="7" coveredconditionals="6" methods="4" coveredmethods="1"/>
        <line num="2" count="4" type="cond" truecount="3" falsecount="0"/>
        <line num="3" count="8" type="cond" truecount="3" falsecount="1"/>
        <line num="5" count="4" type="stmt"/>
        <line num="6" count="4" type="stmt"/>
        <line num="7" count="4" type="stmt"/>
        <line num="11" count="4" type="stmt"/>
        <line num="14" count="0" type="stmt"/>
        <line num="17" count="0" type="stmt"/>
        <line num="20" count="4" type="stmt"/>
      </file>
    </package>
    <package name="dist.services">
      <metrics statements="38" coveredstatements="36" conditionals="22" coveredconditionals="20" methods="14" coveredmethods="12"/>
      <file name="PhotoService.js" path="C:\Users\ignac\Documents\GitHub\express-typeorm-auth0-base\dist\services\PhotoService.js">
        <metrics statements="19" coveredstatements="18" conditionals="11" coveredconditionals="10" methods="7" coveredmethods="6"/>
        <line num="2" count="2" type="cond" truecount="3" falsecount="0"/>
        <line num="3" count="4" type="cond" truecount="3" falsecount="1"/>
        <line num="5" count="2" type="stmt"/>
        <line num="6" count="2" type="stmt"/>
        <line num="7" count="2" type="stmt"/>
        <line num="17" count="0" type="stmt"/>
        <line num="24" count="2" type="stmt"/>
        <line num="32" count="2" type="stmt"/>
        <line num="33" count="2" type="cond" truecount="2" falsecount="0"/>
        <line num="34" count="1" type="stmt"/>
        <line num="36" count="1" type="stmt"/>
        <line num="44" count="2" type="stmt"/>
        <line num="45" count="2" type="stmt"/>
        <line num="57" count="2" type="stmt"/>
        <line num="58" count="1" type="stmt"/>
        <line num="69" count="2" type="stmt"/>
        <line num="70" count="2" type="cond" truecount="2" falsecount="0"/>
        <line num="71" count="1" type="stmt"/>
        <line num="75" count="2" type="stmt"/>
      </file>
      <file name="UserService.js" path="C:\Users\ignac\Documents\GitHub\express-typeorm-auth0-base\dist\services\UserService.js">
        <metrics statements="19" coveredstatements="18" conditionals="11" coveredconditionals="10" methods="7" coveredmethods="6"/>
        <line num="2" count="4" type="cond" truecount="3" falsecount="0"/>
        <line num="3" count="8" type="cond" truecount="3" falsecount="1"/>
        <line num="5" count="4" type="stmt"/>
        <line num="6" count="4" type="stmt"/>
        <line num="7" count="4" type="stmt"/>
        <line num="17" count="0" type="stmt"/>
        <line num="24" count="4" type="stmt"/>
        <line num="31" count="4" type="stmt"/>
        <line num="32" count="4" type="cond" truecount="2" falsecount="0"/>
        <line num="33" count="2" type="stmt"/>
        <line num="35" count="2" type="stmt"/>
        <line num="43" count="2" type="stmt"/>
        <line num="52" count="2" type="stmt"/>
        <line num="53" count="1" type="stmt"/>
        <line num="54" count="1" type="stmt"/>
        <line num="65" count="2" type="stmt"/>
        <line num="66" count="2" type="cond" truecount="2" falsecount="0"/>
        <line num="67" count="1" type="stmt"/>
        <line num="71" count="4" type="stmt"/>
      </file>
    </package>
    <package name="dist.types">
      <metrics statements="4" coveredstatements="4" conditionals="0" coveredconditionals="0" methods="1" coveredmethods="1"/>
      <file name="IEntityWithFactoryMethod.js" path="C:\Users\ignac\Documents\GitHub\express-typeorm-auth0-base\dist\types\IEntityWithFactoryMethod.js">
        <metrics statements="4" coveredstatements="4" conditionals="0" coveredconditionals="0" methods="1" coveredmethods="1"/>
        <line num="2" count="8" type="stmt"/>
        <line num="3" count="8" type="stmt"/>
        <line num="6" count="23" type="stmt"/>
        <line num="9" count="8" type="stmt"/>
      </file>
    </package>
    <package name="dist.utils">
      <metrics statements="9" coveredstatements="9" conditionals="0" coveredconditionals="0" methods="4" coveredmethods="2"/>
      <file name="Log.js" path="C:\Users\ignac\Documents\GitHub\express-typeorm-auth0-base\dist\utils\Log.js">
        <metrics statements="9" coveredstatements="9" conditionals="0" coveredconditionals="0" methods="4" coveredmethods="2"/>
        <line num="2" count="6" type="stmt"/>
        <line num="6" count="6" type="stmt"/>
        <line num="8" count="6" type="stmt"/>
        <line num="9" count="6" type="stmt"/>
        <line num="10" count="6" type="stmt"/>
        <line num="12" count="6" type="stmt"/>
        <line num="13" count="6" type="stmt"/>
        <line num="14" count="6" type="stmt"/>
        <line num="16" count="6" type="stmt"/>
      </file>
    </package>
    <package name="dist.validators.User">
      <metrics statements="18" coveredstatements="9" conditionals="28" coveredconditionals="8" methods="3" coveredmethods="1"/>
      <file name="UserPasswordValidator.js" path="C:\Users\ignac\Documents\GitHub\express-typeorm-auth0-base\dist\validators\User\UserPasswordValidator.js">
        <metrics statements="18" coveredstatements="9" conditionals="28" coveredconditionals="8" methods="3" coveredmethods="1"/>
        <line num="2" count="8" type="cond" truecount="3" falsecount="0"/>
        <line num="3" count="8" type="cond" truecount="1" falsecount="3"/>
        <line num="4" count="8" type="cond" truecount="3" falsecount="1"/>
        <line num="5" count="0" type="cond" truecount="0" falsecount="8"/>
        <line num="6" count="8" type="cond" truecount="1" falsecount="2"/>
        <line num="8" count="8" type="stmt"/>
        <line num="10" count="8" type="stmt"/>
        <line num="11" count="8" type="stmt"/>
        <line num="13" count="0" type="stmt"/>
        <line num="14" count="0" type="stmt"/>
        <line num="15" count="0" type="stmt"/>
        <line num="16" count="0" type="stmt"/>
        <line num="17" count="0" type="stmt"/>
        <line num="18" count="0" type="stmt"/>
        <line num="19" count="0" type="cond" truecount="0" falsecount="6"/>
        <line num="27" count="0" type="stmt"/>
        <line num="30" count="8" type="stmt"/>
        <line num="36" count="8" type="stmt"/>
      </file>
    </package>
    <package name="src.controllers">
      <metrics statements="37" coveredstatements="37" conditionals="4" coveredconditionals="2" methods="10" coveredmethods="10"/>
      <file name="PhotoController.ts" path="C:\Users\ignac\Documents\GitHub\express-typeorm-auth0-base\src\controllers\PhotoController.ts">
        <metrics statements="19" coveredstatements="19" conditionals="2" coveredconditionals="1" methods="5" coveredmethods="5"/>
        <line num="2" count="1" type="stmt"/>
        <line num="5" count="1" type="stmt"/>
        <line num="39" count="8" type="stmt"/>
        <line num="40" count="8" type="stmt"/>
        <line num="49" count="8" type="stmt"/>
        <line num="52" count="2" type="stmt"/>
        <line num="53" count="2" type="stmt"/>
        <line num="59" count="1" type="stmt"/>
        <line num="68" count="8" type="stmt"/>
        <line num="71" count="2" type="stmt"/>
        <line num="73" count="1" type="stmt"/>
        <line num="82" count="8" type="stmt"/>
        <line num="85" count="2" type="stmt"/>
        <line num="86" count="2" type="stmt"/>
        <line num="90" count="1" type="stmt"/>
        <line num="99" count="8" type="stmt"/>
        <line num="102" count="2" type="stmt"/>
        <line num="103" count="1" type="stmt"/>
        <line num="107" count="1" type="stmt"/>
      </file>
      <file name="UserController.ts" path="C:\Users\ignac\Documents\GitHub\express-typeorm-auth0-base\src\controllers\UserController.ts">
        <metrics statements="18" coveredstatements="18" conditionals="2" coveredconditionals="1" methods="5" coveredmethods="5"/>
        <line num="2" count="1" type="stmt"/>
        <line num="5" count="1" type="stmt"/>
        <line num="38" count="8" type="stmt"/>
        <line num="39" count="8" type="stmt"/>
        <line num="48" count="8" type="stmt"/>
        <line num="51" count="2" type="stmt"/>
        <line num="55" count="1" type="stmt"/>
        <line num="66" count="8" type="stmt"/>
        <line num="69" count="2" type="stmt"/>
        <line num="71" count="1" type="stmt"/>
        <line num="82" count="8" type="stmt"/>
        <line num="85" count="2" type="stmt"/>
        <line num="86" count="2" type="stmt"/>
        <line num="90" count="1" type="stmt"/>
        <line num="101" count="8" type="stmt"/>
        <line num="104" count="2" type="stmt"/>
        <line num="105" count="1" type="stmt"/>
        <line num="109" count="1" type="stmt"/>
      </file>
    </package>
    <package name="src.entities">
      <metrics statements="41" coveredstatements="38" conditionals="2" coveredconditionals="2" methods="5" coveredmethods="1"/>
      <file name="Photo.ts" path="C:\Users\ignac\Documents\GitHub\express-typeorm-auth0-base\src\entities\Photo.ts">
        <metrics statements="13" coveredstatements="12" conditionals="0" coveredconditionals="0" methods="2" coveredmethods="0"/>
        <line num="1" count="8" type="stmt"/>
        <line num="9" count="8" type="stmt"/>
        <line num="10" count="8" type="stmt"/>
        <line num="13" count="8" type="stmt"/>
        <line num="15" count="8" type="stmt"/>
        <line num="18" count="8" type="stmt"/>
        <line num="21" count="8" type="stmt"/>
        <line num="24" count="8" type="stmt"/>
        <line num="27" count="8" type="stmt"/>
        <line num="30" count="8" type="stmt"/>
        <line num="33" count="8" type="stmt"/>
        <line num="36" count="0" type="stmt"/>
        <line num="38" count="8" type="stmt"/>
      </file>
      <file name="User.ts" path="C:\Users\ignac\Documents\GitHub\express-typeorm-auth0-base\src\entities\User.ts">
        <metrics statements="28" coveredstatements="26" conditionals="2" coveredconditionals="2" methods="3" coveredmethods="1"/>
        <line num="1" count="8" type="stmt"/>
        <line num="10" count="8" type="stmt"/>
        <line num="14" count="8" type="stmt"/>
        <line num="15" count="8" type="stmt"/>
        <line num="16" count="8" type="stmt"/>
        <line num="18" count="8" type="cond" truecount="2" falsecount="0"/>
        <line num="19" count="8" type="stmt"/>
        <line num="20" count="8" type="stmt"/>
        <line num="21" count="8" type="stmt"/>
        <line num="22" count="8" type="stmt"/>
        <line num="23" count="8" type="stmt"/>
        <line num="24" count="8" type="stmt"/>
        <line num="25" count="8" type="stmt"/>
        <line num="29" count="8" type="stmt"/>
        <line num="31" count="8" type="stmt"/>
        <line num="38" count="8" type="stmt"/>
        <line num="41" count="8" type="stmt"/>
        <line num="44" count="8" type="stmt"/>
        <line num="51" count="8" type="stmt"/>
        <line num="54" count="8" type="stmt"/>
        <line num="60" count="8" type="stmt"/>
        <line num="66" count="8" type="stmt"/>
        <line num="74" count="8" type="stmt"/>
        <line num="80" count="8" type="stmt"/>
        <line num="83" count="0" type="stmt"/>
        <line num="84" count="0" type="stmt"/>
        <line num="90" count="8" type="stmt"/>
        <line num="96" count="8" type="stmt"/>
      </file>
    </package>
    <package name="src.exceptions">
      <metrics statements="13" coveredstatements="13" conditionals="8" coveredconditionals="8" methods="4" coveredmethods="4"/>
      <file name="HttpException.ts" path="C:\Users\ignac\Documents\GitHub\express-typeorm-auth0-base\src\exceptions\HttpException.ts">
        <metrics statements="4" coveredstatements="4" conditionals="2" coveredconditionals="2" methods="1" coveredmethods="1"/>
        <line num="4" count="10" type="stmt"/>
        <line num="12" count="23" type="stmt"/>
        <line num="13" count="23" type="stmt"/>
        <line num="14" count="23" type="stmt"/>
      </file>
      <file name="NotAuthenticatedException.ts" path="C:\Users\ignac\Documents\GitHub\express-typeorm-auth0-base\src\exceptions\NotAuthenticatedException.ts">
        <metrics statements="3" coveredstatements="3" conditionals="2" coveredconditionals="2" methods="1" coveredmethods="1"/>
        <line num="1" count="2" type="stmt"/>
        <line num="6" count="2" type="stmt"/>
        <line num="8" count="4" type="stmt"/>
      </file>
      <file name="NotAuthorizedException.ts" path="C:\Users\ignac\Documents\GitHub\express-typeorm-auth0-base\src\exceptions\NotAuthorizedException.ts">
        <metrics statements="3" coveredstatements="3" conditionals="2" coveredconditionals="2" methods="1" coveredmethods="1"/>
        <line num="1" count="2" type="stmt"/>
        <line num="3" count="2" type="stmt"/>
        <line num="5" count="2" type="stmt"/>
      </file>
      <file name="NotFoundException.ts" path="C:\Users\ignac\Documents\GitHub\express-typeorm-auth0-base\src\exceptions\NotFoundException.ts">
        <metrics statements="3" coveredstatements="3" conditionals="2" coveredconditionals="2" methods="1" coveredmethods="1"/>
        <line num="1" count="7" type="stmt"/>
        <line num="6" count="7" type="stmt"/>
        <line num="8" count="14" type="stmt"/>
      </file>
    </package>
    <package name="src.mappers">
      <metrics statements="5" coveredstatements="5" conditionals="2" coveredconditionals="1" methods="3" coveredmethods="3"/>
      <file name="PhotoMapper.ts" path="C:\Users\ignac\Documents\GitHub\express-typeorm-auth0-base\src\mappers\PhotoMapper.ts">
        <metrics statements="2" coveredstatements="2" conditionals="0" coveredconditionals="0" methods="1" coveredmethods="1"/>
        <line num="18" count="2" type="stmt"/>
        <line num="20" count="7" type="stmt"/>
      </file>
      <file name="UserMapper.ts" path="C:\Users\ignac\Documents\GitHub\express-typeorm-auth0-base\src\mappers\UserMapper.ts">
        <metrics statements="3" coveredstatements="3" conditionals="2" coveredconditionals="1" methods="2" coveredmethods="2"/>
        <line num="20" count="2" type="stmt"/>
        <line num="22" count="7" type="stmt"/>
        <line num="31" count="14" type="stmt"/>
      </file>
    </package>
    <package name="src.middlewares">
      <metrics statements="32" coveredstatements="30" conditionals="10" coveredconditionals="9" methods="6" coveredmethods="6"/>
      <file name="Authentication.ts" path="C:\Users\ignac\Documents\GitHub\express-typeorm-auth0-base\src\middlewares\Authentication.ts">
        <metrics statements="18" coveredstatements="17" conditionals="5" coveredconditionals="5" methods="3" coveredmethods="3"/>
        <line num="5" count="1" type="stmt"/>
        <line num="8" count="1" type="stmt"/>
        <line num="9" count="1" type="stmt"/>
        <line num="10" count="1" type="stmt"/>
        <line num="17" count="1" type="stmt"/>
        <line num="18" count="1" type="stmt"/>
        <line num="34" count="4" type="cond" truecount="2" falsecount="0"/>
        <line num="35" count="4" type="stmt"/>
        <line num="39" count="3" type="stmt"/>
        <line num="43" count="3" type="cond" truecount="1" falsecount="0"/>
        <line num="45" count="2" type="stmt"/>
        <line num="46" count="2" type="stmt"/>
        <line num="51" count="1" type="stmt"/>
        <line num="52" count="1" type="stmt"/>
        <line num="54" count="1" type="stmt"/>
        <line num="57" count="1" type="cond" truecount="1" falsecount="0"/>
        <line num="59" count="0" type="stmt"/>
        <line num="65" count="1" type="stmt"/>
      </file>
      <file name="Authorization.ts" path="C:\Users\ignac\Documents\GitHub\express-typeorm-auth0-base\src\middlewares\Authorization.ts">
        <metrics statements="14" coveredstatements="13" conditionals="5" coveredconditionals="4" methods="3" coveredmethods="3"/>
        <line num="5" count="1" type="stmt"/>
        <line num="8" count="1" type="stmt"/>
        <line num="9" count="1" type="stmt"/>
        <line num="10" count="1" type="stmt"/>
        <line num="18" count="1" type="stmt"/>
        <line num="19" count="1" type="stmt"/>
        <line num="35" count="2" type="cond" truecount="2" falsecount="0"/>
        <line num="36" count="2" type="stmt"/>
        <line num="40" count="1" type="stmt"/>
        <line num="43" count="1" type="stmt"/>
        <line num="45" count="1" type="cond" truecount="1" falsecount="1"/>
        <line num="46" count="1" type="stmt"/>
        <line num="48" count="0" type="stmt"/>
        <line num="54" count="1" type="stmt"/>
      </file>
    </package>
    <package name="src.mocks">
      <metrics statements="17" coveredstatements="17" conditionals="11" coveredconditionals="11" methods="4" coveredmethods="4"/>
      <file name="PhotoMock.ts" path="C:\Users\ignac\Documents\GitHub\express-typeorm-auth0-base\src\mocks\PhotoMock.ts">
        <metrics statements="4" coveredstatements="4" conditionals="0" coveredconditionals="0" methods="1" coveredmethods="1"/>
        <line num="1" count="3" type="stmt"/>
        <line num="2" count="3" type="stmt"/>
        <line num="4" count="7" type="stmt"/>
        <line num="15" count="3" type="stmt"/>
      </file>
      <file name="RequestMock.ts" path="C:\Users\ignac\Documents\GitHub\express-typeorm-auth0-base\src\mocks\RequestMock.ts">
        <metrics statements="2" coveredstatements="2" conditionals="11" coveredconditionals="11" methods="1" coveredmethods="1"/>
        <line num="11" count="20" type="cond" truecount="1" falsecount="0"/>
        <line num="19" count="4" type="stmt"/>
      </file>
      <file name="ResponseMock.ts" path="C:\Users\ignac\Documents\GitHub\express-typeorm-auth0-base\src\mocks\ResponseMock.ts">
        <metrics statements="8" coveredstatements="8" conditionals="0" coveredconditionals="0" methods="1" coveredmethods="1"/>
        <line num="1" count="2" type="stmt"/>
        <line num="3" count="2" type="stmt"/>
        <line num="4" count="16" type="stmt"/>
        <line num="6" count="16" type="stmt"/>
        <line num="7" count="16" type="stmt"/>
        <line num="8" count="16" type="stmt"/>
        <line num="9" count="16" type="stmt"/>
        <line num="12" count="2" type="stmt"/>
      </file>
      <file name="UserMock.ts" path="C:\Users\ignac\Documents\GitHub\express-typeorm-auth0-base\src\mocks\UserMock.ts">
        <metrics statements="3" coveredstatements="3" conditionals="0" coveredconditionals="0" methods="1" coveredmethods="1"/>
        <line num="1" count="7" type="stmt"/>
        <line num="4" count="16" type="stmt"/>
        <line num="18" count="7" type="stmt"/>
      </file>
    </package>
    <package name="src.providers">
      <metrics statements="19" coveredstatements="8" conditionals="21" coveredconditionals="0" methods="5" coveredmethods="0"/>
      <file name="Config.ts" path="C:\Users\ignac\Documents\GitHub\express-typeorm-auth0-base\src\providers\Config.ts">
        <metrics statements="10" coveredstatements="4" conditionals="21" coveredconditionals="0" methods="2" coveredmethods="0"/>
        <line num="1" count="6" type="stmt"/>
        <line num="2" count="6" type="stmt"/>
        <line num="5" count="6" type="stmt"/>
        <line num="37" count="0" type="cond" truecount="0" falsecount="1"/>
        <line num="38" count="0" type="stmt"/>
        <line num="43" count="0" type="stmt"/>
        <line num="68" count="0" type="stmt"/>
        <line num="76" count="0" type="stmt"/>
        <line num="77" count="0" type="stmt"/>
        <line num="81" count="6" type="stmt"/>
      </file>
      <file name="Database.ts" path="C:\Users\ignac\Documents\GitHub\express-typeorm-auth0-base\src\providers\Database.ts">
        <metrics statements="9" coveredstatements="4" conditionals="0" coveredconditionals="0" methods="3" coveredmethods="0"/>
        <line num="1" count="6" type="stmt"/>
        <line num="5" count="6" type="stmt"/>
        <line num="6" count="6" type="stmt"/>
        <line num="13" count="0" type="stmt"/>
        <line num="22" count="0" type="stmt"/>
        <line num="24" count="0" type="stmt"/>
        <line num="37" count="0" type="stmt"/>
        <line num="41" count="0" type="stmt"/>
        <line num="45" count="6" type="stmt"/>
      </file>
    </package>
    <package name="src.repositories">
      <metrics statements="13" coveredstatements="8" conditionals="1" coveredconditionals="0" methods="5" coveredmethods="0"/>
      <file name="PhotoRepository.ts" path="C:\Users\ignac\Documents\GitHub\express-typeorm-auth0-base\src\repositories\PhotoRepository.ts">
        <metrics statements="7" coveredstatements="4" conditionals="1" coveredconditionals="0" methods="2" coveredmethods="0"/>
        <line num="1" count="2" type="stmt"/>
        <line num="2" count="2" type="stmt"/>
        <line num="12" count="2" type="stmt"/>
        <line num="17" count="0" type="stmt"/>
        <line num="19" count="0" type="cond" truecount="0" falsecount="1"/>
        <line num="20" count="0" type="stmt"/>
        <line num="27" count="2" type="stmt"/>
      </file>
      <file name="UserRepository.ts" path="C:\Users\ignac\Documents\GitHub\express-typeorm-auth0-base\src\repositories\UserRepository.ts">
        <metrics statements="6" coveredstatements="4" conditionals="0" coveredconditionals="0" methods="3" coveredmethods="0"/>
        <line num="2" count="4" type="stmt"/>
        <line num="3" count="4" type="stmt"/>
        <line num="8" count="4" type="stmt"/>
        <line num="11" count="0" type="stmt"/>
        <line num="15" count="0" type="stmt"/>
        <line num="19" count="4" type="stmt"/>
      </file>
    </package>
    <package name="src.services">
      <metrics statements="34" coveredstatements="32" conditionals="4" coveredconditionals="4" methods="12" coveredmethods="10"/>
      <file name="PhotoService.ts" path="C:\Users\ignac\Documents\GitHub\express-typeorm-auth0-base\src\services\PhotoService.ts">
        <metrics statements="17" coveredstatements="16" conditionals="2" coveredconditionals="2" methods="6" coveredmethods="5"/>
        <line num="3" count="2" type="stmt"/>
        <line num="7" count="2" type="stmt"/>
        <line num="13" count="2" type="stmt"/>
        <line num="19" count="0" type="stmt"/>
        <line num="27" count="2" type="stmt"/>
        <line num="29" count="2" type="stmt"/>
        <line num="40" count="2" type="stmt"/>
        <line num="44" count="2" type="cond" truecount="1" falsecount="0"/>
        <line num="45" count="1" type="stmt"/>
        <line num="49" count="1" type="stmt"/>
        <line num="58" count="2" type="stmt"/>
        <line num="60" count="2" type="stmt"/>
        <line num="75" count="2" type="stmt"/>
        <line num="79" count="1" type="stmt"/>
        <line num="91" count="2" type="stmt"/>
        <line num="93" count="2" type="cond" truecount="1" falsecount="0"/>
        <line num="94" count="1" type="stmt"/>
      </file>
      <file name="UserService.ts" path="C:\Users\ignac\Documents\GitHub\express-typeorm-auth0-base\src\services\UserService.ts">
        <metrics statements="17" coveredstatements="16" conditionals="2" coveredconditionals="2" methods="6" coveredmethods="5"/>
        <line num="4" count="4" type="stmt"/>
        <line num="8" count="4" type="stmt"/>
        <line num="13" count="4" type="stmt"/>
        <line num="19" count="0" type="stmt"/>
        <line num="27" count="4" type="stmt"/>
        <line num="29" count="3" type="stmt"/>
        <line num="40" count="4" type="stmt"/>
        <line num="42" count="4" type="cond" truecount="1" falsecount="0"/>
        <line num="43" count="2" type="stmt"/>
        <line num="48" count="2" type="stmt"/>
        <line num="57" count="2" type="stmt"/>
        <line num="69" count="2" type="stmt"/>
        <line num="72" count="1" type="stmt"/>
        <line num="74" count="1" type="stmt"/>
        <line num="86" count="2" type="stmt"/>
        <line num="88" count="2" type="cond" truecount="1" falsecount="0"/>
        <line num="89" count="1" type="stmt"/>
      </file>
    </package>
    <package name="src.types">
      <metrics statements="3" coveredstatements="3" conditionals="0" coveredconditionals="0" methods="1" coveredmethods="1"/>
      <file name="IEntityWithFactoryMethod.ts" path="C:\Users\ignac\Documents\GitHub\express-typeorm-auth0-base\src\types\IEntityWithFactoryMethod.ts">
        <metrics statements="3" coveredstatements="3" conditionals="0" coveredconditionals="0" methods="1" coveredmethods="1"/>
        <line num="1" count="8" type="stmt"/>
        <line num="5" count="8" type="stmt"/>
        <line num="9" count="23" type="stmt"/>
      </file>
    </package>
    <package name="src.utils">
      <metrics statements="8" coveredstatements="8" conditionals="0" coveredconditionals="0" methods="4" coveredmethods="2"/>
      <file name="Log.ts" path="C:\Users\ignac\Documents\GitHub\express-typeorm-auth0-base\src\utils\Log.ts">
        <metrics statements="8" coveredstatements="8" conditionals="0" coveredconditionals="0" methods="4" coveredmethods="2"/>
        <line num="5" count="6" type="stmt"/>
        <line num="8" count="6" type="stmt"/>
        <line num="9" count="6" type="stmt"/>
        <line num="11" count="6" type="stmt"/>
        <line num="14" count="6" type="stmt"/>
        <line num="16" count="6" type="stmt"/>
        <line num="18" count="6" type="stmt"/>
        <line num="21" count="6" type="stmt"/>
      </file>
    </package>
    <package name="src.validators.User">
      <metrics statements="10" coveredstatements="2" conditionals="6" coveredconditionals="0" methods="2" coveredmethods="0"/>
      <file name="UserPasswordValidator.ts" path="C:\Users\ignac\Documents\GitHub\express-typeorm-auth0-base\src\validators\User\UserPasswordValidator.ts">
        <metrics statements="10" coveredstatements="2" conditionals="6" coveredconditionals="0" methods="2" coveredmethods="0"/>
        <line num="2" count="8" type="stmt"/>
        <line num="11" count="8" type="stmt"/>
        <line num="13" count="0" type="stmt"/>
        <line num="14" count="0" type="stmt"/>
        <line num="15" count="0" type="stmt"/>
        <line num="16" count="0" type="stmt"/>
        <line num="17" count="0" type="stmt"/>
        <line num="18" count="0" type="stmt"/>
        <line num="20" count="0" type="cond" truecount="0" falsecount="6"/>
        <line num="29" count="0" type="stmt"/>
      </file>
    </package>
  </project>
</coverage>
