{"C:\\Users\\ignac\\Documents\\GitHub\\express-typeorm-auth0-base\\dist\\controllers\\PhotoController.js": {"path":"C:\\Users\\ignac\\Documents\\GitHub\\express-typeorm-auth0-base\\dist\\controllers\\PhotoController.js","statementMap":{"0":{"start":{"line":2,"column":22},"end":{"line":4,"column":1}},"1":{"start":{"line":3,"column":4},"end":{"line":3,"column":62}},"2":{"start":{"line":5,"column":0},"end":{"line":5,"column":62}},"3":{"start":{"line":6,"column":23},"end":{"line":6,"column":75}},"4":{"start":{"line":7,"column":22},"end":{"line":7,"column":55}},"5":{"start":{"line":28,"column":8},"end":{"line":28,"column":41}},"6":{"start":{"line":29,"column":8},"end":{"line":29,"column":39}},"7":{"start":{"line":37,"column":14},"end":{"line":41,"column":5}},"8":{"start":{"line":38,"column":31},"end":{"line":38,"column":40}},"9":{"start":{"line":39,"column":22},"end":{"line":39,"column":122}},"10":{"start":{"line":40,"column":8},"end":{"line":40,"column":70}},"11":{"start":{"line":48,"column":13},"end":{"line":51,"column":5}},"12":{"start":{"line":49,"column":22},"end":{"line":49,"column":62}},"13":{"start":{"line":50,"column":8},"end":{"line":50,"column":70}},"14":{"start":{"line":58,"column":17},"end":{"line":62,"column":5}},"15":{"start":{"line":59,"column":35},"end":{"line":59,"column":43}},"16":{"start":{"line":60,"column":22},"end":{"line":60,"column":99}},"17":{"start":{"line":61,"column":8},"end":{"line":61,"column":70}},"18":{"start":{"line":69,"column":17},"end":{"line":72,"column":5}},"19":{"start":{"line":70,"column":8},"end":{"line":70,"column":66}},"20":{"start":{"line":71,"column":8},"end":{"line":71,"column":28}},"21":{"start":{"line":74,"column":0},"end":{"line":74,"column":34}}},"fnMap":{"0":{"name":"(anonymous_0)","decl":{"start":{"line":2,"column":56},"end":{"line":2,"column":57}},"loc":{"start":{"line":2,"column":71},"end":{"line":4,"column":1}},"line":2},"1":{"name":"(anonymous_1)","decl":{"start":{"line":27,"column":4},"end":{"line":27,"column":5}},"loc":{"start":{"line":27,"column":108},"end":{"line":30,"column":5}},"line":27},"2":{"name":"(anonymous_2)","decl":{"start":{"line":37,"column":14},"end":{"line":37,"column":15}},"loc":{"start":{"line":37,"column":34},"end":{"line":41,"column":5}},"line":37},"3":{"name":"(anonymous_3)","decl":{"start":{"line":48,"column":13},"end":{"line":48,"column":14}},"loc":{"start":{"line":48,"column":33},"end":{"line":51,"column":5}},"line":48},"4":{"name":"(anonymous_4)","decl":{"start":{"line":58,"column":17},"end":{"line":58,"column":18}},"loc":{"start":{"line":58,"column":37},"end":{"line":62,"column":5}},"line":58},"5":{"name":"(anonymous_5)","decl":{"start":{"line":69,"column":17},"end":{"line":69,"column":18}},"loc":{"start":{"line":69,"column":37},"end":{"line":72,"column":5}},"line":69}},"branchMap":{"0":{"loc":{"start":{"line":2,"column":22},"end":{"line":4,"column":1}},"type":"binary-expr","locations":[{"start":{"line":2,"column":23},"end":{"line":2,"column":27}},{"start":{"line":2,"column":31},"end":{"line":2,"column":51}},{"start":{"line":2,"column":56},"end":{"line":4,"column":1}}],"line":2},"1":{"loc":{"start":{"line":3,"column":11},"end":{"line":3,"column":61}},"type":"cond-expr","locations":[{"start":{"line":3,"column":37},"end":{"line":3,"column":40}},{"start":{"line":3,"column":43},"end":{"line":3,"column":61}}],"line":3},"2":{"loc":{"start":{"line":3,"column":12},"end":{"line":3,"column":33}},"type":"binary-expr","locations":[{"start":{"line":3,"column":12},"end":{"line":3,"column":15}},{"start":{"line":3,"column":19},"end":{"line":3,"column":33}}],"line":3},"3":{"loc":{"start":{"line":27,"column":16},"end":{"line":27,"column":59}},"type":"default-arg","locations":[{"start":{"line":27,"column":31},"end":{"line":27,"column":59}}],"line":27},"4":{"loc":{"start":{"line":27,"column":61},"end":{"line":27,"column":106}},"type":"default-arg","locations":[{"start":{"line":27,"column":75},"end":{"line":27,"column":106}}],"line":27}},"s":{"0":1,"1":1,"2":1,"3":1,"4":1,"5":8,"6":8,"7":8,"8":2,"9":2,"10":1,"11":8,"12":2,"13":1,"14":8,"15":2,"16":2,"17":1,"18":8,"19":2,"20":1,"21":1},"f":{"0":1,"1":8,"2":2,"3":2,"4":2,"5":2},"b":{"0":[1,1,1],"1":[1,0],"2":[1,1],"3":[0],"4":[8]},"inputSourceMap":null,"_coverageSchema":"1a1c01bbd47fc00a2c39e90264f33305004495a9","hash":"248f3c5466dd4489fba3c5a0ba93fafbd805130c"}
,"C:\\Users\\ignac\\Documents\\GitHub\\express-typeorm-auth0-base\\dist\\controllers\\UserController.js": {"path":"C:\\Users\\ignac\\Documents\\GitHub\\express-typeorm-auth0-base\\dist\\controllers\\UserController.js","statementMap":{"0":{"start":{"line":2,"column":22},"end":{"line":4,"column":1}},"1":{"start":{"line":3,"column":4},"end":{"line":3,"column":62}},"2":{"start":{"line":5,"column":0},"end":{"line":5,"column":62}},"3":{"start":{"line":6,"column":22},"end":{"line":6,"column":73}},"4":{"start":{"line":7,"column":21},"end":{"line":7,"column":53}},"5":{"start":{"line":28,"column":8},"end":{"line":28,"column":39}},"6":{"start":{"line":29,"column":8},"end":{"line":29,"column":37}},"7":{"start":{"line":37,"column":14},"end":{"line":42,"column":5}},"8":{"start":{"line":38,"column":21},"end":{"line":38,"column":81}},"9":{"start":{"line":39,"column":8},"end":{"line":41,"column":11}},"10":{"start":{"line":49,"column":13},"end":{"line":54,"column":5}},"11":{"start":{"line":50,"column":21},"end":{"line":50,"column":60}},"12":{"start":{"line":51,"column":8},"end":{"line":53,"column":11}},"13":{"start":{"line":61,"column":17},"end":{"line":67,"column":5}},"14":{"start":{"line":62,"column":34},"end":{"line":62,"column":42}},"15":{"start":{"line":63,"column":21},"end":{"line":63,"column":96}},"16":{"start":{"line":64,"column":8},"end":{"line":66,"column":11}},"17":{"start":{"line":74,"column":17},"end":{"line":77,"column":5}},"18":{"start":{"line":75,"column":8},"end":{"line":75,"column":65}},"19":{"start":{"line":76,"column":8},"end":{"line":76,"column":28}},"20":{"start":{"line":79,"column":0},"end":{"line":79,"column":33}}},"fnMap":{"0":{"name":"(anonymous_0)","decl":{"start":{"line":2,"column":56},"end":{"line":2,"column":57}},"loc":{"start":{"line":2,"column":71},"end":{"line":4,"column":1}},"line":2},"1":{"name":"(anonymous_1)","decl":{"start":{"line":27,"column":4},"end":{"line":27,"column":5}},"loc":{"start":{"line":27,"column":103},"end":{"line":30,"column":5}},"line":27},"2":{"name":"(anonymous_2)","decl":{"start":{"line":37,"column":14},"end":{"line":37,"column":15}},"loc":{"start":{"line":37,"column":34},"end":{"line":42,"column":5}},"line":37},"3":{"name":"(anonymous_3)","decl":{"start":{"line":49,"column":13},"end":{"line":49,"column":14}},"loc":{"start":{"line":49,"column":33},"end":{"line":54,"column":5}},"line":49},"4":{"name":"(anonymous_4)","decl":{"start":{"line":61,"column":17},"end":{"line":61,"column":18}},"loc":{"start":{"line":61,"column":37},"end":{"line":67,"column":5}},"line":61},"5":{"name":"(anonymous_5)","decl":{"start":{"line":74,"column":17},"end":{"line":74,"column":18}},"loc":{"start":{"line":74,"column":37},"end":{"line":77,"column":5}},"line":74}},"branchMap":{"0":{"loc":{"start":{"line":2,"column":22},"end":{"line":4,"column":1}},"type":"binary-expr","locations":[{"start":{"line":2,"column":23},"end":{"line":2,"column":27}},{"start":{"line":2,"column":31},"end":{"line":2,"column":51}},{"start":{"line":2,"column":56},"end":{"line":4,"column":1}}],"line":2},"1":{"loc":{"start":{"line":3,"column":11},"end":{"line":3,"column":61}},"type":"cond-expr","locations":[{"start":{"line":3,"column":37},"end":{"line":3,"column":40}},{"start":{"line":3,"column":43},"end":{"line":3,"column":61}}],"line":3},"2":{"loc":{"start":{"line":3,"column":12},"end":{"line":3,"column":33}},"type":"binary-expr","locations":[{"start":{"line":3,"column":12},"end":{"line":3,"column":15}},{"start":{"line":3,"column":19},"end":{"line":3,"column":33}}],"line":3},"3":{"loc":{"start":{"line":27,"column":16},"end":{"line":27,"column":57}},"type":"default-arg","locations":[{"start":{"line":27,"column":30},"end":{"line":27,"column":57}}],"line":27},"4":{"loc":{"start":{"line":27,"column":59},"end":{"line":27,"column":101}},"type":"default-arg","locations":[{"start":{"line":27,"column":72},"end":{"line":27,"column":101}}],"line":27}},"s":{"0":1,"1":1,"2":1,"3":1,"4":1,"5":8,"6":8,"7":8,"8":2,"9":1,"10":8,"11":2,"12":1,"13":8,"14":2,"15":2,"16":1,"17":8,"18":2,"19":1,"20":1},"f":{"0":1,"1":8,"2":2,"3":2,"4":2,"5":2},"b":{"0":[1,1,1],"1":[1,0],"2":[1,1],"3":[0],"4":[8]},"inputSourceMap":null,"_coverageSchema":"1a1c01bbd47fc00a2c39e90264f33305004495a9","hash":"55d97381d72e6ef057801da2e4ceddc9f3044c63"}
,"C:\\Users\\ignac\\Documents\\GitHub\\express-typeorm-auth0-base\\dist\\entities\\Photo.js": {"path":"C:\\Users\\ignac\\Documents\\GitHub\\express-typeorm-auth0-base\\dist\\entities\\Photo.js","statementMap":{"0":{"start":{"line":2,"column":17},"end":{"line":7,"column":1}},"1":{"start":{"line":3,"column":12},"end":{"line":3,"column":28}},"2":{"start":{"line":3,"column":34},"end":{"line":3,"column":125}},"3":{"start":{"line":4,"column":4},"end":{"line":5,"column":150}},"4":{"start":{"line":4,"column":79},"end":{"line":4,"column":131}},"5":{"start":{"line":5,"column":9},"end":{"line":5,"column":150}},"6":{"start":{"line":5,"column":22},"end":{"line":5,"column":43}},"7":{"start":{"line":5,"column":58},"end":{"line":5,"column":150}},"8":{"start":{"line":5,"column":81},"end":{"line":5,"column":150}},"9":{"start":{"line":6,"column":4},"end":{"line":6,"column":66}},"10":{"start":{"line":8,"column":17},"end":{"line":10,"column":1}},"11":{"start":{"line":9,"column":4},"end":{"line":9,"column":109}},"12":{"start":{"line":9,"column":79},"end":{"line":9,"column":109}},"13":{"start":{"line":11,"column":22},"end":{"line":13,"column":1}},"14":{"start":{"line":12,"column":4},"end":{"line":12,"column":62}},"15":{"start":{"line":14,"column":0},"end":{"line":14,"column":62}},"16":{"start":{"line":15,"column":18},"end":{"line":15,"column":36}},"17":{"start":{"line":16,"column":15},"end":{"line":16,"column":49}},"18":{"start":{"line":17,"column":35},"end":{"line":17,"column":96}},"19":{"start":{"line":18,"column":12},"end":{"line":27,"column":1}},"20":{"start":{"line":28,"column":0},"end":{"line":31,"column":34}},"21":{"start":{"line":32,"column":0},"end":{"line":35,"column":41}},"22":{"start":{"line":36,"column":0},"end":{"line":39,"column":41}},"23":{"start":{"line":40,"column":0},"end":{"line":43,"column":36}},"24":{"start":{"line":44,"column":0},"end":{"line":47,"column":43}},"25":{"start":{"line":48,"column":0},"end":{"line":51,"column":40}},"26":{"start":{"line":52,"column":0},"end":{"line":55,"column":40}},"27":{"start":{"line":56,"column":0},"end":{"line":59,"column":36}},"28":{"start":{"line":57,"column":35},"end":{"line":57,"column":49}},"29":{"start":{"line":57,"column":61},"end":{"line":57,"column":72}},"30":{"start":{"line":60,"column":0},"end":{"line":62,"column":10}},"31":{"start":{"line":63,"column":0},"end":{"line":63,"column":24}}},"fnMap":{"0":{"name":"(anonymous_0)","decl":{"start":{"line":2,"column":46},"end":{"line":2,"column":47}},"loc":{"start":{"line":2,"column":87},"end":{"line":7,"column":1}},"line":2},"1":{"name":"(anonymous_1)","decl":{"start":{"line":8,"column":46},"end":{"line":8,"column":47}},"loc":{"start":{"line":8,"column":62},"end":{"line":10,"column":1}},"line":8},"2":{"name":"(anonymous_2)","decl":{"start":{"line":11,"column":56},"end":{"line":11,"column":57}},"loc":{"start":{"line":11,"column":71},"end":{"line":13,"column":1}},"line":11},"3":{"name":"(anonymous_3)","decl":{"start":{"line":57,"column":29},"end":{"line":57,"column":30}},"loc":{"start":{"line":57,"column":35},"end":{"line":57,"column":49}},"line":57},"4":{"name":"(anonymous_4)","decl":{"start":{"line":57,"column":51},"end":{"line":57,"column":52}},"loc":{"start":{"line":57,"column":61},"end":{"line":57,"column":72}},"line":57}},"branchMap":{"0":{"loc":{"start":{"line":2,"column":17},"end":{"line":7,"column":1}},"type":"binary-expr","locations":[{"start":{"line":2,"column":18},"end":{"line":2,"column":22}},{"start":{"line":2,"column":26},"end":{"line":2,"column":41}},{"start":{"line":2,"column":46},"end":{"line":7,"column":1}}],"line":2},"1":{"loc":{"start":{"line":3,"column":34},"end":{"line":3,"column":125}},"type":"cond-expr","locations":[{"start":{"line":3,"column":42},"end":{"line":3,"column":48}},{"start":{"line":3,"column":51},"end":{"line":3,"column":125}}],"line":3},"2":{"loc":{"start":{"line":3,"column":51},"end":{"line":3,"column":125}},"type":"cond-expr","locations":[{"start":{"line":3,"column":67},"end":{"line":3,"column":118}},{"start":{"line":3,"column":121},"end":{"line":3,"column":125}}],"line":3},"3":{"loc":{"start":{"line":4,"column":4},"end":{"line":5,"column":150}},"type":"if","locations":[{"start":{"line":4,"column":4},"end":{"line":5,"column":150}},{"start":{"line":5,"column":9},"end":{"line":5,"column":150}}],"line":4},"4":{"loc":{"start":{"line":4,"column":8},"end":{"line":4,"column":77}},"type":"binary-expr","locations":[{"start":{"line":4,"column":8},"end":{"line":4,"column":35}},{"start":{"line":4,"column":39},"end":{"line":4,"column":77}}],"line":4},"5":{"loc":{"start":{"line":5,"column":58},"end":{"line":5,"column":150}},"type":"if","locations":[{"start":{"line":5,"column":58},"end":{"line":5,"column":150}},{"start":{},"end":{}}],"line":5},"6":{"loc":{"start":{"line":5,"column":85},"end":{"line":5,"column":149}},"type":"binary-expr","locations":[{"start":{"line":5,"column":86},"end":{"line":5,"column":143}},{"start":{"line":5,"column":148},"end":{"line":5,"column":149}}],"line":5},"7":{"loc":{"start":{"line":5,"column":86},"end":{"line":5,"column":143}},"type":"cond-expr","locations":[{"start":{"line":5,"column":94},"end":{"line":5,"column":98}},{"start":{"line":5,"column":101},"end":{"line":5,"column":143}}],"line":5},"8":{"loc":{"start":{"line":5,"column":101},"end":{"line":5,"column":143}},"type":"cond-expr","locations":[{"start":{"line":5,"column":109},"end":{"line":5,"column":126}},{"start":{"line":5,"column":129},"end":{"line":5,"column":143}}],"line":5},"9":{"loc":{"start":{"line":6,"column":11},"end":{"line":6,"column":62}},"type":"binary-expr","locations":[{"start":{"line":6,"column":11},"end":{"line":6,"column":16}},{"start":{"line":6,"column":20},"end":{"line":6,"column":21}},{"start":{"line":6,"column":25},"end":{"line":6,"column":62}}],"line":6},"10":{"loc":{"start":{"line":8,"column":17},"end":{"line":10,"column":1}},"type":"binary-expr","locations":[{"start":{"line":8,"column":18},"end":{"line":8,"column":22}},{"start":{"line":8,"column":26},"end":{"line":8,"column":41}},{"start":{"line":8,"column":46},"end":{"line":10,"column":1}}],"line":8},"11":{"loc":{"start":{"line":9,"column":4},"end":{"line":9,"column":109}},"type":"if","locations":[{"start":{"line":9,"column":4},"end":{"line":9,"column":109}},{"start":{},"end":{}}],"line":9},"12":{"loc":{"start":{"line":9,"column":8},"end":{"line":9,"column":77}},"type":"binary-expr","locations":[{"start":{"line":9,"column":8},"end":{"line":9,"column":35}},{"start":{"line":9,"column":39},"end":{"line":9,"column":77}}],"line":9},"13":{"loc":{"start":{"line":11,"column":22},"end":{"line":13,"column":1}},"type":"binary-expr","locations":[{"start":{"line":11,"column":23},"end":{"line":11,"column":27}},{"start":{"line":11,"column":31},"end":{"line":11,"column":51}},{"start":{"line":11,"column":56},"end":{"line":13,"column":1}}],"line":11},"14":{"loc":{"start":{"line":12,"column":11},"end":{"line":12,"column":61}},"type":"cond-expr","locations":[{"start":{"line":12,"column":37},"end":{"line":12,"column":40}},{"start":{"line":12,"column":43},"end":{"line":12,"column":61}}],"line":12},"15":{"loc":{"start":{"line":12,"column":12},"end":{"line":12,"column":33}},"type":"binary-expr","locations":[{"start":{"line":12,"column":12},"end":{"line":12,"column":15}},{"start":{"line":12,"column":19},"end":{"line":12,"column":33}}],"line":12}},"s":{"0":8,"1":72,"2":72,"3":72,"4":72,"5":0,"6":0,"7":0,"8":0,"9":72,"10":8,"11":64,"12":64,"13":8,"14":16,"15":8,"16":8,"17":8,"18":8,"19":8,"20":8,"21":8,"22":8,"23":8,"24":8,"25":8,"26":8,"27":8,"28":0,"29":0,"30":8,"31":8},"f":{"0":72,"1":64,"2":16,"3":0,"4":0},"b":{"0":[8,8,8],"1":[8,64],"2":[0,64],"3":[72,0],"4":[72,72],"5":[0,0],"6":[0,0],"7":[0,0],"8":[0,0],"9":[72,64,0],"10":[8,8,8],"11":[64,0],"12":[64,64],"13":[8,8,8],"14":[16,0],"15":[16,16]},"inputSourceMap":null,"_coverageSchema":"1a1c01bbd47fc00a2c39e90264f33305004495a9","hash":"17edfda0518e469d2d341f2d722c22bea1675efa"}
,"C:\\Users\\ignac\\Documents\\GitHub\\express-typeorm-auth0-base\\dist\\entities\\User.js": {"path":"C:\\Users\\ignac\\Documents\\GitHub\\express-typeorm-auth0-base\\dist\\entities\\User.js","statementMap":{"0":{"start":{"line":2,"column":17},"end":{"line":7,"column":1}},"1":{"start":{"line":3,"column":12},"end":{"line":3,"column":28}},"2":{"start":{"line":3,"column":34},"end":{"line":3,"column":125}},"3":{"start":{"line":4,"column":4},"end":{"line":5,"column":150}},"4":{"start":{"line":4,"column":79},"end":{"line":4,"column":131}},"5":{"start":{"line":5,"column":9},"end":{"line":5,"column":150}},"6":{"start":{"line":5,"column":22},"end":{"line":5,"column":43}},"7":{"start":{"line":5,"column":58},"end":{"line":5,"column":150}},"8":{"start":{"line":5,"column":81},"end":{"line":5,"column":150}},"9":{"start":{"line":6,"column":4},"end":{"line":6,"column":66}},"10":{"start":{"line":8,"column":17},"end":{"line":10,"column":1}},"11":{"start":{"line":9,"column":4},"end":{"line":9,"column":109}},"12":{"start":{"line":9,"column":79},"end":{"line":9,"column":109}},"13":{"start":{"line":11,"column":22},"end":{"line":13,"column":1}},"14":{"start":{"line":12,"column":4},"end":{"line":12,"column":62}},"15":{"start":{"line":14,"column":0},"end":{"line":14,"column":62}},"16":{"start":{"line":15,"column":0},"end":{"line":15,"column":26}},"17":{"start":{"line":16,"column":18},"end":{"line":16,"column":36}},"18":{"start":{"line":17,"column":26},"end":{"line":17,"column":52}},"19":{"start":{"line":18,"column":16},"end":{"line":18,"column":51}},"20":{"start":{"line":19,"column":32},"end":{"line":19,"column":100}},"21":{"start":{"line":20,"column":35},"end":{"line":20,"column":96}},"22":{"start":{"line":22,"column":0},"end":{"line":30,"column":59}},"23":{"start":{"line":23,"column":4},"end":{"line":23,"column":32}},"24":{"start":{"line":24,"column":4},"end":{"line":24,"column":40}},"25":{"start":{"line":25,"column":4},"end":{"line":25,"column":38}},"26":{"start":{"line":26,"column":4},"end":{"line":26,"column":39}},"27":{"start":{"line":27,"column":4},"end":{"line":27,"column":36}},"28":{"start":{"line":28,"column":4},"end":{"line":28,"column":26}},"29":{"start":{"line":29,"column":4},"end":{"line":29,"column":42}},"30":{"start":{"line":31,"column":11},"end":{"line":44,"column":1}},"31":{"start":{"line":45,"column":0},"end":{"line":48,"column":33}},"32":{"start":{"line":49,"column":0},"end":{"line":56,"column":38}},"33":{"start":{"line":57,"column":0},"end":{"line":60,"column":40}},"34":{"start":{"line":61,"column":0},"end":{"line":64,"column":40}},"35":{"start":{"line":65,"column":0},"end":{"line":72,"column":36}},"36":{"start":{"line":73,"column":0},"end":{"line":76,"column":46}},"37":{"start":{"line":77,"column":0},"end":{"line":83,"column":40}},"38":{"start":{"line":84,"column":0},"end":{"line":90,"column":39}},"39":{"start":{"line":91,"column":0},"end":{"line":99,"column":39}},"40":{"start":{"line":100,"column":0},"end":{"line":106,"column":40}},"41":{"start":{"line":107,"column":0},"end":{"line":113,"column":37}},"42":{"start":{"line":108,"column":35},"end":{"line":108,"column":50}},"43":{"start":{"line":108,"column":61},"end":{"line":108,"column":71}},"44":{"start":{"line":114,"column":0},"end":{"line":120,"column":35}},"45":{"start":{"line":121,"column":0},"end":{"line":123,"column":9}},"46":{"start":{"line":124,"column":0},"end":{"line":124,"column":23}}},"fnMap":{"0":{"name":"(anonymous_0)","decl":{"start":{"line":2,"column":46},"end":{"line":2,"column":47}},"loc":{"start":{"line":2,"column":87},"end":{"line":7,"column":1}},"line":2},"1":{"name":"(anonymous_1)","decl":{"start":{"line":8,"column":46},"end":{"line":8,"column":47}},"loc":{"start":{"line":8,"column":62},"end":{"line":10,"column":1}},"line":8},"2":{"name":"(anonymous_2)","decl":{"start":{"line":11,"column":56},"end":{"line":11,"column":57}},"loc":{"start":{"line":11,"column":71},"end":{"line":13,"column":1}},"line":11},"3":{"name":"(anonymous_3)","decl":{"start":{"line":22,"column":1},"end":{"line":22,"column":2}},"loc":{"start":{"line":22,"column":21},"end":{"line":30,"column":1}},"line":22},"4":{"name":"(anonymous_4)","decl":{"start":{"line":108,"column":29},"end":{"line":108,"column":30}},"loc":{"start":{"line":108,"column":35},"end":{"line":108,"column":50}},"line":108},"5":{"name":"(anonymous_5)","decl":{"start":{"line":108,"column":52},"end":{"line":108,"column":53}},"loc":{"start":{"line":108,"column":61},"end":{"line":108,"column":71}},"line":108}},"branchMap":{"0":{"loc":{"start":{"line":2,"column":17},"end":{"line":7,"column":1}},"type":"binary-expr","locations":[{"start":{"line":2,"column":18},"end":{"line":2,"column":22}},{"start":{"line":2,"column":26},"end":{"line":2,"column":41}},{"start":{"line":2,"column":46},"end":{"line":7,"column":1}}],"line":2},"1":{"loc":{"start":{"line":3,"column":34},"end":{"line":3,"column":125}},"type":"cond-expr","locations":[{"start":{"line":3,"column":42},"end":{"line":3,"column":48}},{"start":{"line":3,"column":51},"end":{"line":3,"column":125}}],"line":3},"2":{"loc":{"start":{"line":3,"column":51},"end":{"line":3,"column":125}},"type":"cond-expr","locations":[{"start":{"line":3,"column":67},"end":{"line":3,"column":118}},{"start":{"line":3,"column":121},"end":{"line":3,"column":125}}],"line":3},"3":{"loc":{"start":{"line":4,"column":4},"end":{"line":5,"column":150}},"type":"if","locations":[{"start":{"line":4,"column":4},"end":{"line":5,"column":150}},{"start":{"line":5,"column":9},"end":{"line":5,"column":150}}],"line":4},"4":{"loc":{"start":{"line":4,"column":8},"end":{"line":4,"column":77}},"type":"binary-expr","locations":[{"start":{"line":4,"column":8},"end":{"line":4,"column":35}},{"start":{"line":4,"column":39},"end":{"line":4,"column":77}}],"line":4},"5":{"loc":{"start":{"line":5,"column":58},"end":{"line":5,"column":150}},"type":"if","locations":[{"start":{"line":5,"column":58},"end":{"line":5,"column":150}},{"start":{},"end":{}}],"line":5},"6":{"loc":{"start":{"line":5,"column":85},"end":{"line":5,"column":149}},"type":"binary-expr","locations":[{"start":{"line":5,"column":86},"end":{"line":5,"column":143}},{"start":{"line":5,"column":148},"end":{"line":5,"column":149}}],"line":5},"7":{"loc":{"start":{"line":5,"column":86},"end":{"line":5,"column":143}},"type":"cond-expr","locations":[{"start":{"line":5,"column":94},"end":{"line":5,"column":98}},{"start":{"line":5,"column":101},"end":{"line":5,"column":143}}],"line":5},"8":{"loc":{"start":{"line":5,"column":101},"end":{"line":5,"column":143}},"type":"cond-expr","locations":[{"start":{"line":5,"column":109},"end":{"line":5,"column":126}},{"start":{"line":5,"column":129},"end":{"line":5,"column":143}}],"line":5},"9":{"loc":{"start":{"line":6,"column":11},"end":{"line":6,"column":62}},"type":"binary-expr","locations":[{"start":{"line":6,"column":11},"end":{"line":6,"column":16}},{"start":{"line":6,"column":20},"end":{"line":6,"column":21}},{"start":{"line":6,"column":25},"end":{"line":6,"column":62}}],"line":6},"10":{"loc":{"start":{"line":8,"column":17},"end":{"line":10,"column":1}},"type":"binary-expr","locations":[{"start":{"line":8,"column":18},"end":{"line":8,"column":22}},{"start":{"line":8,"column":26},"end":{"line":8,"column":41}},{"start":{"line":8,"column":46},"end":{"line":10,"column":1}}],"line":8},"11":{"loc":{"start":{"line":9,"column":4},"end":{"line":9,"column":109}},"type":"if","locations":[{"start":{"line":9,"column":4},"end":{"line":9,"column":109}},{"start":{},"end":{}}],"line":9},"12":{"loc":{"start":{"line":9,"column":8},"end":{"line":9,"column":77}},"type":"binary-expr","locations":[{"start":{"line":9,"column":8},"end":{"line":9,"column":35}},{"start":{"line":9,"column":39},"end":{"line":9,"column":77}}],"line":9},"13":{"loc":{"start":{"line":11,"column":22},"end":{"line":13,"column":1}},"type":"binary-expr","locations":[{"start":{"line":11,"column":23},"end":{"line":11,"column":27}},{"start":{"line":11,"column":31},"end":{"line":11,"column":51}},{"start":{"line":11,"column":56},"end":{"line":13,"column":1}}],"line":11},"14":{"loc":{"start":{"line":12,"column":11},"end":{"line":12,"column":61}},"type":"cond-expr","locations":[{"start":{"line":12,"column":37},"end":{"line":12,"column":40}},{"start":{"line":12,"column":43},"end":{"line":12,"column":61}}],"line":12},"15":{"loc":{"start":{"line":12,"column":12},"end":{"line":12,"column":33}},"type":"binary-expr","locations":[{"start":{"line":12,"column":12},"end":{"line":12,"column":15}},{"start":{"line":12,"column":19},"end":{"line":12,"column":33}}],"line":12},"16":{"loc":{"start":{"line":30,"column":14},"end":{"line":30,"column":57}},"type":"binary-expr","locations":[{"start":{"line":30,"column":14},"end":{"line":30,"column":30}},{"start":{"line":30,"column":35},"end":{"line":30,"column":56}}],"line":30}},"s":{"0":8,"1":104,"2":104,"3":104,"4":104,"5":0,"6":0,"7":0,"8":0,"9":104,"10":8,"11":96,"12":96,"13":8,"14":24,"15":8,"16":8,"17":8,"18":8,"19":8,"20":8,"21":8,"22":8,"23":8,"24":8,"25":8,"26":8,"27":8,"28":8,"29":8,"30":8,"31":8,"32":8,"33":8,"34":8,"35":8,"36":8,"37":8,"38":8,"39":8,"40":8,"41":8,"42":0,"43":0,"44":8,"45":8,"46":8},"f":{"0":104,"1":96,"2":24,"3":8,"4":0,"5":0},"b":{"0":[8,8,8],"1":[8,96],"2":[0,96],"3":[104,0],"4":[104,104],"5":[0,0],"6":[0,0],"7":[0,0],"8":[0,0],"9":[104,96,0],"10":[8,8,8],"11":[96,0],"12":[96,96],"13":[8,8,8],"14":[24,0],"15":[24,24],"16":[8,8]},"inputSourceMap":null,"_coverageSchema":"1a1c01bbd47fc00a2c39e90264f33305004495a9","hash":"79d84402ecd485bed69ac53370d32a0df85e2806"}
,"C:\\Users\\ignac\\Documents\\GitHub\\express-typeorm-auth0-base\\dist\\exceptions\\HttpException.js": {"path":"C:\\Users\\ignac\\Documents\\GitHub\\express-typeorm-auth0-base\\dist\\exceptions\\HttpException.js","statementMap":{"0":{"start":{"line":2,"column":0},"end":{"line":2,"column":62}},"1":{"start":{"line":10,"column":8},"end":{"line":10,"column":23}},"2":{"start":{"line":11,"column":8},"end":{"line":11,"column":29}},"3":{"start":{"line":12,"column":8},"end":{"line":12,"column":31}},"4":{"start":{"line":15,"column":0},"end":{"line":15,"column":32}}},"fnMap":{"0":{"name":"(anonymous_0)","decl":{"start":{"line":9,"column":4},"end":{"line":9,"column":5}},"loc":{"start":{"line":9,"column":65},"end":{"line":13,"column":5}},"line":9}},"branchMap":{"0":{"loc":{"start":{"line":9,"column":16},"end":{"line":9,"column":28}},"type":"default-arg","locations":[{"start":{"line":9,"column":25},"end":{"line":9,"column":28}}],"line":9},"1":{"loc":{"start":{"line":9,"column":30},"end":{"line":9,"column":63}},"type":"default-arg","locations":[{"start":{"line":9,"column":40},"end":{"line":9,"column":63}}],"line":9}},"s":{"0":10,"1":23,"2":23,"3":23,"4":10},"f":{"0":23},"b":{"0":[1],"1":[2]},"inputSourceMap":null,"_coverageSchema":"1a1c01bbd47fc00a2c39e90264f33305004495a9","hash":"a700ac881a1e38ec5c93789529c4b11f81f5edff"}
,"C:\\Users\\ignac\\Documents\\GitHub\\express-typeorm-auth0-base\\dist\\exceptions\\NotAuthenticatedException.js": {"path":"C:\\Users\\ignac\\Documents\\GitHub\\express-typeorm-auth0-base\\dist\\exceptions\\NotAuthenticatedException.js","statementMap":{"0":{"start":{"line":2,"column":22},"end":{"line":4,"column":1}},"1":{"start":{"line":3,"column":4},"end":{"line":3,"column":62}},"2":{"start":{"line":5,"column":0},"end":{"line":5,"column":62}},"3":{"start":{"line":6,"column":24},"end":{"line":6,"column":67}},"4":{"start":{"line":12,"column":8},"end":{"line":12,"column":55}},"5":{"start":{"line":15,"column":0},"end":{"line":15,"column":44}}},"fnMap":{"0":{"name":"(anonymous_0)","decl":{"start":{"line":2,"column":56},"end":{"line":2,"column":57}},"loc":{"start":{"line":2,"column":71},"end":{"line":4,"column":1}},"line":2},"1":{"name":"(anonymous_1)","decl":{"start":{"line":11,"column":4},"end":{"line":11,"column":5}},"loc":{"start":{"line":11,"column":25},"end":{"line":13,"column":5}},"line":11}},"branchMap":{"0":{"loc":{"start":{"line":2,"column":22},"end":{"line":4,"column":1}},"type":"binary-expr","locations":[{"start":{"line":2,"column":23},"end":{"line":2,"column":27}},{"start":{"line":2,"column":31},"end":{"line":2,"column":51}},{"start":{"line":2,"column":56},"end":{"line":4,"column":1}}],"line":2},"1":{"loc":{"start":{"line":3,"column":11},"end":{"line":3,"column":61}},"type":"cond-expr","locations":[{"start":{"line":3,"column":37},"end":{"line":3,"column":40}},{"start":{"line":3,"column":43},"end":{"line":3,"column":61}}],"line":3},"2":{"loc":{"start":{"line":3,"column":12},"end":{"line":3,"column":33}},"type":"binary-expr","locations":[{"start":{"line":3,"column":12},"end":{"line":3,"column":15}},{"start":{"line":3,"column":19},"end":{"line":3,"column":33}}],"line":3},"3":{"loc":{"start":{"line":12,"column":19},"end":{"line":12,"column":53}},"type":"binary-expr","locations":[{"start":{"line":12,"column":19},"end":{"line":12,"column":26}},{"start":{"line":12,"column":30},"end":{"line":12,"column":53}}],"line":12}},"s":{"0":2,"1":2,"2":2,"3":2,"4":4,"5":2},"f":{"0":2,"1":4},"b":{"0":[2,2,2],"1":[2,0],"2":[2,2],"3":[4,3]},"inputSourceMap":null,"_coverageSchema":"1a1c01bbd47fc00a2c39e90264f33305004495a9","hash":"4f1471476e9eec5336648d784819a6ef062a7d91"}
,"C:\\Users\\ignac\\Documents\\GitHub\\express-typeorm-auth0-base\\dist\\exceptions\\NotAuthorizedException.js": {"path":"C:\\Users\\ignac\\Documents\\GitHub\\express-typeorm-auth0-base\\dist\\exceptions\\NotAuthorizedException.js","statementMap":{"0":{"start":{"line":2,"column":22},"end":{"line":4,"column":1}},"1":{"start":{"line":3,"column":4},"end":{"line":3,"column":62}},"2":{"start":{"line":5,"column":0},"end":{"line":5,"column":62}},"3":{"start":{"line":6,"column":24},"end":{"line":6,"column":67}},"4":{"start":{"line":9,"column":8},"end":{"line":9,"column":71}},"5":{"start":{"line":12,"column":0},"end":{"line":12,"column":41}}},"fnMap":{"0":{"name":"(anonymous_0)","decl":{"start":{"line":2,"column":56},"end":{"line":2,"column":57}},"loc":{"start":{"line":2,"column":71},"end":{"line":4,"column":1}},"line":2},"1":{"name":"(anonymous_1)","decl":{"start":{"line":8,"column":4},"end":{"line":8,"column":5}},"loc":{"start":{"line":8,"column":25},"end":{"line":10,"column":5}},"line":8}},"branchMap":{"0":{"loc":{"start":{"line":2,"column":22},"end":{"line":4,"column":1}},"type":"binary-expr","locations":[{"start":{"line":2,"column":23},"end":{"line":2,"column":27}},{"start":{"line":2,"column":31},"end":{"line":2,"column":51}},{"start":{"line":2,"column":56},"end":{"line":4,"column":1}}],"line":2},"1":{"loc":{"start":{"line":3,"column":11},"end":{"line":3,"column":61}},"type":"cond-expr","locations":[{"start":{"line":3,"column":37},"end":{"line":3,"column":40}},{"start":{"line":3,"column":43},"end":{"line":3,"column":61}}],"line":3},"2":{"loc":{"start":{"line":3,"column":12},"end":{"line":3,"column":33}},"type":"binary-expr","locations":[{"start":{"line":3,"column":12},"end":{"line":3,"column":15}},{"start":{"line":3,"column":19},"end":{"line":3,"column":33}}],"line":3},"3":{"loc":{"start":{"line":9,"column":19},"end":{"line":9,"column":69}},"type":"binary-expr","locations":[{"start":{"line":9,"column":19},"end":{"line":9,"column":26}},{"start":{"line":9,"column":30},"end":{"line":9,"column":69}}],"line":9}},"s":{"0":2,"1":2,"2":2,"3":2,"4":2,"5":2},"f":{"0":2,"1":2},"b":{"0":[2,2,2],"1":[2,0],"2":[2,2],"3":[2,1]},"inputSourceMap":null,"_coverageSchema":"1a1c01bbd47fc00a2c39e90264f33305004495a9","hash":"94b73e3b16a90edcc1d44fda06a7f03428f76b0f"}
,"C:\\Users\\ignac\\Documents\\GitHub\\express-typeorm-auth0-base\\dist\\exceptions\\NotFoundException.js": {"path":"C:\\Users\\ignac\\Documents\\GitHub\\express-typeorm-auth0-base\\dist\\exceptions\\NotFoundException.js","statementMap":{"0":{"start":{"line":2,"column":22},"end":{"line":4,"column":1}},"1":{"start":{"line":3,"column":4},"end":{"line":3,"column":62}},"2":{"start":{"line":5,"column":0},"end":{"line":5,"column":62}},"3":{"start":{"line":6,"column":24},"end":{"line":6,"column":67}},"4":{"start":{"line":12,"column":8},"end":{"line":12,"column":50}},"5":{"start":{"line":15,"column":0},"end":{"line":15,"column":36}}},"fnMap":{"0":{"name":"(anonymous_0)","decl":{"start":{"line":2,"column":56},"end":{"line":2,"column":57}},"loc":{"start":{"line":2,"column":71},"end":{"line":4,"column":1}},"line":2},"1":{"name":"(anonymous_1)","decl":{"start":{"line":11,"column":4},"end":{"line":11,"column":5}},"loc":{"start":{"line":11,"column":25},"end":{"line":13,"column":5}},"line":11}},"branchMap":{"0":{"loc":{"start":{"line":2,"column":22},"end":{"line":4,"column":1}},"type":"binary-expr","locations":[{"start":{"line":2,"column":23},"end":{"line":2,"column":27}},{"start":{"line":2,"column":31},"end":{"line":2,"column":51}},{"start":{"line":2,"column":56},"end":{"line":4,"column":1}}],"line":2},"1":{"loc":{"start":{"line":3,"column":11},"end":{"line":3,"column":61}},"type":"cond-expr","locations":[{"start":{"line":3,"column":37},"end":{"line":3,"column":40}},{"start":{"line":3,"column":43},"end":{"line":3,"column":61}}],"line":3},"2":{"loc":{"start":{"line":3,"column":12},"end":{"line":3,"column":33}},"type":"binary-expr","locations":[{"start":{"line":3,"column":12},"end":{"line":3,"column":15}},{"start":{"line":3,"column":19},"end":{"line":3,"column":33}}],"line":3},"3":{"loc":{"start":{"line":12,"column":19},"end":{"line":12,"column":48}},"type":"binary-expr","locations":[{"start":{"line":12,"column":19},"end":{"line":12,"column":26}},{"start":{"line":12,"column":30},"end":{"line":12,"column":48}}],"line":12}},"s":{"0":7,"1":7,"2":7,"3":7,"4":14,"5":7},"f":{"0":7,"1":14},"b":{"0":[7,7,7],"1":[7,0],"2":[7,7],"3":[14,6]},"inputSourceMap":null,"_coverageSchema":"1a1c01bbd47fc00a2c39e90264f33305004495a9","hash":"e06f76d505c203fb73af583ae5042c34ad2b56b1"}
,"C:\\Users\\ignac\\Documents\\GitHub\\express-typeorm-auth0-base\\dist\\mappers\\PhotoMapper.js": {"path":"C:\\Users\\ignac\\Documents\\GitHub\\express-typeorm-auth0-base\\dist\\mappers\\PhotoMapper.js","statementMap":{"0":{"start":{"line":2,"column":0},"end":{"line":2,"column":62}},"1":{"start":{"line":3,"column":0},"end":{"line":3,"column":29}},"2":{"start":{"line":9,"column":8},"end":{"line":18,"column":10}},"3":{"start":{"line":21,"column":0},"end":{"line":21,"column":34}}},"fnMap":{"0":{"name":"(anonymous_0)","decl":{"start":{"line":8,"column":4},"end":{"line":8,"column":5}},"loc":{"start":{"line":8,"column":13},"end":{"line":19,"column":5}},"line":8}},"branchMap":{},"s":{"0":2,"1":2,"2":7,"3":2},"f":{"0":7},"b":{},"inputSourceMap":null,"_coverageSchema":"1a1c01bbd47fc00a2c39e90264f33305004495a9","hash":"53bf295ac6122a381d3ce11468cd57de9aeec42a"}
,"C:\\Users\\ignac\\Documents\\GitHub\\express-typeorm-auth0-base\\dist\\mappers\\UserMapper.js": {"path":"C:\\Users\\ignac\\Documents\\GitHub\\express-typeorm-auth0-base\\dist\\mappers\\UserMapper.js","statementMap":{"0":{"start":{"line":2,"column":0},"end":{"line":2,"column":62}},"1":{"start":{"line":3,"column":0},"end":{"line":3,"column":28}},"2":{"start":{"line":9,"column":8},"end":{"line":22,"column":10}},"3":{"start":{"line":18,"column":36},"end":{"line":18,"column":40}},"4":{"start":{"line":25,"column":0},"end":{"line":25,"column":32}}},"fnMap":{"0":{"name":"(anonymous_0)","decl":{"start":{"line":8,"column":4},"end":{"line":8,"column":5}},"loc":{"start":{"line":8,"column":13},"end":{"line":23,"column":5}},"line":8},"1":{"name":"(anonymous_1)","decl":{"start":{"line":18,"column":31},"end":{"line":18,"column":32}},"loc":{"start":{"line":18,"column":36},"end":{"line":18,"column":40}},"line":18}},"branchMap":{"0":{"loc":{"start":{"line":17,"column":22},"end":{"line":19,"column":22}},"type":"cond-expr","locations":[{"start":{"line":18,"column":18},"end":{"line":18,"column":41}},{"start":{"line":19,"column":18},"end":{"line":19,"column":22}}],"line":17}},"s":{"0":2,"1":2,"2":7,"3":14,"4":2},"f":{"0":7,"1":14},"b":{"0":[7,0]},"inputSourceMap":null,"_coverageSchema":"1a1c01bbd47fc00a2c39e90264f33305004495a9","hash":"f58796a048f886c1dbcbf6e4d17145c5856d0f24"}
,"C:\\Users\\ignac\\Documents\\GitHub\\express-typeorm-auth0-base\\dist\\middlewares\\Authentication.js": {"path":"C:\\Users\\ignac\\Documents\\GitHub\\express-typeorm-auth0-base\\dist\\middlewares\\Authentication.js","statementMap":{"0":{"start":{"line":2,"column":22},"end":{"line":4,"column":1}},"1":{"start":{"line":3,"column":4},"end":{"line":3,"column":62}},"2":{"start":{"line":5,"column":0},"end":{"line":5,"column":62}},"3":{"start":{"line":6,"column":0},"end":{"line":6,"column":42}},"4":{"start":{"line":7,"column":14},"end":{"line":7,"column":54}},"5":{"start":{"line":8,"column":36},"end":{"line":8,"column":103}},"6":{"start":{"line":9,"column":22},"end":{"line":9,"column":73}},"7":{"start":{"line":10,"column":28},"end":{"line":10,"column":87}},"8":{"start":{"line":17,"column":25},"end":{"line":17,"column":89}},"9":{"start":{"line":29,"column":8},"end":{"line":29,"column":72}},"10":{"start":{"line":30,"column":8},"end":{"line":30,"column":39}},"11":{"start":{"line":33,"column":8},"end":{"line":51,"column":10}},"12":{"start":{"line":35,"column":12},"end":{"line":36,"column":64}},"13":{"start":{"line":36,"column":16},"end":{"line":36,"column":64}},"14":{"start":{"line":37,"column":12},"end":{"line":50,"column":13}},"15":{"start":{"line":38,"column":29},"end":{"line":38,"column":85}},"16":{"start":{"line":40,"column":16},"end":{"line":40,"column":48}},"17":{"start":{"line":41,"column":16},"end":{"line":41,"column":37}},"18":{"start":{"line":42,"column":16},"end":{"line":42,"column":23}},"19":{"start":{"line":46,"column":16},"end":{"line":47,"column":68}},"20":{"start":{"line":47,"column":20},"end":{"line":47,"column":68}},"21":{"start":{"line":49,"column":16},"end":{"line":49,"column":24}},"22":{"start":{"line":54,"column":0},"end":{"line":54,"column":60}},"23":{"start":{"line":55,"column":0},"end":{"line":55,"column":49}}},"fnMap":{"0":{"name":"(anonymous_0)","decl":{"start":{"line":2,"column":56},"end":{"line":2,"column":57}},"loc":{"start":{"line":2,"column":71},"end":{"line":4,"column":1}},"line":2},"1":{"name":"(anonymous_1)","decl":{"start":{"line":28,"column":4},"end":{"line":28,"column":5}},"loc":{"start":{"line":28,"column":64},"end":{"line":31,"column":5}},"line":28},"2":{"name":"(anonymous_2)","decl":{"start":{"line":32,"column":4},"end":{"line":32,"column":5}},"loc":{"start":{"line":32,"column":10},"end":{"line":52,"column":5}},"line":32},"3":{"name":"(anonymous_3)","decl":{"start":{"line":33,"column":15},"end":{"line":33,"column":16}},"loc":{"start":{"line":33,"column":42},"end":{"line":51,"column":9}},"line":33}},"branchMap":{"0":{"loc":{"start":{"line":2,"column":22},"end":{"line":4,"column":1}},"type":"binary-expr","locations":[{"start":{"line":2,"column":23},"end":{"line":2,"column":27}},{"start":{"line":2,"column":31},"end":{"line":2,"column":51}},{"start":{"line":2,"column":56},"end":{"line":4,"column":1}}],"line":2},"1":{"loc":{"start":{"line":3,"column":11},"end":{"line":3,"column":61}},"type":"cond-expr","locations":[{"start":{"line":3,"column":37},"end":{"line":3,"column":40}},{"start":{"line":3,"column":43},"end":{"line":3,"column":61}}],"line":3},"2":{"loc":{"start":{"line":3,"column":12},"end":{"line":3,"column":33}},"type":"binary-expr","locations":[{"start":{"line":3,"column":12},"end":{"line":3,"column":15}},{"start":{"line":3,"column":19},"end":{"line":3,"column":33}}],"line":3},"3":{"loc":{"start":{"line":28,"column":21},"end":{"line":28,"column":62}},"type":"default-arg","locations":[{"start":{"line":28,"column":35},"end":{"line":28,"column":62}}],"line":28},"4":{"loc":{"start":{"line":29,"column":27},"end":{"line":29,"column":70}},"type":"binary-expr","locations":[{"start":{"line":29,"column":27},"end":{"line":29,"column":30}},{"start":{"line":29,"column":34},"end":{"line":29,"column":70}}],"line":29},"5":{"loc":{"start":{"line":35,"column":12},"end":{"line":36,"column":64}},"type":"if","locations":[{"start":{"line":35,"column":12},"end":{"line":36,"column":64}},{"start":{},"end":{}}],"line":35},"6":{"loc":{"start":{"line":46,"column":16},"end":{"line":47,"column":68}},"type":"if","locations":[{"start":{"line":46,"column":16},"end":{"line":47,"column":68}},{"start":{},"end":{}}],"line":46}},"s":{"0":1,"1":4,"2":1,"3":1,"4":1,"5":1,"6":1,"7":1,"8":1,"9":4,"10":4,"11":3,"12":3,"13":1,"14":2,"15":2,"16":1,"17":1,"18":1,"19":1,"20":1,"21":0,"22":1,"23":1},"f":{"0":4,"1":4,"2":3,"3":3},"b":{"0":[1,1,1],"1":[4,0],"2":[4,4],"3":[2],"4":[4,4],"5":[1,2],"6":[1,0]},"inputSourceMap":null,"_coverageSchema":"1a1c01bbd47fc00a2c39e90264f33305004495a9","hash":"2c6c8ef8412554c4dbe14492a2f55d534a4d3182"}
,"C:\\Users\\ignac\\Documents\\GitHub\\express-typeorm-auth0-base\\dist\\middlewares\\Authorization.js": {"path":"C:\\Users\\ignac\\Documents\\GitHub\\express-typeorm-auth0-base\\dist\\middlewares\\Authorization.js","statementMap":{"0":{"start":{"line":2,"column":22},"end":{"line":4,"column":1}},"1":{"start":{"line":3,"column":4},"end":{"line":3,"column":62}},"2":{"start":{"line":5,"column":0},"end":{"line":5,"column":62}},"3":{"start":{"line":6,"column":0},"end":{"line":6,"column":41}},"4":{"start":{"line":7,"column":14},"end":{"line":7,"column":54}},"5":{"start":{"line":8,"column":22},"end":{"line":8,"column":73}},"6":{"start":{"line":9,"column":15},"end":{"line":9,"column":42}},"7":{"start":{"line":10,"column":33},"end":{"line":10,"column":97}},"8":{"start":{"line":18,"column":25},"end":{"line":18,"column":87}},"9":{"start":{"line":30,"column":8},"end":{"line":30,"column":71}},"10":{"start":{"line":31,"column":8},"end":{"line":31,"column":39}},"11":{"start":{"line":34,"column":8},"end":{"line":42,"column":10}},"12":{"start":{"line":35,"column":29},"end":{"line":35,"column":48}},"13":{"start":{"line":36,"column":12},"end":{"line":41,"column":13}},"14":{"start":{"line":37,"column":16},"end":{"line":37,"column":23}},"15":{"start":{"line":40,"column":16},"end":{"line":40,"column":61}},"16":{"start":{"line":45,"column":0},"end":{"line":45,"column":58}},"17":{"start":{"line":46,"column":0},"end":{"line":46,"column":48}}},"fnMap":{"0":{"name":"(anonymous_0)","decl":{"start":{"line":2,"column":56},"end":{"line":2,"column":57}},"loc":{"start":{"line":2,"column":71},"end":{"line":4,"column":1}},"line":2},"1":{"name":"(anonymous_1)","decl":{"start":{"line":29,"column":4},"end":{"line":29,"column":5}},"loc":{"start":{"line":29,"column":64},"end":{"line":32,"column":5}},"line":29},"2":{"name":"(anonymous_2)","decl":{"start":{"line":33,"column":4},"end":{"line":33,"column":5}},"loc":{"start":{"line":33,"column":10},"end":{"line":43,"column":5}},"line":33},"3":{"name":"(anonymous_3)","decl":{"start":{"line":34,"column":15},"end":{"line":34,"column":16}},"loc":{"start":{"line":34,"column":42},"end":{"line":42,"column":9}},"line":34}},"branchMap":{"0":{"loc":{"start":{"line":2,"column":22},"end":{"line":4,"column":1}},"type":"binary-expr","locations":[{"start":{"line":2,"column":23},"end":{"line":2,"column":27}},{"start":{"line":2,"column":31},"end":{"line":2,"column":51}},{"start":{"line":2,"column":56},"end":{"line":4,"column":1}}],"line":2},"1":{"loc":{"start":{"line":3,"column":11},"end":{"line":3,"column":61}},"type":"cond-expr","locations":[{"start":{"line":3,"column":37},"end":{"line":3,"column":40}},{"start":{"line":3,"column":43},"end":{"line":3,"column":61}}],"line":3},"2":{"loc":{"start":{"line":3,"column":12},"end":{"line":3,"column":33}},"type":"binary-expr","locations":[{"start":{"line":3,"column":12},"end":{"line":3,"column":15}},{"start":{"line":3,"column":19},"end":{"line":3,"column":33}}],"line":3},"3":{"loc":{"start":{"line":29,"column":21},"end":{"line":29,"column":62}},"type":"default-arg","locations":[{"start":{"line":29,"column":35},"end":{"line":29,"column":62}}],"line":29},"4":{"loc":{"start":{"line":30,"column":27},"end":{"line":30,"column":69}},"type":"binary-expr","locations":[{"start":{"line":30,"column":27},"end":{"line":30,"column":30}},{"start":{"line":30,"column":34},"end":{"line":30,"column":69}}],"line":30},"5":{"loc":{"start":{"line":36,"column":12},"end":{"line":41,"column":13}},"type":"if","locations":[{"start":{"line":36,"column":12},"end":{"line":41,"column":13}},{"start":{"line":39,"column":17},"end":{"line":41,"column":13}}],"line":36}},"s":{"0":1,"1":3,"2":1,"3":1,"4":1,"5":1,"6":1,"7":1,"8":1,"9":2,"10":2,"11":1,"12":1,"13":1,"14":1,"15":0,"16":1,"17":1},"f":{"0":3,"1":2,"2":1,"3":1},"b":{"0":[1,1,1],"1":[3,0],"2":[3,3],"3":[2],"4":[2,2],"5":[1,0]},"inputSourceMap":null,"_coverageSchema":"1a1c01bbd47fc00a2c39e90264f33305004495a9","hash":"06cb53dc08574a9676988c99b247db8a222cf659"}
,"C:\\Users\\ignac\\Documents\\GitHub\\express-typeorm-auth0-base\\dist\\mocks\\RequestMock.js": {"path":"C:\\Users\\ignac\\Documents\\GitHub\\express-typeorm-auth0-base\\dist\\mocks\\RequestMock.js","statementMap":{"0":{"start":{"line":2,"column":0},"end":{"line":2,"column":62}},"1":{"start":{"line":3,"column":23},"end":{"line":9,"column":2}},"2":{"start":{"line":3,"column":41},"end":{"line":9,"column":1}},"3":{"start":{"line":10,"column":0},"end":{"line":10,"column":33}}},"fnMap":{"0":{"name":"(anonymous_0)","decl":{"start":{"line":3,"column":23},"end":{"line":3,"column":24}},"loc":{"start":{"line":3,"column":41},"end":{"line":9,"column":1}},"line":3}},"branchMap":{"0":{"loc":{"start":{"line":3,"column":24},"end":{"line":3,"column":35}},"type":"default-arg","locations":[{"start":{"line":3,"column":33},"end":{"line":3,"column":35}}],"line":3},"1":{"loc":{"start":{"line":4,"column":10},"end":{"line":4,"column":27}},"type":"binary-expr","locations":[{"start":{"line":4,"column":10},"end":{"line":4,"column":21}},{"start":{"line":4,"column":25},"end":{"line":4,"column":27}}],"line":4},"2":{"loc":{"start":{"line":5,"column":10},"end":{"line":5,"column":27}},"type":"binary-expr","locations":[{"start":{"line":5,"column":10},"end":{"line":5,"column":21}},{"start":{"line":5,"column":25},"end":{"line":5,"column":27}}],"line":5},"3":{"loc":{"start":{"line":6,"column":13},"end":{"line":6,"column":33}},"type":"binary-expr","locations":[{"start":{"line":6,"column":13},"end":{"line":6,"column":27}},{"start":{"line":6,"column":31},"end":{"line":6,"column":33}}],"line":6},"4":{"loc":{"start":{"line":7,"column":12},"end":{"line":7,"column":31}},"type":"binary-expr","locations":[{"start":{"line":7,"column":12},"end":{"line":7,"column":25}},{"start":{"line":7,"column":29},"end":{"line":7,"column":31}}],"line":7},"5":{"loc":{"start":{"line":8,"column":11},"end":{"line":8,"column":29}},"type":"binary-expr","locations":[{"start":{"line":8,"column":11},"end":{"line":8,"column":23}},{"start":{"line":8,"column":27},"end":{"line":8,"column":29}}],"line":8}},"s":{"0":4,"1":4,"2":20,"3":4},"f":{"0":20},"b":{"0":[1],"1":[20,17],"2":[20,14],"3":[20,20],"4":[20,8],"5":[20,18]},"inputSourceMap":null,"_coverageSchema":"1a1c01bbd47fc00a2c39e90264f33305004495a9","hash":"3c721304bb8901e215d3e1ca28218de2a242857f"}
,"C:\\Users\\ignac\\Documents\\GitHub\\express-typeorm-auth0-base\\dist\\mocks\\ResponseMock.js": {"path":"C:\\Users\\ignac\\Documents\\GitHub\\express-typeorm-auth0-base\\dist\\mocks\\ResponseMock.js","statementMap":{"0":{"start":{"line":2,"column":22},"end":{"line":4,"column":1}},"1":{"start":{"line":3,"column":4},"end":{"line":3,"column":62}},"2":{"start":{"line":5,"column":0},"end":{"line":5,"column":62}},"3":{"start":{"line":6,"column":16},"end":{"line":6,"column":49}},"4":{"start":{"line":7,"column":24},"end":{"line":13,"column":1}},"5":{"start":{"line":8,"column":16},"end":{"line":8,"column":18}},"6":{"start":{"line":9,"column":4},"end":{"line":9,"column":53}},"7":{"start":{"line":10,"column":4},"end":{"line":10,"column":38}},"8":{"start":{"line":11,"column":4},"end":{"line":11,"column":44}},"9":{"start":{"line":12,"column":4},"end":{"line":12,"column":15}},"10":{"start":{"line":14,"column":0},"end":{"line":14,"column":34}}},"fnMap":{"0":{"name":"(anonymous_0)","decl":{"start":{"line":2,"column":56},"end":{"line":2,"column":57}},"loc":{"start":{"line":2,"column":71},"end":{"line":4,"column":1}},"line":2},"1":{"name":"(anonymous_1)","decl":{"start":{"line":7,"column":24},"end":{"line":7,"column":25}},"loc":{"start":{"line":7,"column":30},"end":{"line":13,"column":1}},"line":7}},"branchMap":{"0":{"loc":{"start":{"line":2,"column":22},"end":{"line":4,"column":1}},"type":"binary-expr","locations":[{"start":{"line":2,"column":23},"end":{"line":2,"column":27}},{"start":{"line":2,"column":31},"end":{"line":2,"column":51}},{"start":{"line":2,"column":56},"end":{"line":4,"column":1}}],"line":2},"1":{"loc":{"start":{"line":3,"column":11},"end":{"line":3,"column":61}},"type":"cond-expr","locations":[{"start":{"line":3,"column":37},"end":{"line":3,"column":40}},{"start":{"line":3,"column":43},"end":{"line":3,"column":61}}],"line":3},"2":{"loc":{"start":{"line":3,"column":12},"end":{"line":3,"column":33}},"type":"binary-expr","locations":[{"start":{"line":3,"column":12},"end":{"line":3,"column":15}},{"start":{"line":3,"column":19},"end":{"line":3,"column":33}}],"line":3}},"s":{"0":2,"1":2,"2":2,"3":2,"4":2,"5":16,"6":16,"7":16,"8":16,"9":16,"10":2},"f":{"0":2,"1":16},"b":{"0":[2,2,2],"1":[0,2],"2":[2,2]},"inputSourceMap":null,"_coverageSchema":"1a1c01bbd47fc00a2c39e90264f33305004495a9","hash":"aa1c87a68eb58ba484fc9225d6d933ea7a87a8db"}
,"C:\\Users\\ignac\\Documents\\GitHub\\express-typeorm-auth0-base\\dist\\mocks\\UserMock.js": {"path":"C:\\Users\\ignac\\Documents\\GitHub\\express-typeorm-auth0-base\\dist\\mocks\\UserMock.js","statementMap":{"0":{"start":{"line":2,"column":22},"end":{"line":8,"column":3}},"1":{"start":{"line":3,"column":4},"end":{"line":3,"column":33}},"2":{"start":{"line":3,"column":26},"end":{"line":3,"column":33}},"3":{"start":{"line":4,"column":4},"end":{"line":4,"column":89}},"4":{"start":{"line":4,"column":71},"end":{"line":4,"column":83}},"5":{"start":{"line":6,"column":4},"end":{"line":6,"column":33}},"6":{"start":{"line":6,"column":26},"end":{"line":6,"column":33}},"7":{"start":{"line":7,"column":4},"end":{"line":7,"column":17}},"8":{"start":{"line":9,"column":25},"end":{"line":13,"column":2}},"9":{"start":{"line":10,"column":4},"end":{"line":10,"column":72}},"10":{"start":{"line":12,"column":4},"end":{"line":12,"column":21}},"11":{"start":{"line":14,"column":19},"end":{"line":20,"column":1}},"12":{"start":{"line":15,"column":4},"end":{"line":15,"column":42}},"13":{"start":{"line":15,"column":31},"end":{"line":15,"column":42}},"14":{"start":{"line":16,"column":17},"end":{"line":16,"column":19}},"15":{"start":{"line":17,"column":4},"end":{"line":17,"column":141}},"16":{"start":{"line":17,"column":21},"end":{"line":17,"column":141}},"17":{"start":{"line":17,"column":40},"end":{"line":17,"column":141}},"18":{"start":{"line":17,"column":109},"end":{"line":17,"column":141}},"19":{"start":{"line":18,"column":4},"end":{"line":18,"column":36}},"20":{"start":{"line":19,"column":4},"end":{"line":19,"column":18}},"21":{"start":{"line":21,"column":0},"end":{"line":21,"column":62}},"22":{"start":{"line":22,"column":15},"end":{"line":22,"column":56}},"23":{"start":{"line":23,"column":20},"end":{"line":35,"column":2}},"24":{"start":{"line":23,"column":26},"end":{"line":35,"column":2}},"25":{"start":{"line":36,"column":0},"end":{"line":36,"column":30}}},"fnMap":{"0":{"name":"(anonymous_0)","decl":{"start":{"line":2,"column":74},"end":{"line":2,"column":75}},"loc":{"start":{"line":2,"column":96},"end":{"line":5,"column":1}},"line":2},"1":{"name":"(anonymous_1)","decl":{"start":{"line":4,"column":58},"end":{"line":4,"column":59}},"loc":{"start":{"line":4,"column":69},"end":{"line":4,"column":85}},"line":4},"2":{"name":"(anonymous_2)","decl":{"start":{"line":5,"column":6},"end":{"line":5,"column":7}},"loc":{"start":{"line":5,"column":28},"end":{"line":8,"column":1}},"line":5},"3":{"name":"(anonymous_3)","decl":{"start":{"line":9,"column":80},"end":{"line":9,"column":81}},"loc":{"start":{"line":9,"column":95},"end":{"line":11,"column":1}},"line":9},"4":{"name":"(anonymous_4)","decl":{"start":{"line":11,"column":5},"end":{"line":11,"column":6}},"loc":{"start":{"line":11,"column":20},"end":{"line":13,"column":1}},"line":11},"5":{"name":"(anonymous_5)","decl":{"start":{"line":14,"column":50},"end":{"line":14,"column":51}},"loc":{"start":{"line":14,"column":65},"end":{"line":20,"column":1}},"line":14},"6":{"name":"(anonymous_6)","decl":{"start":{"line":23,"column":20},"end":{"line":23,"column":21}},"loc":{"start":{"line":23,"column":26},"end":{"line":35,"column":2}},"line":23}},"branchMap":{"0":{"loc":{"start":{"line":2,"column":22},"end":{"line":8,"column":3}},"type":"binary-expr","locations":[{"start":{"line":2,"column":23},"end":{"line":2,"column":27}},{"start":{"line":2,"column":31},"end":{"line":2,"column":51}},{"start":{"line":2,"column":57},"end":{"line":8,"column":2}}],"line":2},"1":{"loc":{"start":{"line":2,"column":57},"end":{"line":8,"column":2}},"type":"cond-expr","locations":[{"start":{"line":2,"column":74},"end":{"line":5,"column":1}},{"start":{"line":5,"column":6},"end":{"line":8,"column":1}}],"line":2},"2":{"loc":{"start":{"line":3,"column":4},"end":{"line":3,"column":33}},"type":"if","locations":[{"start":{"line":3,"column":4},"end":{"line":3,"column":33}},{"start":{},"end":{}}],"line":3},"3":{"loc":{"start":{"line":6,"column":4},"end":{"line":6,"column":33}},"type":"if","locations":[{"start":{"line":6,"column":4},"end":{"line":6,"column":33}},{"start":{},"end":{}}],"line":6},"4":{"loc":{"start":{"line":9,"column":25},"end":{"line":13,"column":2}},"type":"binary-expr","locations":[{"start":{"line":9,"column":26},"end":{"line":9,"column":30}},{"start":{"line":9,"column":34},"end":{"line":9,"column":57}},{"start":{"line":9,"column":63},"end":{"line":13,"column":1}}],"line":9},"5":{"loc":{"start":{"line":9,"column":63},"end":{"line":13,"column":1}},"type":"cond-expr","locations":[{"start":{"line":9,"column":80},"end":{"line":11,"column":1}},{"start":{"line":11,"column":5},"end":{"line":13,"column":1}}],"line":9},"6":{"loc":{"start":{"line":14,"column":19},"end":{"line":20,"column":1}},"type":"binary-expr","locations":[{"start":{"line":14,"column":20},"end":{"line":14,"column":24}},{"start":{"line":14,"column":28},"end":{"line":14,"column":45}},{"start":{"line":14,"column":50},"end":{"line":20,"column":1}}],"line":14},"7":{"loc":{"start":{"line":15,"column":4},"end":{"line":15,"column":42}},"type":"if","locations":[{"start":{"line":15,"column":4},"end":{"line":15,"column":42}},{"start":{},"end":{}}],"line":15},"8":{"loc":{"start":{"line":15,"column":8},"end":{"line":15,"column":29}},"type":"binary-expr","locations":[{"start":{"line":15,"column":8},"end":{"line":15,"column":11}},{"start":{"line":15,"column":15},"end":{"line":15,"column":29}}],"line":15},"9":{"loc":{"start":{"line":17,"column":4},"end":{"line":17,"column":141}},"type":"if","locations":[{"start":{"line":17,"column":4},"end":{"line":17,"column":141}},{"start":{},"end":{}}],"line":17},"10":{"loc":{"start":{"line":17,"column":40},"end":{"line":17,"column":141}},"type":"if","locations":[{"start":{"line":17,"column":40},"end":{"line":17,"column":141}},{"start":{},"end":{}}],"line":17},"11":{"loc":{"start":{"line":17,"column":44},"end":{"line":17,"column":107}},"type":"binary-expr","locations":[{"start":{"line":17,"column":44},"end":{"line":17,"column":59}},{"start":{"line":17,"column":63},"end":{"line":17,"column":107}}],"line":17}},"s":{"0":7,"1":0,"2":0,"3":0,"4":0,"5":0,"6":0,"7":0,"8":7,"9":0,"10":0,"11":7,"12":7,"13":7,"14":0,"15":0,"16":0,"17":0,"18":0,"19":0,"20":0,"21":7,"22":7,"23":7,"24":16,"25":7},"f":{"0":0,"1":0,"2":0,"3":0,"4":0,"5":7,"6":16},"b":{"0":[7,7,7],"1":[7,0],"2":[0,0],"3":[0,0],"4":[7,7,7],"5":[7,0],"6":[7,7,7],"7":[7,0],"8":[7,7],"9":[0,0],"10":[0,0],"11":[0,0]},"inputSourceMap":null,"_coverageSchema":"1a1c01bbd47fc00a2c39e90264f33305004495a9","hash":"75a7cd93843caaba330e2aef01b7a9d3cc192339"}
,"C:\\Users\\ignac\\Documents\\GitHub\\express-typeorm-auth0-base\\dist\\mocks\\photoMock.js": {"path":"C:\\Users\\ignac\\Documents\\GitHub\\express-typeorm-auth0-base\\dist\\mocks\\photoMock.js","statementMap":{"0":{"start":{"line":2,"column":22},"end":{"line":4,"column":1}},"1":{"start":{"line":3,"column":4},"end":{"line":3,"column":62}},"2":{"start":{"line":5,"column":0},"end":{"line":5,"column":62}},"3":{"start":{"line":6,"column":16},"end":{"line":6,"column":61}},"4":{"start":{"line":7,"column":19},"end":{"line":7,"column":57}},"5":{"start":{"line":8,"column":21},"end":{"line":17,"column":2}},"6":{"start":{"line":8,"column":27},"end":{"line":17,"column":2}},"7":{"start":{"line":18,"column":0},"end":{"line":18,"column":31}}},"fnMap":{"0":{"name":"(anonymous_0)","decl":{"start":{"line":2,"column":56},"end":{"line":2,"column":57}},"loc":{"start":{"line":2,"column":71},"end":{"line":4,"column":1}},"line":2},"1":{"name":"(anonymous_1)","decl":{"start":{"line":8,"column":21},"end":{"line":8,"column":22}},"loc":{"start":{"line":8,"column":27},"end":{"line":17,"column":2}},"line":8}},"branchMap":{"0":{"loc":{"start":{"line":2,"column":22},"end":{"line":4,"column":1}},"type":"binary-expr","locations":[{"start":{"line":2,"column":23},"end":{"line":2,"column":27}},{"start":{"line":2,"column":31},"end":{"line":2,"column":51}},{"start":{"line":2,"column":56},"end":{"line":4,"column":1}}],"line":2},"1":{"loc":{"start":{"line":3,"column":11},"end":{"line":3,"column":61}},"type":"cond-expr","locations":[{"start":{"line":3,"column":37},"end":{"line":3,"column":40}},{"start":{"line":3,"column":43},"end":{"line":3,"column":61}}],"line":3},"2":{"loc":{"start":{"line":3,"column":12},"end":{"line":3,"column":33}},"type":"binary-expr","locations":[{"start":{"line":3,"column":12},"end":{"line":3,"column":15}},{"start":{"line":3,"column":19},"end":{"line":3,"column":33}}],"line":3}},"s":{"0":3,"1":6,"2":3,"3":3,"4":3,"5":3,"6":7,"7":3},"f":{"0":6,"1":7},"b":{"0":[3,3,3],"1":[6,0],"2":[6,6]},"inputSourceMap":null,"_coverageSchema":"1a1c01bbd47fc00a2c39e90264f33305004495a9","hash":"7f5108d46194a56d28b968aa04a8fe27addadd1b"}
,"C:\\Users\\ignac\\Documents\\GitHub\\express-typeorm-auth0-base\\dist\\providers\\Config.js": {"path":"C:\\Users\\ignac\\Documents\\GitHub\\express-typeorm-auth0-base\\dist\\providers\\Config.js","statementMap":{"0":{"start":{"line":2,"column":22},"end":{"line":8,"column":3}},"1":{"start":{"line":3,"column":4},"end":{"line":3,"column":33}},"2":{"start":{"line":3,"column":26},"end":{"line":3,"column":33}},"3":{"start":{"line":4,"column":4},"end":{"line":4,"column":89}},"4":{"start":{"line":4,"column":71},"end":{"line":4,"column":83}},"5":{"start":{"line":6,"column":4},"end":{"line":6,"column":33}},"6":{"start":{"line":6,"column":26},"end":{"line":6,"column":33}},"7":{"start":{"line":7,"column":4},"end":{"line":7,"column":17}},"8":{"start":{"line":9,"column":25},"end":{"line":13,"column":2}},"9":{"start":{"line":10,"column":4},"end":{"line":10,"column":72}},"10":{"start":{"line":12,"column":4},"end":{"line":12,"column":21}},"11":{"start":{"line":14,"column":19},"end":{"line":20,"column":1}},"12":{"start":{"line":15,"column":4},"end":{"line":15,"column":42}},"13":{"start":{"line":15,"column":31},"end":{"line":15,"column":42}},"14":{"start":{"line":16,"column":17},"end":{"line":16,"column":19}},"15":{"start":{"line":17,"column":4},"end":{"line":17,"column":141}},"16":{"start":{"line":17,"column":21},"end":{"line":17,"column":141}},"17":{"start":{"line":17,"column":40},"end":{"line":17,"column":141}},"18":{"start":{"line":17,"column":109},"end":{"line":17,"column":141}},"19":{"start":{"line":18,"column":4},"end":{"line":18,"column":36}},"20":{"start":{"line":19,"column":4},"end":{"line":19,"column":18}},"21":{"start":{"line":21,"column":22},"end":{"line":23,"column":1}},"22":{"start":{"line":22,"column":4},"end":{"line":22,"column":62}},"23":{"start":{"line":24,"column":0},"end":{"line":24,"column":62}},"24":{"start":{"line":25,"column":13},"end":{"line":25,"column":42}},"25":{"start":{"line":26,"column":15},"end":{"line":26,"column":46}},"26":{"start":{"line":27,"column":14},"end":{"line":27,"column":54}},"27":{"start":{"line":37,"column":8},"end":{"line":64,"column":9}},"28":{"start":{"line":38,"column":12},"end":{"line":40,"column":15}},"29":{"start":{"line":41,"column":12},"end":{"line":63,"column":14}},"30":{"start":{"line":65,"column":8},"end":{"line":65,"column":32}},"31":{"start":{"line":72,"column":8},"end":{"line":72,"column":67}},"32":{"start":{"line":73,"column":8},"end":{"line":73,"column":44}},"33":{"start":{"line":76,"column":0},"end":{"line":76,"column":25}}},"fnMap":{"0":{"name":"(anonymous_0)","decl":{"start":{"line":2,"column":74},"end":{"line":2,"column":75}},"loc":{"start":{"line":2,"column":96},"end":{"line":5,"column":1}},"line":2},"1":{"name":"(anonymous_1)","decl":{"start":{"line":4,"column":58},"end":{"line":4,"column":59}},"loc":{"start":{"line":4,"column":69},"end":{"line":4,"column":85}},"line":4},"2":{"name":"(anonymous_2)","decl":{"start":{"line":5,"column":6},"end":{"line":5,"column":7}},"loc":{"start":{"line":5,"column":28},"end":{"line":8,"column":1}},"line":5},"3":{"name":"(anonymous_3)","decl":{"start":{"line":9,"column":80},"end":{"line":9,"column":81}},"loc":{"start":{"line":9,"column":95},"end":{"line":11,"column":1}},"line":9},"4":{"name":"(anonymous_4)","decl":{"start":{"line":11,"column":5},"end":{"line":11,"column":6}},"loc":{"start":{"line":11,"column":20},"end":{"line":13,"column":1}},"line":11},"5":{"name":"(anonymous_5)","decl":{"start":{"line":14,"column":50},"end":{"line":14,"column":51}},"loc":{"start":{"line":14,"column":65},"end":{"line":20,"column":1}},"line":14},"6":{"name":"(anonymous_6)","decl":{"start":{"line":21,"column":56},"end":{"line":21,"column":57}},"loc":{"start":{"line":21,"column":71},"end":{"line":23,"column":1}},"line":21},"7":{"name":"(anonymous_7)","decl":{"start":{"line":36,"column":4},"end":{"line":36,"column":5}},"loc":{"start":{"line":36,"column":20},"end":{"line":66,"column":5}},"line":36},"8":{"name":"(anonymous_8)","decl":{"start":{"line":71,"column":4},"end":{"line":71,"column":5}},"loc":{"start":{"line":71,"column":26},"end":{"line":74,"column":5}},"line":71}},"branchMap":{"0":{"loc":{"start":{"line":2,"column":22},"end":{"line":8,"column":3}},"type":"binary-expr","locations":[{"start":{"line":2,"column":23},"end":{"line":2,"column":27}},{"start":{"line":2,"column":31},"end":{"line":2,"column":51}},{"start":{"line":2,"column":57},"end":{"line":8,"column":2}}],"line":2},"1":{"loc":{"start":{"line":2,"column":57},"end":{"line":8,"column":2}},"type":"cond-expr","locations":[{"start":{"line":2,"column":74},"end":{"line":5,"column":1}},{"start":{"line":5,"column":6},"end":{"line":8,"column":1}}],"line":2},"2":{"loc":{"start":{"line":3,"column":4},"end":{"line":3,"column":33}},"type":"if","locations":[{"start":{"line":3,"column":4},"end":{"line":3,"column":33}},{"start":{},"end":{}}],"line":3},"3":{"loc":{"start":{"line":6,"column":4},"end":{"line":6,"column":33}},"type":"if","locations":[{"start":{"line":6,"column":4},"end":{"line":6,"column":33}},{"start":{},"end":{}}],"line":6},"4":{"loc":{"start":{"line":9,"column":25},"end":{"line":13,"column":2}},"type":"binary-expr","locations":[{"start":{"line":9,"column":26},"end":{"line":9,"column":30}},{"start":{"line":9,"column":34},"end":{"line":9,"column":57}},{"start":{"line":9,"column":63},"end":{"line":13,"column":1}}],"line":9},"5":{"loc":{"start":{"line":9,"column":63},"end":{"line":13,"column":1}},"type":"cond-expr","locations":[{"start":{"line":9,"column":80},"end":{"line":11,"column":1}},{"start":{"line":11,"column":5},"end":{"line":13,"column":1}}],"line":9},"6":{"loc":{"start":{"line":14,"column":19},"end":{"line":20,"column":1}},"type":"binary-expr","locations":[{"start":{"line":14,"column":20},"end":{"line":14,"column":24}},{"start":{"line":14,"column":28},"end":{"line":14,"column":45}},{"start":{"line":14,"column":50},"end":{"line":20,"column":1}}],"line":14},"7":{"loc":{"start":{"line":15,"column":4},"end":{"line":15,"column":42}},"type":"if","locations":[{"start":{"line":15,"column":4},"end":{"line":15,"column":42}},{"start":{},"end":{}}],"line":15},"8":{"loc":{"start":{"line":15,"column":8},"end":{"line":15,"column":29}},"type":"binary-expr","locations":[{"start":{"line":15,"column":8},"end":{"line":15,"column":11}},{"start":{"line":15,"column":15},"end":{"line":15,"column":29}}],"line":15},"9":{"loc":{"start":{"line":17,"column":4},"end":{"line":17,"column":141}},"type":"if","locations":[{"start":{"line":17,"column":4},"end":{"line":17,"column":141}},{"start":{},"end":{}}],"line":17},"10":{"loc":{"start":{"line":17,"column":40},"end":{"line":17,"column":141}},"type":"if","locations":[{"start":{"line":17,"column":40},"end":{"line":17,"column":141}},{"start":{},"end":{}}],"line":17},"11":{"loc":{"start":{"line":17,"column":44},"end":{"line":17,"column":107}},"type":"binary-expr","locations":[{"start":{"line":17,"column":44},"end":{"line":17,"column":59}},{"start":{"line":17,"column":63},"end":{"line":17,"column":107}}],"line":17},"12":{"loc":{"start":{"line":21,"column":22},"end":{"line":23,"column":1}},"type":"binary-expr","locations":[{"start":{"line":21,"column":23},"end":{"line":21,"column":27}},{"start":{"line":21,"column":31},"end":{"line":21,"column":51}},{"start":{"line":21,"column":56},"end":{"line":23,"column":1}}],"line":21},"13":{"loc":{"start":{"line":22,"column":11},"end":{"line":22,"column":61}},"type":"cond-expr","locations":[{"start":{"line":22,"column":37},"end":{"line":22,"column":40}},{"start":{"line":22,"column":43},"end":{"line":22,"column":61}}],"line":22},"14":{"loc":{"start":{"line":22,"column":12},"end":{"line":22,"column":33}},"type":"binary-expr","locations":[{"start":{"line":22,"column":12},"end":{"line":22,"column":15}},{"start":{"line":22,"column":19},"end":{"line":22,"column":33}}],"line":22},"15":{"loc":{"start":{"line":37,"column":8},"end":{"line":64,"column":9}},"type":"if","locations":[{"start":{"line":37,"column":8},"end":{"line":64,"column":9}},{"start":{},"end":{}}],"line":37},"16":{"loc":{"start":{"line":42,"column":27},"end":{"line":42,"column":55}},"type":"binary-expr","locations":[{"start":{"line":42,"column":27},"end":{"line":42,"column":49}},{"start":{"line":42,"column":53},"end":{"line":42,"column":55}}],"line":42},"17":{"loc":{"start":{"line":43,"column":32},"end":{"line":43,"column":82}},"type":"binary-expr","locations":[{"start":{"line":43,"column":32},"end":{"line":43,"column":59}},{"start":{"line":43,"column":63},"end":{"line":43,"column":82}}],"line":43},"18":{"loc":{"start":{"line":44,"column":25},"end":{"line":44,"column":57}},"type":"binary-expr","locations":[{"start":{"line":44,"column":25},"end":{"line":44,"column":45}},{"start":{"line":44,"column":49},"end":{"line":44,"column":57}}],"line":44},"19":{"loc":{"start":{"line":45,"column":24},"end":{"line":45,"column":58}},"type":"binary-expr","locations":[{"start":{"line":45,"column":24},"end":{"line":45,"column":43}},{"start":{"line":45,"column":47},"end":{"line":45,"column":58}}],"line":45},"20":{"loc":{"start":{"line":50,"column":30},"end":{"line":50,"column":70}},"type":"binary-expr","locations":[{"start":{"line":50,"column":30},"end":{"line":50,"column":55}},{"start":{"line":50,"column":59},"end":{"line":50,"column":70}}],"line":50},"21":{"loc":{"start":{"line":51,"column":30},"end":{"line":51,"column":65}},"type":"binary-expr","locations":[{"start":{"line":51,"column":30},"end":{"line":51,"column":55}},{"start":{"line":51,"column":59},"end":{"line":51,"column":65}}],"line":51},"22":{"loc":{"start":{"line":52,"column":34},"end":{"line":52,"column":77}},"type":"binary-expr","locations":[{"start":{"line":52,"column":34},"end":{"line":52,"column":63}},{"start":{"line":52,"column":67},"end":{"line":52,"column":77}}],"line":52},"23":{"loc":{"start":{"line":53,"column":30},"end":{"line":55,"column":26}},"type":"cond-expr","locations":[{"start":{"line":54,"column":22},"end":{"line":54,"column":55}},{"start":{"line":55,"column":22},"end":{"line":55,"column":26}}],"line":53},"24":{"loc":{"start":{"line":56,"column":30},"end":{"line":56,"column":73}},"type":"binary-expr","locations":[{"start":{"line":56,"column":30},"end":{"line":56,"column":59}},{"start":{"line":56,"column":63},"end":{"line":56,"column":73}}],"line":56},"25":{"loc":{"start":{"line":58,"column":22},"end":{"line":60,"column":26}},"type":"cond-expr","locations":[{"start":{"line":59,"column":22},"end":{"line":59,"column":46}},{"start":{"line":60,"column":22},"end":{"line":60,"column":26}}],"line":58}},"s":{"0":6,"1":108,"2":108,"3":108,"4":0,"5":0,"6":0,"7":0,"8":6,"9":12,"10":0,"11":6,"12":12,"13":0,"14":12,"15":12,"16":12,"17":108,"18":108,"19":12,"20":12,"21":6,"22":6,"23":6,"24":6,"25":6,"26":6,"27":0,"28":0,"29":0,"30":0,"31":0,"32":0,"33":6},"f":{"0":108,"1":0,"2":0,"3":12,"4":0,"5":12,"6":6,"7":0,"8":0},"b":{"0":[6,6,6],"1":[6,0],"2":[108,0],"3":[0,0],"4":[6,6,6],"5":[6,0],"6":[6,6,6],"7":[0,12],"8":[12,12],"9":[12,0],"10":[108,0],"11":[108,108],"12":[6,6,6],"13":[6,0],"14":[6,6],"15":[0,0],"16":[0,0],"17":[0,0],"18":[0,0],"19":[0,0],"20":[0,0],"21":[0,0],"22":[0,0],"23":[0,0],"24":[0,0],"25":[0,0]},"inputSourceMap":null,"_coverageSchema":"1a1c01bbd47fc00a2c39e90264f33305004495a9","hash":"8d8a7652623d172ae8b51d5b676e93ade0502029"}
,"C:\\Users\\ignac\\Documents\\GitHub\\express-typeorm-auth0-base\\dist\\providers\\Database.js": {"path":"C:\\Users\\ignac\\Documents\\GitHub\\express-typeorm-auth0-base\\dist\\providers\\Database.js","statementMap":{"0":{"start":{"line":2,"column":22},"end":{"line":4,"column":1}},"1":{"start":{"line":3,"column":4},"end":{"line":3,"column":62}},"2":{"start":{"line":5,"column":0},"end":{"line":5,"column":62}},"3":{"start":{"line":6,"column":18},"end":{"line":6,"column":36}},"4":{"start":{"line":7,"column":14},"end":{"line":7,"column":54}},"5":{"start":{"line":8,"column":17},"end":{"line":8,"column":53}},"6":{"start":{"line":14,"column":8},"end":{"line":14,"column":56}},"7":{"start":{"line":15,"column":133},"end":{"line":15,"column":158}},"8":{"start":{"line":16,"column":8},"end":{"line":29,"column":67}},"9":{"start":{"line":29,"column":22},"end":{"line":29,"column":65}},"10":{"start":{"line":32,"column":8},"end":{"line":32,"column":46}},"11":{"start":{"line":35,"column":0},"end":{"line":35,"column":27}}},"fnMap":{"0":{"name":"(anonymous_0)","decl":{"start":{"line":2,"column":56},"end":{"line":2,"column":57}},"loc":{"start":{"line":2,"column":71},"end":{"line":4,"column":1}},"line":2},"1":{"name":"(anonymous_1)","decl":{"start":{"line":13,"column":4},"end":{"line":13,"column":5}},"loc":{"start":{"line":13,"column":18},"end":{"line":30,"column":5}},"line":13},"2":{"name":"(anonymous_2)","decl":{"start":{"line":29,"column":16},"end":{"line":29,"column":17}},"loc":{"start":{"line":29,"column":22},"end":{"line":29,"column":65}},"line":29},"3":{"name":"(anonymous_3)","decl":{"start":{"line":31,"column":4},"end":{"line":31,"column":5}},"loc":{"start":{"line":31,"column":27},"end":{"line":33,"column":5}},"line":31}},"branchMap":{"0":{"loc":{"start":{"line":2,"column":22},"end":{"line":4,"column":1}},"type":"binary-expr","locations":[{"start":{"line":2,"column":23},"end":{"line":2,"column":27}},{"start":{"line":2,"column":31},"end":{"line":2,"column":51}},{"start":{"line":2,"column":56},"end":{"line":4,"column":1}}],"line":2},"1":{"loc":{"start":{"line":3,"column":11},"end":{"line":3,"column":61}},"type":"cond-expr","locations":[{"start":{"line":3,"column":37},"end":{"line":3,"column":40}},{"start":{"line":3,"column":43},"end":{"line":3,"column":61}}],"line":3},"2":{"loc":{"start":{"line":3,"column":12},"end":{"line":3,"column":33}},"type":"binary-expr","locations":[{"start":{"line":3,"column":12},"end":{"line":3,"column":15}},{"start":{"line":3,"column":19},"end":{"line":3,"column":33}}],"line":3}},"s":{"0":6,"1":12,"2":6,"3":6,"4":6,"5":6,"6":0,"7":0,"8":0,"9":0,"10":0,"11":6},"f":{"0":12,"1":0,"2":0,"3":0},"b":{"0":[6,6,6],"1":[12,0],"2":[12,12]},"inputSourceMap":null,"_coverageSchema":"1a1c01bbd47fc00a2c39e90264f33305004495a9","hash":"49a2651764888dc15faff6e60fec6ef9ca49a2f2"}
,"C:\\Users\\ignac\\Documents\\GitHub\\express-typeorm-auth0-base\\dist\\repositories\\PhotoRepository.js": {"path":"C:\\Users\\ignac\\Documents\\GitHub\\express-typeorm-auth0-base\\dist\\repositories\\PhotoRepository.js","statementMap":{"0":{"start":{"line":2,"column":22},"end":{"line":4,"column":1}},"1":{"start":{"line":3,"column":4},"end":{"line":3,"column":62}},"2":{"start":{"line":5,"column":0},"end":{"line":5,"column":62}},"3":{"start":{"line":6,"column":16},"end":{"line":6,"column":61}},"4":{"start":{"line":7,"column":19},"end":{"line":7,"column":68}},"5":{"start":{"line":11,"column":24},"end":{"line":22,"column":2}},"6":{"start":{"line":11,"column":30},"end":{"line":22,"column":2}},"7":{"start":{"line":14,"column":26},"end":{"line":14,"column":28}},"8":{"start":{"line":15,"column":8},"end":{"line":16,"column":35}},"9":{"start":{"line":16,"column":12},"end":{"line":16,"column":35}},"10":{"start":{"line":17,"column":8},"end":{"line":20,"column":11}},"11":{"start":{"line":23,"column":0},"end":{"line":23,"column":34}}},"fnMap":{"0":{"name":"(anonymous_0)","decl":{"start":{"line":2,"column":56},"end":{"line":2,"column":57}},"loc":{"start":{"line":2,"column":71},"end":{"line":4,"column":1}},"line":2},"1":{"name":"(anonymous_1)","decl":{"start":{"line":11,"column":24},"end":{"line":11,"column":25}},"loc":{"start":{"line":11,"column":30},"end":{"line":22,"column":2}},"line":11},"2":{"name":"(anonymous_2)","decl":{"start":{"line":13,"column":4},"end":{"line":13,"column":5}},"loc":{"start":{"line":13,"column":36},"end":{"line":21,"column":5}},"line":13}},"branchMap":{"0":{"loc":{"start":{"line":2,"column":22},"end":{"line":4,"column":1}},"type":"binary-expr","locations":[{"start":{"line":2,"column":23},"end":{"line":2,"column":27}},{"start":{"line":2,"column":31},"end":{"line":2,"column":51}},{"start":{"line":2,"column":56},"end":{"line":4,"column":1}}],"line":2},"1":{"loc":{"start":{"line":3,"column":11},"end":{"line":3,"column":61}},"type":"cond-expr","locations":[{"start":{"line":3,"column":37},"end":{"line":3,"column":40}},{"start":{"line":3,"column":43},"end":{"line":3,"column":61}}],"line":3},"2":{"loc":{"start":{"line":3,"column":12},"end":{"line":3,"column":33}},"type":"binary-expr","locations":[{"start":{"line":3,"column":12},"end":{"line":3,"column":15}},{"start":{"line":3,"column":19},"end":{"line":3,"column":33}}],"line":3},"3":{"loc":{"start":{"line":15,"column":8},"end":{"line":16,"column":35}},"type":"if","locations":[{"start":{"line":15,"column":8},"end":{"line":16,"column":35}},{"start":{},"end":{}}],"line":15}},"s":{"0":2,"1":4,"2":2,"3":2,"4":2,"5":2,"6":0,"7":0,"8":0,"9":0,"10":0,"11":2},"f":{"0":4,"1":0,"2":0},"b":{"0":[2,2,2],"1":[4,0],"2":[4,4],"3":[0,0]},"inputSourceMap":null,"_coverageSchema":"1a1c01bbd47fc00a2c39e90264f33305004495a9","hash":"b4f276c720df71f59dd5dd53818fac9584591f27"}
,"C:\\Users\\ignac\\Documents\\GitHub\\express-typeorm-auth0-base\\dist\\repositories\\UserRepository.js": {"path":"C:\\Users\\ignac\\Documents\\GitHub\\express-typeorm-auth0-base\\dist\\repositories\\UserRepository.js","statementMap":{"0":{"start":{"line":2,"column":22},"end":{"line":4,"column":1}},"1":{"start":{"line":3,"column":4},"end":{"line":3,"column":62}},"2":{"start":{"line":5,"column":0},"end":{"line":5,"column":62}},"3":{"start":{"line":6,"column":19},"end":{"line":6,"column":68}},"4":{"start":{"line":7,"column":15},"end":{"line":7,"column":59}},"5":{"start":{"line":11,"column":23},"end":{"line":19,"column":2}},"6":{"start":{"line":11,"column":29},"end":{"line":19,"column":2}},"7":{"start":{"line":14,"column":8},"end":{"line":14,"column":50}},"8":{"start":{"line":17,"column":8},"end":{"line":17,"column":47}},"9":{"start":{"line":20,"column":0},"end":{"line":20,"column":33}}},"fnMap":{"0":{"name":"(anonymous_0)","decl":{"start":{"line":2,"column":56},"end":{"line":2,"column":57}},"loc":{"start":{"line":2,"column":71},"end":{"line":4,"column":1}},"line":2},"1":{"name":"(anonymous_1)","decl":{"start":{"line":11,"column":23},"end":{"line":11,"column":24}},"loc":{"start":{"line":11,"column":29},"end":{"line":19,"column":2}},"line":11},"2":{"name":"(anonymous_2)","decl":{"start":{"line":13,"column":4},"end":{"line":13,"column":5}},"loc":{"start":{"line":13,"column":23},"end":{"line":15,"column":5}},"line":13},"3":{"name":"(anonymous_3)","decl":{"start":{"line":16,"column":4},"end":{"line":16,"column":5}},"loc":{"start":{"line":16,"column":17},"end":{"line":18,"column":5}},"line":16}},"branchMap":{"0":{"loc":{"start":{"line":2,"column":22},"end":{"line":4,"column":1}},"type":"binary-expr","locations":[{"start":{"line":2,"column":23},"end":{"line":2,"column":27}},{"start":{"line":2,"column":31},"end":{"line":2,"column":51}},{"start":{"line":2,"column":56},"end":{"line":4,"column":1}}],"line":2},"1":{"loc":{"start":{"line":3,"column":11},"end":{"line":3,"column":61}},"type":"cond-expr","locations":[{"start":{"line":3,"column":37},"end":{"line":3,"column":40}},{"start":{"line":3,"column":43},"end":{"line":3,"column":61}}],"line":3},"2":{"loc":{"start":{"line":3,"column":12},"end":{"line":3,"column":33}},"type":"binary-expr","locations":[{"start":{"line":3,"column":12},"end":{"line":3,"column":15}},{"start":{"line":3,"column":19},"end":{"line":3,"column":33}}],"line":3}},"s":{"0":4,"1":8,"2":4,"3":4,"4":4,"5":4,"6":0,"7":0,"8":0,"9":4},"f":{"0":8,"1":0,"2":0,"3":0},"b":{"0":[4,4,4],"1":[8,0],"2":[8,8]},"inputSourceMap":null,"_coverageSchema":"1a1c01bbd47fc00a2c39e90264f33305004495a9","hash":"f0faad5a3eb238c382219616d1b0e09f0590fef3"}
[...]
,"C:\\Users\\ignac\\Documents\\GitHub\\express-typeorm-auth0-base\\src\\mocks\\UserMock.ts": {"path":"C:\\Users\\ignac\\Documents\\GitHub\\express-typeorm-auth0-base\\src\\mocks\\UserMock.ts","statementMap":{"0":{"start":{"line":1,"column":0},"end":{"line":1,"column":50}},"1":{"start":{"line":4,"column":20},"end":{"line":16,"column":2}},"2":{"start":{"line":4,"column":26},"end":{"line":16,"column":2}},"3":{"start":{"line":18,"column":0},"end":{"line":18,"column":27}}},"fnMap":{"0":{"name":"(anonymous_6)","decl":{"start":{"line":4,"column":20},"end":{"line":4,"column":23}},"loc":{"start":{"line":4,"column":26},"end":{"line":16,"column":2}}}},"branchMap":{},"s":{"0":7,"1":7,"2":16,"3":7},"f":{"0":16},"b":{}}
,"C:\\Users\\ignac\\Documents\\GitHub\\express-typeorm-auth0-base\\src\\providers\\Config.ts": {"path":"C:\\Users\\ignac\\Documents\\GitHub\\express-typeorm-auth0-base\\src\\providers\\Config.ts","statementMap":{"0":{"start":{"line":1,"column":0},"end":{"line":1,"column":29}},"1":{"start":{"line":2,"column":0},"end":{"line":2,"column":33}},"2":{"start":{"line":5,"column":0},"end":{"line":5,"column":31}},"3":{"start":{"line":37,"column":4},"end":{"line":66,"column":null}},"4":{"start":{"line":38,"column":6},"end":{"line":42,"column":9}},"5":{"start":{"line":43,"column":6},"end":{"line":65,"column":8}},"6":{"start":{"line":68,"column":4},"end":{"line":68,"column":28}},"7":{"start":{"line":76,"column":4},"end":{"line":76,"column":53}},"8":{"start":{"line":77,"column":4},"end":{"line":77,"column":40}},"9":{"start":{"line":81,"column":0},"end":{"line":81,"column":22}}},"fnMap":{"0":{"name":"(anonymous_7)","decl":{"start":{"line":36,"column":9},"end":{"line":36,"column":15}},"loc":{"start":{"line":36,"column":22},"end":{"line":69,"column":3}}},"1":{"name":"(anonymous_8)","decl":{"start":{"line":75,"column":9},"end":{"line":75,"column":15}},"loc":{"start":{"line":75,"column":42},"end":{"line":78,"column":3}}}},"branchMap":{"0":{"loc":{"start":{"line":37,"column":4},"end":{"line":66,"column":null}},"type":"if","locations":[{"start":{"line":37,"column":4},"end":{"line":66,"column":null}}]},"1":{"loc":{"start":{"line":44,"column":29},"end":{"line":44,"column":57}},"type":"binary-expr","locations":[{"start":{"line":44,"column":29},"end":{"line":44,"column":51}},{"start":{"line":44,"column":55},"end":{"line":44,"column":57}}]},"2":{"loc":{"start":{"line":45,"column":29},"end":{"line":45,"column":79}},"type":"binary-expr","locations":[{"start":{"line":45,"column":29},"end":{"line":45,"column":56}},{"start":{"line":45,"column":60},"end":{"line":45,"column":79}}]},"3":{"loc":{"start":{"line":46,"column":29},"end":{"line":46,"column":61}},"type":"binary-expr","locations":[{"start":{"line":46,"column":29},"end":{"line":46,"column":49}},{"start":{"line":46,"column":53},"end":{"line":46,"column":61}}]},"4":{"loc":{"start":{"line":47,"column":29},"end":{"line":47,"column":63}},"type":"binary-expr","locations":[{"start":{"line":47,"column":29},"end":{"line":47,"column":48}},{"start":{"line":47,"column":52},"end":{"line":47,"column":63}}]},"5":{"loc":{"start":{"line":52,"column":29},"end":{"line":52,"column":69}},"type":"binary-expr","locations":[{"start":{"line":52,"column":29},"end":{"line":52,"column":54}},{"start":{"line":52,"column":58},"end":{"line":52,"column":69}}]},"6":{"loc":{"start":{"line":53,"column":29},"end":{"line":53,"column":64}},"type":"binary-expr","locations":[{"start":{"line":53,"column":29},"end":{"line":53,"column":54}},{"start":{"line":53,"column":58},"end":{"line":53,"column":64}}]},"7":{"loc":{"start":{"line":54,"column":29},"end":{"line":54,"column":72}},"type":"binary-expr","locations":[{"start":{"line":54,"column":29},"end":{"line":54,"column":58}},{"start":{"line":54,"column":62},"end":{"line":54,"column":72}}]},"8":{"loc":{"start":{"line":55,"column":29},"end":{"line":57,"column":16}},"type":"cond-expr","locations":[{"start":{"line":56,"column":12},"end":{"line":56,"column":45}},{"start":{"line":57,"column":12},"end":{"line":57,"column":16}}]},"9":{"loc":{"start":{"line":58,"column":23},"end":{"line":58,"column":66}},"type":"binary-expr","locations":[{"start":{"line":58,"column":23},"end":{"line":58,"column":52}},{"start":{"line":58,"column":56},"end":{"line":58,"column":66}}]},"10":{"loc":{"start":{"line":60,"column":23},"end":{"line":62,"column":16}},"type":"cond-expr","locations":[{"start":{"line":61,"column":12},"end":{"line":61,"column":36}},{"start":{"line":62,"column":12},"end":{"line":62,"column":16}}]}},"s":{"0":6,"1":6,"2":6,"3":0,"4":0,"5":0,"6":0,"7":0,"8":0,"9":6},"f":{"0":0,"1":0},"b":{"0":[0],"1":[0,0],"2":[0,0],"3":[0,0],"4":[0,0],"5":[0,0],"6":[0,0],"7":[0,0],"8":[0,0],"9":[0,0],"10":[0,0]}}
,"C:\\Users\\ignac\\Documents\\GitHub\\express-typeorm-auth0-base\\src\\providers\\Database.ts": {"path":"C:\\Users\\ignac\\Documents\\GitHub\\express-typeorm-auth0-base\\src\\providers\\Database.ts","statementMap":{"0":{"start":{"line":1,"column":0},"end":{"line":1,"column":null}},"1":{"start":{"line":5,"column":0},"end":{"line":5,"column":31}},"2":{"start":{"line":6,"column":0},"end":{"line":6,"column":30}},"3":{"start":{"line":13,"column":4},"end":{"line":13,"column":42}},"4":{"start":{"line":22,"column":8},"end":{"line":22,"column":23}},"5":{"start":{"line":24,"column":4},"end":{"line":37,"column":53}},"6":{"start":{"line":37,"column":18},"end":{"line":37,"column":51}},"7":{"start":{"line":41,"column":4},"end":{"line":41,"column":34}},"8":{"start":{"line":45,"column":0},"end":{"line":45,"column":24}}},"fnMap":{"0":{"name":"(anonymous_1)","decl":{"start":{"line":12,"column":9},"end":{"line":12,"column":15}},"loc":{"start":{"line":12,"column":20},"end":{"line":38,"column":3}}},"1":{"name":"(anonymous_2)","decl":{"start":{"line":37,"column":12},"end":{"line":37,"column":15}},"loc":{"start":{"line":37,"column":18},"end":{"line":37,"column":51}}},"2":{"name":"(anonymous_3)","decl":{"start":{"line":40,"column":9},"end":{"line":40,"column":15}},"loc":{"start":{"line":40,"column":29},"end":{"line":42,"column":3}}}},"branchMap":{},"s":{"0":6,"1":6,"2":6,"3":0,"4":0,"5":0,"6":0,"7":0,"8":6},"f":{"0":0,"1":0,"2":0},"b":{}}
,"C:\\Users\\ignac\\Documents\\GitHub\\express-typeorm-auth0-base\\src\\repositories\\PhotoRepository.ts": {"path":"C:\\Users\\ignac\\Documents\\GitHub\\express-typeorm-auth0-base\\src\\repositories\\PhotoRepository.ts","statementMap":{"0":{"start":{"line":1,"column":0},"end":{"line":1,"column":38}},"1":{"start":{"line":2,"column":0},"end":{"line":2,"column":45}},"2":{"start":{"line":12,"column":24},"end":{"line":25,"column":4}},"3":{"start":{"line":12,"column":50},"end":{"line":25,"column":4}},"4":{"start":{"line":17,"column":24},"end":{"line":17,"column":26}},"5":{"start":{"line":19,"column":6},"end":{"line":19,"column":53}},"6":{"start":{"line":19,"column":30},"end":{"line":19,"column":53}},"7":{"start":{"line":20,"column":6},"end":{"line":23,"column":9}},"8":{"start":{"line":27,"column":0},"end":{"line":27,"column":31}}},"fnMap":{"0":{"name":"(anonymous_1)","decl":{"start":{"line":12,"column":24},"end":{"line":12,"column":47}},"loc":{"start":{"line":12,"column":50},"end":{"line":25,"column":4}}},"1":{"name":"(anonymous_2)","decl":{"start":{"line":14,"column":4},"end":{"line":14,"column":16}},"loc":{"start":{"line":15,"column":46},"end":{"line":24,"column":5}}}},"branchMap":{"0":{"loc":{"start":{"line":19,"column":6},"end":{"line":19,"column":53}},"type":"if","locations":[{"start":{"line":19,"column":6},"end":{"line":19,"column":53}}]}},"s":{"0":2,"1":2,"2":2,"3":0,"4":0,"5":0,"6":0,"7":0,"8":2},"f":{"0":0,"1":0},"b":{"0":[0]}}
,"C:\\Users\\ignac\\Documents\\GitHub\\express-typeorm-auth0-base\\src\\repositories\\UserRepository.ts": {"path":"C:\\Users\\ignac\\Documents\\GitHub\\express-typeorm-auth0-base\\src\\repositories\\UserRepository.ts","statementMap":{"0":{"start":{"line":2,"column":0},"end":{"line":2,"column":45}},"1":{"start":{"line":3,"column":0},"end":{"line":3,"column":36}},"2":{"start":{"line":8,"column":23},"end":{"line":17,"column":4}},"3":{"start":{"line":8,"column":47},"end":{"line":17,"column":4}},"4":{"start":{"line":11,"column":6},"end":{"line":11,"column":48}},"5":{"start":{"line":15,"column":6},"end":{"line":15,"column":45}},"6":{"start":{"line":19,"column":0},"end":{"line":19,"column":30}}},"fnMap":{"0":{"name":"(anonymous_1)","decl":{"start":{"line":8,"column":23},"end":{"line":8,"column":44}},"loc":{"start":{"line":8,"column":47},"end":{"line":17,"column":4}}},"1":{"name":"(anonymous_2)","decl":{"start":{"line":10,"column":4},"end":{"line":10,"column":15}},"loc":{"start":{"line":10,"column":29},"end":{"line":12,"column":5}}},"2":{"name":"(anonymous_3)","decl":{"start":{"line":14,"column":4},"end":{"line":14,"column":12}},"loc":{"start":{"line":14,"column":23},"end":{"line":16,"column":5}}}},"branchMap":{},"s":{"0":4,"1":4,"2":4,"3":0,"4":0,"5":0,"6":4},"f":{"0":0,"1":0,"2":0},"b":{}}
,"C:\\Users\\ignac\\Documents\\GitHub\\express-typeorm-auth0-base\\src\\services\\PhotoService.ts": {"path":"C:\\Users\\ignac\\Documents\\GitHub\\express-typeorm-auth0-base\\src\\services\\PhotoService.ts","statementMap":{"0":{"start":{"line":3,"column":0},"end":{"line":3,"column":88}},"1":{"start":{"line":7,"column":0},"end":{"line":7,"column":64}},"2":{"start":{"line":19,"column":4},"end":{"line":19,"column":29}},"3":{"start":{"line":27,"column":40},"end":{"line":29,"column":38}},"4":{"start":{"line":29,"column":7},"end":{"line":29,"column":38}},"5":{"start":{"line":40,"column":18},"end":{"line":41,"column":null}},"6":{"start":{"line":44,"column":4},"end":{"line":48,"column":null}},"7":{"start":{"line":45,"column":6},"end":{"line":47,"column":9}},"8":{"start":{"line":49,"column":4},"end":{"line":49,"column":17}},"9":{"start":{"line":58,"column":23},"end":{"line":58,"column":32}},"10":{"start":{"line":60,"column":4},"end":{"line":63,"column":7}},"11":{"start":{"line":75,"column":18},"end":{"line":76,"column":null}},"12":{"start":{"line":79,"column":4},"end":{"line":82,"column":7}},"13":{"start":{"line":91,"column":23},"end":{"line":91,"column":64}},"14":{"start":{"line":93,"column":4},"end":{"line":97,"column":null}},"15":{"start":{"line":94,"column":6},"end":{"line":96,"column":9}},"16":{"start":{"line":13,"column":0},"end":{"line":13,"column":21}}},"fnMap":{"0":{"name":"(anonymous_1)","decl":{"start":{"line":18,"column":9},"end":{"line":18,"column":22}},"loc":{"start":{"line":18,"column":22},"end":{"line":20,"column":3}}},"1":{"name":"(anonymous_2)","decl":{"start":{"line":27,"column":40},"end":{"line":27,"column":null}},"loc":{"start":{"line":29,"column":7},"end":{"line":29,"column":38}}},"2":{"name":"(anonymous_3)","decl":{"start":{"line":37,"column":9},"end":{"line":37,"column":14}},"loc":{"start":{"line":38,"column":69},"end":{"line":50,"column":3}}},"3":{"name":"(anonymous_4)","decl":{"start":{"line":57,"column":9},"end":{"line":57,"column":14}},"loc":{"start":{"line":57,"column":57},"end":{"line":64,"column":3}}},"4":{"name":"(anonymous_5)","decl":{"start":{"line":72,"column":9},"end":{"line":72,"column":14}},"loc":{"start":{"line":73,"column":57},"end":{"line":83,"column":3}}},"5":{"name":"(anonymous_6)","decl":{"start":{"line":90,"column":9},"end":{"line":90,"column":14}},"loc":{"start":{"line":90,"column":36},"end":{"line":98,"column":3}}}},"branchMap":{"0":{"loc":{"start":{"line":44,"column":4},"end":{"line":48,"column":null}},"type":"if","locations":[{"start":{"line":44,"column":4},"end":{"line":48,"column":null}}]},"1":{"loc":{"start":{"line":93,"column":4},"end":{"line":97,"column":null}},"type":"if","locations":[{"start":{"line":93,"column":4},"end":{"line":97,"column":null}}]}},"s":{"0":2,"1":2,"2":0,"3":2,"4":2,"5":2,"6":2,"7":1,"8":1,"9":2,"10":2,"11":2,"12":1,"13":2,"14":2,"15":1,"16":2},"f":{"0":0,"1":2,"2":2,"3":2,"4":2,"5":2},"b":{"0":[1],"1":[1]}}
,"C:\\Users\\ignac\\Documents\\GitHub\\express-typeorm-auth0-base\\src\\services\\UserService.ts": {"path":"C:\\Users\\ignac\\Documents\\GitHub\\express-typeorm-auth0-base\\src\\services\\UserService.ts","statementMap":{"0":{"start":{"line":4,"column":0},"end":{"line":4,"column":60}},"1":{"start":{"line":8,"column":0},"end":{"line":8,"column":64}},"2":{"start":{"line":19,"column":4},"end":{"line":19,"column":28}},"3":{"start":{"line":27,"column":40},"end":{"line":29,"column":37}},"4":{"start":{"line":29,"column":7},"end":{"line":29,"column":37}},"5":{"start":{"line":40,"column":17},"end":{"line":40,"column":69}},"6":{"start":{"line":42,"column":4},"end":{"line":46,"column":null}},"7":{"start":{"line":43,"column":6},"end":{"line":45,"column":9}},"8":{"start":{"line":48,"column":4},"end":{"line":48,"column":16}},"9":{"start":{"line":57,"column":4},"end":{"line":57,"column":54}},"10":{"start":{"line":69,"column":17},"end":{"line":70,"column":null}},"11":{"start":{"line":72,"column":17},"end":{"line":72,"column":37}},"12":{"start":{"line":74,"column":4},"end":{"line":77,"column":7}},"13":{"start":{"line":86,"column":23},"end":{"line":86,"column":64}},"14":{"start":{"line":88,"column":4},"end":{"line":92,"column":null}},"15":{"start":{"line":89,"column":6},"end":{"line":91,"column":9}},"16":{"start":{"line":13,"column":0},"end":{"line":13,"column":21}}},"fnMap":{"0":{"name":"(anonymous_1)","decl":{"start":{"line":18,"column":9},"end":{"line":18,"column":22}},"loc":{"start":{"line":18,"column":22},"end":{"line":20,"column":3}}},"1":{"name":"(anonymous_2)","decl":{"start":{"line":27,"column":40},"end":{"line":27,"column":null}},"loc":{"start":{"line":29,"column":7},"end":{"line":29,"column":37}}},"2":{"name":"(anonymous_3)","decl":{"start":{"line":36,"column":9},"end":{"line":36,"column":14}},"loc":{"start":{"line":38,"column":24},"end":{"line":49,"column":3}}},"3":{"name":"(anonymous_4)","decl":{"start":{"line":56,"column":9},"end":{"line":56,"column":14}},"loc":{"start":{"line":56,"column":55},"end":{"line":58,"column":3}}},"4":{"name":"(anonymous_5)","decl":{"start":{"line":66,"column":9},"end":{"line":66,"column":14}},"loc":{"start":{"line":67,"column":55},"end":{"line":78,"column":3}}},"5":{"name":"(anonymous_6)","decl":{"start":{"line":85,"column":9},"end":{"line":85,"column":14}},"loc":{"start":{"line":85,"column":36},"end":{"line":93,"column":3}}}},"branchMap":{"0":{"loc":{"start":{"line":42,"column":4},"end":{"line":46,"column":null}},"type":"if","locations":[{"start":{"line":42,"column":4},"end":{"line":46,"column":null}}]},"1":{"loc":{"start":{"line":88,"column":4},"end":{"line":92,"column":null}},"type":"if","locations":[{"start":{"line":88,"column":4},"end":{"line":92,"column":null}}]}},"s":{"0":4,"1":4,"2":0,"3":4,"4":3,"5":4,"6":4,"7":2,"8":2,"9":2,"10":2,"11":1,"12":1,"13":2,"14":2,"15":1,"16":4},"f":{"0":0,"1":3,"2":4,"3":2,"4":2,"5":2},"b":{"0":[2],"1":[1]}}
,"C:\\Users\\ignac\\Documents\\GitHub\\express-typeorm-auth0-base\\src\\types\\IEntityWithFactoryMethod.ts": {"path":"C:\\Users\\ignac\\Documents\\GitHub\\express-typeorm-auth0-base\\src\\types\\IEntityWithFactoryMethod.ts","statementMap":{"0":{"start":{"line":1,"column":0},"end":{"line":1,"column":null}},"1":{"start":{"line":9,"column":4},"end":{"line":11,"column":6}},"2":{"start":{"line":5,"column":0},"end":{"line":5,"column":21}}},"fnMap":{"0":{"name":"(anonymous_0)","decl":{"start":{"line":6,"column":2},"end":{"line":6,"column":8}},"loc":{"start":{"line":7,"column":41},"end":{"line":12,"column":3}}}},"branchMap":{},"s":{"0":8,"1":23,"2":8},"f":{"0":23},"b":{}}
,"C:\\Users\\ignac\\Documents\\GitHub\\express-typeorm-auth0-base\\src\\utils\\Log.ts": {"path":"C:\\Users\\ignac\\Documents\\GitHub\\express-typeorm-auth0-base\\src\\utils\\Log.ts","statementMap":{"0":{"start":{"line":5,"column":17},"end":{"line":5,"column":27}},"1":{"start":{"line":8,"column":23},"end":{"line":8,"column":107}},"2":{"start":{"line":9,"column":23},"end":{"line":9,"column":103}},"3":{"start":{"line":11,"column":4},"end":{"line":11,"column":53}},"4":{"start":{"line":14,"column":16},"end":{"line":14,"column":81}},"5":{"start":{"line":14,"column":39},"end":{"line":14,"column":81}},"6":{"start":{"line":16,"column":16},"end":{"line":16,"column":82}},"7":{"start":{"line":16,"column":39},"end":{"line":16,"column":82}},"8":{"start":{"line":18,"column":17},"end":{"line":18,"column":84}},"9":{"start":{"line":18,"column":40},"end":{"line":18,"column":84}},"10":{"start":{"line":21,"column":0},"end":{"line":21,"column":25}}},"fnMap":{"0":{"name":"(anonymous_0)","decl":{"start":{"line":7,"column":2},"end":{"line":7,"column":null}},"loc":{"start":{"line":7,"column":2},"end":{"line":12,"column":3}}},"1":{"name":"(anonymous_1)","decl":{"start":{"line":14,"column":16},"end":{"line":14,"column":17}},"loc":{"start":{"line":14,"column":39},"end":{"line":14,"column":81}}},"2":{"name":"(anonymous_2)","decl":{"start":{"line":16,"column":16},"end":{"line":16,"column":17}},"loc":{"start":{"line":16,"column":39},"end":{"line":16,"column":82}}},"3":{"name":"(anonymous_3)","decl":{"start":{"line":18,"column":17},"end":{"line":18,"column":18}},"loc":{"start":{"line":18,"column":40},"end":{"line":18,"column":84}}}},"branchMap":{},"s":{"0":6,"1":6,"2":6,"3":6,"4":6,"5":6,"6":6,"7":0,"8":6,"9":0,"10":6},"f":{"0":6,"1":6,"2":0,"3":0},"b":{}}
,"C:\\Users\\ignac\\Documents\\GitHub\\express-typeorm-auth0-base\\src\\validators\\User\\UserPasswordValidator.ts": {"path":"C:\\Users\\ignac\\Documents\\GitHub\\express-typeorm-auth0-base\\src\\validators\\User\\UserPasswordValidator.ts","statementMap":{"0":{"start":{"line":2,"column":0},"end":{"line":2,"column":null}},"1":{"start":{"line":11,"column":0},"end":{"line":31,"column":null}},"2":{"start":{"line":13,"column":25},"end":{"line":13,"column":41}},"3":{"start":{"line":14,"column":25},"end":{"line":14,"column":42}},"4":{"start":{"line":15,"column":22},"end":{"line":15,"column":40}},"5":{"start":{"line":16,"column":25},"end":{"line":16,"column":43}},"6":{"start":{"line":17,"column":25},"end":{"line":17,"column":44}},"7":{"start":{"line":18,"column":22},"end":{"line":18,"column":55}},"8":{"start":{"line":20,"column":4},"end":{"line":25,"column":22}},"9":{"start":{"line":29,"column":4},"end":{"line":29,"column":57}},"10":{"start":{"line":11,"column":21},"end":{"line":31,"column":null}},"11":{"start":{"line":11,"column":21},"end":{"line":11,"column":null}}},"fnMap":{"0":{"name":"(anonymous_1)","decl":{"start":{"line":12,"column":2},"end":{"line":12,"column":10}},"loc":{"start":{"line":12,"column":23},"end":{"line":26,"column":3}}},"1":{"name":"(anonymous_2)","decl":{"start":{"line":28,"column":2},"end":{"line":28,"column":16}},"loc":{"start":{"line":28,"column":16},"end":{"line":30,"column":3}}}},"branchMap":{"0":{"loc":{"start":{"line":20,"column":11},"end":{"line":25,"column":21}},"type":"binary-expr","locations":[{"start":{"line":20,"column":11},"end":{"line":20,"column":23}},{"start":{"line":21,"column":9},"end":{"line":21,"column":21}},{"start":{"line":22,"column":9},"end":{"line":22,"column":18}},{"start":{"line":23,"column":9},"end":{"line":23,"column":18}},{"start":{"line":24,"column":9},"end":{"line":24,"column":21}},{"start":{"line":25,"column":9},"end":{"line":25,"column":21}}]}},"s":{"0":8,"1":8,"2":0,"3":0,"4":0,"5":0,"6":0,"7":0,"8":0,"9":0,"10":8,"11":8},"f":{"0":0,"1":0},"b":{"0":[0,0,0,0,0,0]}}
}
