{"C:\\Users\\ignac\\Documents\\GitHub\\express-typeorm-auth0-base\\src\\controllers\\UserController.ts": {"path":"C:\\Users\\ignac\\Documents\\GitHub\\express-typeorm-auth0-base\\src\\controllers\\UserController.ts","statementMap":{"0":{"start":{"line":2,"column":0},"end":{"line":2,"column":50}},"1":{"start":{"line":5,"column":0},"end":{"line":5,"column":null}},"2":{"start":{"line":38,"column":4},"end":{"line":38,"column":35}},"3":{"start":{"line":39,"column":4},"end":{"line":39,"column":33}},"4":{"start":{"line":48,"column":36},"end":{"line":56,"column":3}},"5":{"start":{"line":51,"column":17},"end":{"line":51,"column":70}},"6":{"start":{"line":53,"column":4},"end":{"line":55,"column":7}},"7":{"start":{"line":64,"column":54},"end":{"line":72,"column":3}},"8":{"start":{"line":67,"column":17},"end":{"line":67,"column":56}},"9":{"start":{"line":69,"column":4},"end":{"line":71,"column":7}},"10":{"start":{"line":80,"column":58},"end":{"line":91,"column":3}},"11":{"start":{"line":83,"column":30},"end":{"line":83,"column":38}},"12":{"start":{"line":84,"column":17},"end":{"line":85,"column":null}},"13":{"start":{"line":88,"column":4},"end":{"line":90,"column":7}},"14":{"start":{"line":99,"column":39},"end":{"line":104,"column":3}},"15":{"start":{"line":102,"column":4},"end":{"line":102,"column":61}},"16":{"start":{"line":103,"column":4},"end":{"line":103,"column":24}},"17":{"start":{"line":107,"column":0},"end":{"line":107,"column":30}}},"fnMap":{"0":{"name":"(anonymous_1)","decl":{"start":{"line":34,"column":2},"end":{"line":34,"column":null}},"loc":{"start":{"line":36,"column":57},"end":{"line":40,"column":3}}},"1":{"name":"(anonymous_2)","decl":{"start":{"line":48,"column":36},"end":{"line":48,"column":41}},"loc":{"start":{"line":50,"column":6},"end":{"line":56,"column":3}}},"2":{"name":"(anonymous_3)","decl":{"start":{"line":64,"column":54},"end":{"line":64,"column":59}},"loc":{"start":{"line":66,"column":6},"end":{"line":72,"column":3}}},"3":{"name":"(anonymous_4)","decl":{"start":{"line":80,"column":58},"end":{"line":80,"column":63}},"loc":{"start":{"line":82,"column":6},"end":{"line":91,"column":3}}},"4":{"name":"(anonymous_5)","decl":{"start":{"line":99,"column":39},"end":{"line":99,"column":44}},"loc":{"start":{"line":101,"column":6},"end":{"line":104,"column":3}}}},"branchMap":{"0":{"loc":{"start":{"line":35,"column":4},"end":{"line":35,"column":48}},"type":"default-arg","locations":[{"start":{"line":35,"column":31},"end":{"line":35,"column":48}}]},"1":{"loc":{"start":{"line":36,"column":4},"end":{"line":36,"column":57}},"type":"default-arg","locations":[{"start":{"line":36,"column":41},"end":{"line":36,"column":57}}]}},"s":{"0":1,"1":1,"2":6,"3":6,"4":6,"5":2,"6":1,"7":6,"8":2,"9":1,"10":6,"11":2,"12":2,"13":1,"14":6,"15":0,"16":0,"17":1},"f":{"0":6,"1":2,"2":2,"3":2,"4":0},"b":{"0":[0],"1":[6]}}
,"C:\\Users\\ignac\\Documents\\GitHub\\express-typeorm-auth0-base\\src\\entities\\Photo.ts": {"path":"C:\\Users\\ignac\\Documents\\GitHub\\express-typeorm-auth0-base\\src\\entities\\Photo.ts","statementMap":{"0":{"start":{"line":1,"column":0},"end":{"line":1,"column":null}},"1":{"start":{"line":9,"column":0},"end":{"line":9,"column":26}},"2":{"start":{"line":10,"column":0},"end":{"line":10,"column":73}},"3":{"start":{"line":13,"column":0},"end":{"line":39,"column":null}},"4":{"start":{"line":15,"column":4},"end":{"line":15,"column":null}},"5":{"start":{"line":18,"column":4},"end":{"line":18,"column":null}},"6":{"start":{"line":21,"column":4},"end":{"line":21,"column":null}},"7":{"start":{"line":24,"column":4},"end":{"line":24,"column":null}},"8":{"start":{"line":27,"column":4},"end":{"line":27,"column":null}},"9":{"start":{"line":30,"column":4},"end":{"line":30,"column":null}},"10":{"start":{"line":33,"column":4},"end":{"line":33,"column":null}},"11":{"start":{"line":38,"column":4},"end":{"line":38,"column":null}},"12":{"start":{"line":36,"column":10},"end":{"line":36,"column":14}},"13":{"start":{"line":36,"column":32},"end":{"line":36,"column":43}},"14":{"start":{"line":13,"column":21},"end":{"line":39,"column":null}},"15":{"start":{"line":13,"column":21},"end":{"line":13,"column":27}}},"fnMap":{"0":{"name":"(anonymous_3)","decl":{"start":{"line":36,"column":4},"end":{"line":36,"column":7}},"loc":{"start":{"line":36,"column":10},"end":{"line":36,"column":14}}},"1":{"name":"(anonymous_4)","decl":{"start":{"line":36,"column":16},"end":{"line":36,"column":17}},"loc":{"start":{"line":36,"column":32},"end":{"line":36,"column":43}}}},"branchMap":{},"s":{"0":5,"1":5,"2":5,"3":5,"4":5,"5":5,"6":5,"7":5,"8":5,"9":5,"10":5,"11":5,"12":0,"13":0,"14":5,"15":5},"f":{"0":0,"1":0},"b":{}}
,"C:\\Users\\ignac\\Documents\\GitHub\\express-typeorm-auth0-base\\src\\entities\\User.ts": {"path":"C:\\Users\\ignac\\Documents\\GitHub\\express-typeorm-auth0-base\\src\\entities\\User.ts","statementMap":{"0":{"start":{"line":1,"column":0},"end":{"line":1,"column":null}},"1":{"start":{"line":9,"column":0},"end":{"line":9,"column":null}},"2":{"start":{"line":13,"column":0},"end":{"line":13,"column":28}},"3":{"start":{"line":14,"column":0},"end":{"line":14,"column":77}},"4":{"start":{"line":15,"column":0},"end":{"line":15,"column":73}},"5":{"start":{"line":17,"column":0},"end":{"line":17,"column":null}},"6":{"start":{"line":18,"column":2},"end":{"line":18,"column":null}},"7":{"start":{"line":19,"column":2},"end":{"line":19,"column":null}},"8":{"start":{"line":20,"column":2},"end":{"line":20,"column":null}},"9":{"start":{"line":21,"column":2},"end":{"line":21,"column":null}},"10":{"start":{"line":22,"column":2},"end":{"line":22,"column":null}},"11":{"start":{"line":23,"column":2},"end":{"line":23,"column":null}},"12":{"start":{"line":24,"column":2},"end":{"line":24,"column":null}},"13":{"start":{"line":28,"column":0},"end":{"line":86,"column":null}},"14":{"start":{"line":30,"column":4},"end":{"line":30,"column":null}},"15":{"start":{"line":33,"column":4},"end":{"line":33,"column":null}},"16":{"start":{"line":36,"column":4},"end":{"line":36,"column":null}},"17":{"start":{"line":43,"column":4},"end":{"line":43,"column":null}},"18":{"start":{"line":46,"column":4},"end":{"line":46,"column":null}},"19":{"start":{"line":52,"column":4},"end":{"line":52,"column":null}},"20":{"start":{"line":58,"column":4},"end":{"line":58,"column":null}},"21":{"start":{"line":66,"column":4},"end":{"line":66,"column":null}},"22":{"start":{"line":72,"column":4},"end":{"line":72,"column":null}},"23":{"start":{"line":82,"column":4},"end":{"line":82,"column":null}},"24":{"start":{"line":75,"column":10},"end":{"line":75,"column":15}},"25":{"start":{"line":76,"column":13},"end":{"line":76,"column":23}},"26":{"start":{"line":85,"column":4},"end":{"line":85,"column":null}},"27":{"start":{"line":28,"column":21},"end":{"line":86,"column":null}},"28":{"start":{"line":28,"column":21},"end":{"line":28,"column":26}}},"fnMap":{"0":{"name":"(anonymous_3)","decl":{"start":{"line":17,"column":0},"end":{"line":17,"column":12}},"loc":{"start":{"line":17,"column":20},"end":{"line":25,"column":1}}},"1":{"name":"(anonymous_4)","decl":{"start":{"line":75,"column":4},"end":{"line":75,"column":7}},"loc":{"start":{"line":75,"column":10},"end":{"line":75,"column":15}}},"2":{"name":"(anonymous_5)","decl":{"start":{"line":76,"column":4},"end":{"line":76,"column":9}},"loc":{"start":{"line":76,"column":13},"end":{"line":76,"column":23}}}},"branchMap":{"0":{"loc":{"start":{"line":17,"column":12},"end":{"line":17,"column":null}},"type":"binary-expr","locations":[{"start":{"line":17,"column":12},"end":{"line":17,"column":20}},{"start":{"line":17,"column":12},"end":{"line":17,"column":null}}]}},"s":{"0":5,"1":5,"2":5,"3":5,"4":5,"5":5,"6":5,"7":5,"8":5,"9":5,"10":5,"11":5,"12":5,"13":5,"14":5,"15":5,"16":5,"17":5,"18":5,"19":5,"20":5,"21":5,"22":5,"23":5,"24":0,"25":0,"26":5,"27":5,"28":5},"f":{"0":5,"1":0,"2":0},"b":{"0":[5,5]}}
,"C:\\Users\\ignac\\Documents\\GitHub\\express-typeorm-auth0-base\\src\\exceptions\\HttpException.ts": {"path":"C:\\Users\\ignac\\Documents\\GitHub\\express-typeorm-auth0-base\\src\\exceptions\\HttpException.ts","statementMap":{"0":{"start":{"line":12,"column":4},"end":{"line":12,"column":19}},"1":{"start":{"line":13,"column":4},"end":{"line":13,"column":25}},"2":{"start":{"line":14,"column":4},"end":{"line":14,"column":27}},"3":{"start":{"line":4,"column":0},"end":{"line":4,"column":21}}},"fnMap":{"0":{"name":"(anonymous_0)","decl":{"start":{"line":9,"column":2},"end":{"line":9,"column":null}},"loc":{"start":{"line":10,"column":51},"end":{"line":15,"column":3}}}},"branchMap":{"0":{"loc":{"start":{"line":10,"column":4},"end":{"line":10,"column":16}},"type":"default-arg","locations":[{"start":{"line":10,"column":13},"end":{"line":10,"column":16}}]},"1":{"loc":{"start":{"line":10,"column":18},"end":{"line":10,"column":51}},"type":"default-arg","locations":[{"start":{"line":10,"column":28},"end":{"line":10,"column":51}}]}},"s":{"0":11,"1":11,"2":11,"3":5},"f":{"0":11},"b":{"0":[1],"1":[2]}}
,"C:\\Users\\ignac\\Documents\\GitHub\\express-typeorm-auth0-base\\src\\exceptions\\NotFoundException.ts": {"path":"C:\\Users\\ignac\\Documents\\GitHub\\express-typeorm-auth0-base\\src\\exceptions\\NotFoundException.ts","statementMap":{"0":{"start":{"line":1,"column":0},"end":{"line":1,"column":44}},"1":{"start":{"line":8,"column":4},"end":{"line":10,"column":6}},"2":{"start":{"line":6,"column":0},"end":{"line":6,"column":21}}},"fnMap":{"0":{"name":"(anonymous_1)","decl":{"start":{"line":7,"column":2},"end":{"line":7,"column":14}},"loc":{"start":{"line":7,"column":30},"end":{"line":11,"column":3}}}},"branchMap":{"0":{"loc":{"start":{"line":9,"column":11},"end":{"line":9,"column":40}},"type":"binary-expr","locations":[{"start":{"line":9,"column":11},"end":{"line":9,"column":18}},{"start":{"line":9,"column":22},"end":{"line":9,"column":40}}]}},"s":{"0":4,"1":8,"2":4},"f":{"0":8},"b":{"0":[8,2]}}
,"C:\\Users\\ignac\\Documents\\GitHub\\express-typeorm-auth0-base\\src\\mappers\\PhotoMapper.ts": {"path":"C:\\Users\\ignac\\Documents\\GitHub\\express-typeorm-auth0-base\\src\\mappers\\PhotoMapper.ts","statementMap":{"0":{"start":{"line":20,"column":4},"end":{"line":29,"column":6}},"1":{"start":{"line":18,"column":0},"end":{"line":18,"column":13}}},"fnMap":{"0":{"name":"(anonymous_0)","decl":{"start":{"line":19,"column":2},"end":{"line":19,"column":7}},"loc":{"start":{"line":19,"column":16},"end":{"line":30,"column":3}}}},"branchMap":{},"s":{"0":1,"1":1},"f":{"0":1},"b":{}}
,"C:\\Users\\ignac\\Documents\\GitHub\\express-typeorm-auth0-base\\src\\mappers\\UserMapper.ts": {"path":"C:\\Users\\ignac\\Documents\\GitHub\\express-typeorm-auth0-base\\src\\mappers\\UserMapper.ts","statementMap":{"0":{"start":{"line":22,"column":4},"end":{"line":35,"column":6}},"1":{"start":{"line":31,"column":28},"end":{"line":31,"column":32}},"2":{"start":{"line":20,"column":0},"end":{"line":20,"column":13}}},"fnMap":{"0":{"name":"(anonymous_0)","decl":{"start":{"line":21,"column":2},"end":{"line":21,"column":7}},"loc":{"start":{"line":21,"column":15},"end":{"line":36,"column":3}}},"1":{"name":"(anonymous_1)","decl":{"start":{"line":31,"column":23},"end":{"line":31,"column":24}},"loc":{"start":{"line":31,"column":28},"end":{"line":31,"column":32}}}},"branchMap":{"0":{"loc":{"start":{"line":30,"column":23},"end":{"line":32,"column":14}},"type":"cond-expr","locations":[{"start":{"line":31,"column":10},"end":{"line":31,"column":33}},{"start":{"line":32,"column":10},"end":{"line":32,"column":14}}]}},"s":{"0":7,"1":2,"2":2},"f":{"0":7,"1":2},"b":{"0":[1,6]}}
,"C:\\Users\\ignac\\Documents\\GitHub\\express-typeorm-auth0-base\\src\\mocks\\PhotoMock.ts": {"path":"C:\\Users\\ignac\\Documents\\GitHub\\express-typeorm-auth0-base\\src\\mocks\\PhotoMock.ts","statementMap":{"0":{"start":{"line":1,"column":0},"end":{"line":1,"column":38}},"1":{"start":{"line":3,"column":21},"end":{"line":10,"column":1}},"2":{"start":{"line":4,"column":16},"end":{"line":4,"column":27}},"3":{"start":{"line":6,"column":2},"end":{"line":6,"column":15}},"4":{"start":{"line":7,"column":2},"end":{"line":7,"column":22}},"5":{"start":{"line":8,"column":2},"end":{"line":8,"column":30}},"6":{"start":{"line":9,"column":2},"end":{"line":9,"column":15}},"7":{"start":{"line":12,"column":0},"end":{"line":12,"column":28}}},"fnMap":{"0":{"name":"(anonymous_1)","decl":{"start":{"line":3,"column":21},"end":{"line":3,"column":31}},"loc":{"start":{"line":3,"column":33},"end":{"line":10,"column":1}}}},"branchMap":{},"s":{"0":1,"1":1,"2":3,"3":3,"4":3,"5":3,"6":3,"7":1},"f":{"0":3},"b":{}}
,"C:\\Users\\ignac\\Documents\\GitHub\\express-typeorm-auth0-base\\src\\mocks\\RequestMock.ts": {"path":"C:\\Users\\ignac\\Documents\\GitHub\\express-typeorm-auth0-base\\src\\mocks\\RequestMock.ts","statementMap":{"0":{"start":{"line":9,"column":23},"end":{"line":13,"column":25}},"1":{"start":{"line":9,"column":56},"end":{"line":13,"column":25}},"2":{"start":{"line":15,"column":0},"end":{"line":15,"column":30}}},"fnMap":{"0":{"name":"(anonymous_0)","decl":{"start":{"line":9,"column":23},"end":{"line":9,"column":24}},"loc":{"start":{"line":9,"column":56},"end":{"line":13,"column":25}}}},"branchMap":{"0":{"loc":{"start":{"line":9,"column":24},"end":{"line":9,"column":50}},"type":"default-arg","locations":[{"start":{"line":9,"column":48},"end":{"line":9,"column":50}}]}},"s":{"0":1,"1":6,"2":1},"f":{"0":6},"b":{"0":[0]}}
,"C:\\Users\\ignac\\Documents\\GitHub\\express-typeorm-auth0-base\\src\\mocks\\ResponseMock.ts": {"path":"C:\\Users\\ignac\\Documents\\GitHub\\express-typeorm-auth0-base\\src\\mocks\\ResponseMock.ts","statementMap":{"0":{"start":{"line":1,"column":0},"end":{"line":1,"column":26}},"1":{"start":{"line":3,"column":24},"end":{"line":9,"column":1}},"2":{"start":{"line":4,"column":47},"end":{"line":4,"column":49}},"3":{"start":{"line":6,"column":2},"end":{"line":6,"column":41}},"4":{"start":{"line":7,"column":2},"end":{"line":7,"column":26}},"5":{"start":{"line":8,"column":2},"end":{"line":8,"column":13}},"6":{"start":{"line":11,"column":0},"end":{"line":11,"column":31}}},"fnMap":{"0":{"name":"(anonymous_1)","decl":{"start":{"line":3,"column":24},"end":{"line":3,"column":27}},"loc":{"start":{"line":3,"column":29},"end":{"line":9,"column":1}}}},"branchMap":{},"s":{"0":1,"1":1,"2":6,"3":6,"4":6,"5":6,"6":1},"f":{"0":6},"b":{}}
,"C:\\Users\\ignac\\Documents\\GitHub\\express-typeorm-auth0-base\\src\\mocks\\UserMock.ts": {"path":"C:\\Users\\ignac\\Documents\\GitHub\\express-typeorm-auth0-base\\src\\mocks\\UserMock.ts","statementMap":{"0":{"start":{"line":1,"column":0},"end":{"line":1,"column":50}},"1":{"start":{"line":3,"column":20},"end":{"line":15,"column":1}},"2":{"start":{"line":4,"column":15},"end":{"line":4,"column":25}},"3":{"start":{"line":6,"column":2},"end":{"line":6,"column":14}},"4":{"start":{"line":7,"column":2},"end":{"line":7,"column":34}},"5":{"start":{"line":8,"column":2},"end":{"line":8,"column":27}},"6":{"start":{"line":9,"column":2},"end":{"line":9,"column":28}},"7":{"start":{"line":10,"column":2},"end":{"line":10,"column":30}},"8":{"start":{"line":11,"column":2},"end":{"line":11,"column":45}},"9":{"start":{"line":12,"column":2},"end":{"line":12,"column":45}},"10":{"start":{"line":13,"column":2},"end":{"line":13,"column":29}},"11":{"start":{"line":14,"column":2},"end":{"line":14,"column":14}},"12":{"start":{"line":17,"column":0},"end":{"line":17,"column":27}}},"fnMap":{"0":{"name":"(anonymous_6)","decl":{"start":{"line":3,"column":20},"end":{"line":3,"column":23}},"loc":{"start":{"line":3,"column":25},"end":{"line":15,"column":1}}}},"branchMap":{},"s":{"0":2,"1":2,"2":7,"3":7,"4":7,"5":7,"6":7,"7":7,"8":7,"9":7,"10":7,"11":7,"12":2},"f":{"0":7},"b":{}}
,"C:\\Users\\ignac\\Documents\\GitHub\\express-typeorm-auth0-base\\src\\providers\\Config.ts": {"path":"C:\\Users\\ignac\\Documents\\GitHub\\express-typeorm-auth0-base\\src\\providers\\Config.ts","statementMap":{"0":{"start":{"line":1,"column":0},"end":{"line":1,"column":29}},"1":{"start":{"line":2,"column":0},"end":{"line":2,"column":33}},"2":{"start":{"line":5,"column":0},"end":{"line":5,"column":31}},"3":{"start":{"line":37,"column":4},"end":{"line":66,"column":null}},"4":{"start":{"line":38,"column":6},"end":{"line":42,"column":9}},"5":{"start":{"line":43,"column":6},"end":{"line":65,"column":8}},"6":{"start":{"line":68,"column":4},"end":{"line":68,"column":28}},"7":{"start":{"line":76,"column":4},"end":{"line":76,"column":53}},"8":{"start":{"line":77,"column":4},"end":{"line":77,"column":40}},"9":{"start":{"line":81,"column":0},"end":{"line":81,"column":22}}},"fnMap":{"0":{"name":"(anonymous_7)","decl":{"start":{"line":36,"column":9},"end":{"line":36,"column":15}},"loc":{"start":{"line":36,"column":22},"end":{"line":69,"column":3}}},"1":{"name":"(anonymous_8)","decl":{"start":{"line":75,"column":9},"end":{"line":75,"column":15}},"loc":{"start":{"line":75,"column":42},"end":{"line":78,"column":3}}}},"branchMap":{"0":{"loc":{"start":{"line":37,"column":4},"end":{"line":66,"column":null}},"type":"if","locations":[{"start":{"line":37,"column":4},"end":{"line":66,"column":null}}]},"1":{"loc":{"start":{"line":44,"column":29},"end":{"line":44,"column":57}},"type":"binary-expr","locations":[{"start":{"line":44,"column":29},"end":{"line":44,"column":51}},{"start":{"line":44,"column":55},"end":{"line":44,"column":57}}]},"2":{"loc":{"start":{"line":45,"column":29},"end":{"line":45,"column":79}},"type":"binary-expr","locations":[{"start":{"line":45,"column":29},"end":{"line":45,"column":56}},{"start":{"line":45,"column":60},"end":{"line":45,"column":79}}]},"3":{"loc":{"start":{"line":46,"column":29},"end":{"line":46,"column":61}},"type":"binary-expr","locations":[{"start":{"line":46,"column":29},"end":{"line":46,"column":49}},{"start":{"line":46,"column":53},"end":{"line":46,"column":61}}]},"4":{"loc":{"start":{"line":47,"column":29},"end":{"line":47,"column":63}},"type":"binary-expr","locations":[{"start":{"line":47,"column":29},"end":{"line":47,"column":48}},{"start":{"line":47,"column":52},"end":{"line":47,"column":63}}]},"5":{"loc":{"start":{"line":52,"column":29},"end":{"line":52,"column":69}},"type":"binary-expr","locations":[{"start":{"line":52,"column":29},"end":{"line":52,"column":54}},{"start":{"line":52,"column":58},"end":{"line":52,"column":69}}]},"6":{"loc":{"start":{"line":53,"column":29},"end":{"line":53,"column":64}},"type":"binary-expr","locations":[{"start":{"line":53,"column":29},"end":{"line":53,"column":54}},{"start":{"line":53,"column":58},"end":{"line":53,"column":64}}]},"7":{"loc":{"start":{"line":54,"column":29},"end":{"line":54,"column":72}},"type":"binary-expr","locations":[{"start":{"line":54,"column":29},"end":{"line":54,"column":58}},{"start":{"line":54,"column":62},"end":{"line":54,"column":72}}]},"8":{"loc":{"start":{"line":55,"column":29},"end":{"line":57,"column":16}},"type":"cond-expr","locations":[{"start":{"line":56,"column":12},"end":{"line":56,"column":45}},{"start":{"line":57,"column":12},"end":{"line":57,"column":16}}]},"9":{"loc":{"start":{"line":58,"column":23},"end":{"line":58,"column":66}},"type":"binary-expr","locations":[{"start":{"line":58,"column":23},"end":{"line":58,"column":52}},{"start":{"line":58,"column":56},"end":{"line":58,"column":66}}]},"10":{"loc":{"start":{"line":60,"column":23},"end":{"line":62,"column":16}},"type":"cond-expr","locations":[{"start":{"line":61,"column":12},"end":{"line":61,"column":36}},{"start":{"line":62,"column":12},"end":{"line":62,"column":16}}]}},"s":{"0":3,"1":3,"2":3,"3":0,"4":0,"5":0,"6":0,"7":0,"8":0,"9":3},"f":{"0":0,"1":0},"b":{"0":[0],"1":[0,0],"2":[0,0],"3":[0,0],"4":[0,0],"5":[0,0],"6":[0,0],"7":[0,0],"8":[0,0],"9":[0,0],"10":[0,0]}}
,"C:\\Users\\ignac\\Documents\\GitHub\\express-typeorm-auth0-base\\src\\providers\\Database.ts": {"path":"C:\\Users\\ignac\\Documents\\GitHub\\express-typeorm-auth0-base\\src\\providers\\Database.ts","statementMap":{"0":{"start":{"line":1,"column":0},"end":{"line":1,"column":null}},"1":{"start":{"line":5,"column":0},"end":{"line":5,"column":31}},"2":{"start":{"line":6,"column":0},"end":{"line":6,"column":30}},"3":{"start":{"line":13,"column":4},"end":{"line":13,"column":42}},"4":{"start":{"line":22,"column":8},"end":{"line":22,"column":23}},"5":{"start":{"line":24,"column":4},"end":{"line":37,"column":53}},"6":{"start":{"line":37,"column":18},"end":{"line":37,"column":51}},"7":{"start":{"line":41,"column":4},"end":{"line":41,"column":34}},"8":{"start":{"line":45,"column":0},"end":{"line":45,"column":24}}},"fnMap":{"0":{"name":"(anonymous_1)","decl":{"start":{"line":12,"column":9},"end":{"line":12,"column":15}},"loc":{"start":{"line":12,"column":20},"end":{"line":38,"column":3}}},"1":{"name":"(anonymous_2)","decl":{"start":{"line":37,"column":12},"end":{"line":37,"column":15}},"loc":{"start":{"line":37,"column":18},"end":{"line":37,"column":51}}},"2":{"name":"(anonymous_3)","decl":{"start":{"line":40,"column":9},"end":{"line":40,"column":15}},"loc":{"start":{"line":40,"column":29},"end":{"line":42,"column":3}}}},"branchMap":{},"s":{"0":3,"1":3,"2":3,"3":0,"4":0,"5":0,"6":0,"7":0,"8":3},"f":{"0":0,"1":0,"2":0},"b":{}}
,"C:\\Users\\ignac\\Documents\\GitHub\\express-typeorm-auth0-base\\src\\repositories\\PhotoRepository.ts": {"path":"C:\\Users\\ignac\\Documents\\GitHub\\express-typeorm-auth0-base\\src\\repositories\\PhotoRepository.ts","statementMap":{"0":{"start":{"line":1,"column":0},"end":{"line":1,"column":38}},"1":{"start":{"line":2,"column":0},"end":{"line":2,"column":45}},"2":{"start":{"line":12,"column":24},"end":{"line":25,"column":4}},"3":{"start":{"line":12,"column":50},"end":{"line":25,"column":4}},"4":{"start":{"line":17,"column":24},"end":{"line":17,"column":26}},"5":{"start":{"line":19,"column":6},"end":{"line":19,"column":53}},"6":{"start":{"line":19,"column":30},"end":{"line":19,"column":53}},"7":{"start":{"line":20,"column":6},"end":{"line":23,"column":9}},"8":{"start":{"line":27,"column":0},"end":{"line":27,"column":31}}},"fnMap":{"0":{"name":"(anonymous_1)","decl":{"start":{"line":12,"column":24},"end":{"line":12,"column":47}},"loc":{"start":{"line":12,"column":50},"end":{"line":25,"column":4}}},"1":{"name":"(anonymous_2)","decl":{"start":{"line":14,"column":4},"end":{"line":14,"column":12}},"loc":{"start":{"line":15,"column":48},"end":{"line":24,"column":5}}}},"branchMap":{"0":{"loc":{"start":{"line":19,"column":6},"end":{"line":19,"column":53}},"type":"if","locations":[{"start":{"line":19,"column":6},"end":{"line":19,"column":53}}]}},"s":{"0":1,"1":1,"2":1,"3":0,"4":0,"5":0,"6":0,"7":0,"8":1},"f":{"0":0,"1":0},"b":{"0":[0]}}
,"C:\\Users\\ignac\\Documents\\GitHub\\express-typeorm-auth0-base\\src\\repositories\\UserRepository.ts": {"path":"C:\\Users\\ignac\\Documents\\GitHub\\express-typeorm-auth0-base\\src\\repositories\\UserRepository.ts","statementMap":{"0":{"start":{"line":2,"column":0},"end":{"line":2,"column":45}},"1":{"start":{"line":3,"column":0},"end":{"line":3,"column":36}},"2":{"start":{"line":8,"column":23},"end":{"line":17,"column":4}},"3":{"start":{"line":8,"column":47},"end":{"line":17,"column":4}},"4":{"start":{"line":11,"column":6},"end":{"line":11,"column":48}},"5":{"start":{"line":15,"column":6},"end":{"line":15,"column":45}},"6":{"start":{"line":19,"column":0},"end":{"line":19,"column":30}}},"fnMap":{"0":{"name":"(anonymous_1)","decl":{"start":{"line":8,"column":23},"end":{"line":8,"column":44}},"loc":{"start":{"line":8,"column":47},"end":{"line":17,"column":4}}},"1":{"name":"(anonymous_2)","decl":{"start":{"line":10,"column":4},"end":{"line":10,"column":15}},"loc":{"start":{"line":10,"column":29},"end":{"line":12,"column":5}}},"2":{"name":"(anonymous_3)","decl":{"start":{"line":14,"column":4},"end":{"line":14,"column":12}},"loc":{"start":{"line":14,"column":23},"end":{"line":16,"column":5}}}},"branchMap":{},"s":{"0":2,"1":2,"2":2,"3":0,"4":0,"5":0,"6":2},"f":{"0":0,"1":0,"2":0},"b":{}}
,"C:\\Users\\ignac\\Documents\\GitHub\\express-typeorm-auth0-base\\src\\services\\PhotoService.ts": {"path":"C:\\Users\\ignac\\Documents\\GitHub\\express-typeorm-auth0-base\\src\\services\\PhotoService.ts","statementMap":{"0":{"start":{"line":3,"column":0},"end":{"line":3,"column":88}},"1":{"start":{"line":7,"column":0},"end":{"line":7,"column":64}},"2":{"start":{"line":19,"column":4},"end":{"line":19,"column":29}},"3":{"start":{"line":26,"column":40},"end":{"line":26,"column":82}},"4":{"start":{"line":26,"column":56},"end":{"line":26,"column":82}},"5":{"start":{"line":37,"column":18},"end":{"line":38,"column":null}},"6":{"start":{"line":41,"column":4},"end":{"line":41,"column":83}},"7":{"start":{"line":41,"column":16},"end":{"line":41,"column":83}},"8":{"start":{"line":42,"column":4},"end":{"line":42,"column":17}},"9":{"start":{"line":51,"column":23},"end":{"line":51,"column":32}},"10":{"start":{"line":53,"column":4},"end":{"line":56,"column":7}},"11":{"start":{"line":68,"column":18},"end":{"line":68,"column":40}},"12":{"start":{"line":70,"column":4},"end":{"line":70,"column":83}},"13":{"start":{"line":70,"column":16},"end":{"line":70,"column":83}},"14":{"start":{"line":71,"column":4},"end":{"line":74,"column":7}},"15":{"start":{"line":83,"column":23},"end":{"line":83,"column":64}},"16":{"start":{"line":85,"column":4},"end":{"line":87,"column":null}},"17":{"start":{"line":86,"column":6},"end":{"line":86,"column":73}},"18":{"start":{"line":13,"column":0},"end":{"line":13,"column":21}}},"fnMap":{"0":{"name":"(anonymous_1)","decl":{"start":{"line":18,"column":9},"end":{"line":18,"column":22}},"loc":{"start":{"line":18,"column":22},"end":{"line":20,"column":3}}},"1":{"name":"(anonymous_2)","decl":{"start":{"line":26,"column":40},"end":{"line":26,"column":41}},"loc":{"start":{"line":26,"column":56},"end":{"line":26,"column":82}}},"2":{"name":"(anonymous_3)","decl":{"start":{"line":34,"column":9},"end":{"line":34,"column":14}},"loc":{"start":{"line":35,"column":46},"end":{"line":43,"column":3}}},"3":{"name":"(anonymous_4)","decl":{"start":{"line":50,"column":9},"end":{"line":50,"column":14}},"loc":{"start":{"line":50,"column":57},"end":{"line":57,"column":3}}},"4":{"name":"(anonymous_5)","decl":{"start":{"line":65,"column":9},"end":{"line":65,"column":14}},"loc":{"start":{"line":66,"column":57},"end":{"line":75,"column":3}}},"5":{"name":"(anonymous_6)","decl":{"start":{"line":82,"column":9},"end":{"line":82,"column":14}},"loc":{"start":{"line":82,"column":36},"end":{"line":88,"column":3}}}},"branchMap":{"0":{"loc":{"start":{"line":41,"column":4},"end":{"line":41,"column":83}},"type":"if","locations":[{"start":{"line":41,"column":4},"end":{"line":41,"column":83}}]},"1":{"loc":{"start":{"line":70,"column":4},"end":{"line":70,"column":83}},"type":"if","locations":[{"start":{"line":70,"column":4},"end":{"line":70,"column":83}}]},"2":{"loc":{"start":{"line":85,"column":4},"end":{"line":87,"column":null}},"type":"if","locations":[{"start":{"line":85,"column":4},"end":{"line":87,"column":null}}]}},"s":{"0":1,"1":1,"2":0,"3":1,"4":1,"5":2,"6":2,"7":1,"8":1,"9":2,"10":2,"11":2,"12":1,"13":0,"14":1,"15":0,"16":0,"17":0,"18":1},"f":{"0":0,"1":1,"2":2,"3":2,"4":2,"5":0},"b":{"0":[1],"1":[0],"2":[0]}}
,"C:\\Users\\ignac\\Documents\\GitHub\\express-typeorm-auth0-base\\src\\services\\UserService.ts": {"path":"C:\\Users\\ignac\\Documents\\GitHub\\express-typeorm-auth0-base\\src\\services\\UserService.ts","statementMap":{"0":{"start":{"line":4,"column":0},"end":{"line":4,"column":60}},"1":{"start":{"line":8,"column":0},"end":{"line":8,"column":64}},"2":{"start":{"line":19,"column":4},"end":{"line":19,"column":28}},"3":{"start":{"line":27,"column":40},"end":{"line":29,"column":37}},"4":{"start":{"line":29,"column":7},"end":{"line":29,"column":37}},"5":{"start":{"line":37,"column":17},"end":{"line":37,"column":61}},"6":{"start":{"line":39,"column":4},"end":{"line":43,"column":null}},"7":{"start":{"line":40,"column":6},"end":{"line":42,"column":9}},"8":{"start":{"line":44,"column":4},"end":{"line":44,"column":16}},"9":{"start":{"line":53,"column":17},"end":{"line":53,"column":64}},"10":{"start":{"line":55,"column":4},"end":{"line":59,"column":null}},"11":{"start":{"line":56,"column":6},"end":{"line":58,"column":9}},"12":{"start":{"line":60,"column":4},"end":{"line":60,"column":16}},"13":{"start":{"line":69,"column":4},"end":{"line":69,"column":54}},"14":{"start":{"line":81,"column":17},"end":{"line":81,"column":39}},"15":{"start":{"line":82,"column":17},"end":{"line":82,"column":37}},"16":{"start":{"line":84,"column":4},"end":{"line":87,"column":7}},"17":{"start":{"line":96,"column":23},"end":{"line":96,"column":64}},"18":{"start":{"line":98,"column":4},"end":{"line":102,"column":null}},"19":{"start":{"line":99,"column":6},"end":{"line":101,"column":9}},"20":{"start":{"line":13,"column":0},"end":{"line":13,"column":21}}},"fnMap":{"0":{"name":"(anonymous_1)","decl":{"start":{"line":18,"column":9},"end":{"line":18,"column":22}},"loc":{"start":{"line":18,"column":22},"end":{"line":20,"column":3}}},"1":{"name":"(anonymous_2)","decl":{"start":{"line":27,"column":40},"end":{"line":27,"column":null}},"loc":{"start":{"line":29,"column":7},"end":{"line":29,"column":37}}},"2":{"name":"(anonymous_3)","decl":{"start":{"line":36,"column":9},"end":{"line":36,"column":14}},"loc":{"start":{"line":36,"column":33},"end":{"line":45,"column":3}}},"3":{"name":"(anonymous_4)","decl":{"start":{"line":52,"column":9},"end":{"line":52,"column":14}},"loc":{"start":{"line":52,"column":39},"end":{"line":61,"column":3}}},"4":{"name":"(anonymous_5)","decl":{"start":{"line":68,"column":9},"end":{"line":68,"column":14}},"loc":{"start":{"line":68,"column":55},"end":{"line":70,"column":3}}},"5":{"name":"(anonymous_6)","decl":{"start":{"line":78,"column":9},"end":{"line":78,"column":14}},"loc":{"start":{"line":79,"column":55},"end":{"line":88,"column":3}}},"6":{"name":"(anonymous_7)","decl":{"start":{"line":95,"column":9},"end":{"line":95,"column":14}},"loc":{"start":{"line":95,"column":36},"end":{"line":103,"column":3}}}},"branchMap":{"0":{"loc":{"start":{"line":39,"column":4},"end":{"line":43,"column":null}},"type":"if","locations":[{"start":{"line":39,"column":4},"end":{"line":43,"column":null}}]},"1":{"loc":{"start":{"line":55,"column":4},"end":{"line":59,"column":null}},"type":"if","locations":[{"start":{"line":55,"column":4},"end":{"line":59,"column":null}}]},"2":{"loc":{"start":{"line":98,"column":4},"end":{"line":102,"column":null}},"type":"if","locations":[{"start":{"line":98,"column":4},"end":{"line":102,"column":null}}]}},"s":{"0":2,"1":2,"2":0,"3":2,"4":2,"5":2,"6":2,"7":1,"8":1,"9":2,"10":2,"11":1,"12":1,"13":2,"14":2,"15":1,"16":1,"17":0,"18":0,"19":0,"20":2},"f":{"0":0,"1":2,"2":2,"3":2,"4":2,"5":2,"6":0},"b":{"0":[1],"1":[1],"2":[0]}}
,"C:\\Users\\ignac\\Documents\\GitHub\\express-typeorm-auth0-base\\src\\types\\IEntityWithFactoryMethod.ts": {"path":"C:\\Users\\ignac\\Documents\\GitHub\\express-typeorm-auth0-base\\src\\types\\IEntityWithFactoryMethod.ts","statementMap":{"0":{"start":{"line":1,"column":0},"end":{"line":1,"column":null}},"1":{"start":{"line":9,"column":4},"end":{"line":11,"column":6}},"2":{"start":{"line":5,"column":0},"end":{"line":5,"column":21}}},"fnMap":{"0":{"name":"(anonymous_0)","decl":{"start":{"line":6,"column":2},"end":{"line":6,"column":8}},"loc":{"start":{"line":7,"column":41},"end":{"line":12,"column":3}}}},"branchMap":{},"s":{"0":5,"1":2,"2":5},"f":{"0":2},"b":{}}
,"C:\\Users\\ignac\\Documents\\GitHub\\express-typeorm-auth0-base\\src\\utils\\Log.ts": {"path":"C:\\Users\\ignac\\Documents\\GitHub\\express-typeorm-auth0-base\\src\\utils\\Log.ts","statementMap":{"0":{"start":{"line":5,"column":17},"end":{"line":5,"column":27}},"1":{"start":{"line":8,"column":23},"end":{"line":8,"column":107}},"2":{"start":{"line":9,"column":23},"end":{"line":9,"column":103}},"3":{"start":{"line":11,"column":4},"end":{"line":11,"column":53}},"4":{"start":{"line":14,"column":16},"end":{"line":14,"column":81}},"5":{"start":{"line":14,"column":39},"end":{"line":14,"column":81}},"6":{"start":{"line":16,"column":16},"end":{"line":16,"column":82}},"7":{"start":{"line":16,"column":39},"end":{"line":16,"column":82}},"8":{"start":{"line":18,"column":17},"end":{"line":18,"column":84}},"9":{"start":{"line":18,"column":40},"end":{"line":18,"column":84}},"10":{"start":{"line":21,"column":0},"end":{"line":21,"column":25}}},"fnMap":{"0":{"name":"(anonymous_0)","decl":{"start":{"line":7,"column":2},"end":{"line":7,"column":null}},"loc":{"start":{"line":7,"column":2},"end":{"line":12,"column":3}}},"1":{"name":"(anonymous_1)","decl":{"start":{"line":14,"column":16},"end":{"line":14,"column":17}},"loc":{"start":{"line":14,"column":39},"end":{"line":14,"column":81}}},"2":{"name":"(anonymous_2)","decl":{"start":{"line":16,"column":16},"end":{"line":16,"column":17}},"loc":{"start":{"line":16,"column":39},"end":{"line":16,"column":82}}},"3":{"name":"(anonymous_3)","decl":{"start":{"line":18,"column":17},"end":{"line":18,"column":18}},"loc":{"start":{"line":18,"column":40},"end":{"line":18,"column":84}}}},"branchMap":{},"s":{"0":3,"1":3,"2":3,"3":3,"4":3,"5":0,"6":3,"7":0,"8":3,"9":0,"10":3},"f":{"0":3,"1":0,"2":0,"3":0},"b":{}}
,"C:\\Users\\ignac\\Documents\\GitHub\\express-typeorm-auth0-base\\src\\validators\\User\\UserPasswordValidator.ts": {"path":"C:\\Users\\ignac\\Documents\\GitHub\\express-typeorm-auth0-base\\src\\validators\\User\\UserPasswordValidator.ts","statementMap":{"0":{"start":{"line":2,"column":0},"end":{"line":2,"column":null}},"1":{"start":{"line":11,"column":0},"end":{"line":31,"column":null}},"2":{"start":{"line":13,"column":25},"end":{"line":13,"column":41}},"3":{"start":{"line":14,"column":25},"end":{"line":14,"column":42}},"4":{"start":{"line":15,"column":22},"end":{"line":15,"column":40}},"5":{"start":{"line":16,"column":25},"end":{"line":16,"column":43}},"6":{"start":{"line":17,"column":25},"end":{"line":17,"column":44}},"7":{"start":{"line":18,"column":22},"end":{"line":18,"column":55}},"8":{"start":{"line":20,"column":4},"end":{"line":25,"column":22}},"9":{"start":{"line":29,"column":4},"end":{"line":29,"column":57}},"10":{"start":{"line":11,"column":21},"end":{"line":31,"column":null}},"11":{"start":{"line":11,"column":21},"end":{"line":11,"column":null}}},"fnMap":{"0":{"name":"(anonymous_1)","decl":{"start":{"line":12,"column":2},"end":{"line":12,"column":10}},"loc":{"start":{"line":12,"column":23},"end":{"line":26,"column":3}}},"1":{"name":"(anonymous_2)","decl":{"start":{"line":28,"column":2},"end":{"line":28,"column":16}},"loc":{"start":{"line":28,"column":16},"end":{"line":30,"column":3}}}},"branchMap":{"0":{"loc":{"start":{"line":20,"column":11},"end":{"line":25,"column":21}},"type":"binary-expr","locations":[{"start":{"line":20,"column":11},"end":{"line":20,"column":23}},{"start":{"line":21,"column":9},"end":{"line":21,"column":21}},{"start":{"line":22,"column":9},"end":{"line":22,"column":18}},{"start":{"line":23,"column":9},"end":{"line":23,"column":18}},{"start":{"line":24,"column":9},"end":{"line":24,"column":21}},{"start":{"line":25,"column":9},"end":{"line":25,"column":21}}]}},"s":{"0":5,"1":5,"2":0,"3":0,"4":0,"5":0,"6":0,"7":0,"8":0,"9":0,"10":5,"11":5},"f":{"0":0,"1":0},"b":{"0":[0,0,0,0,0,0]}}
}
