TN:
SF:src\controllers\PhotoController.ts
FN:35,(anonymous_1)
FN:49,(anonymous_2)
FN:68,(anonymous_3)
FN:82,(anonymous_4)
FN:99,(anonymous_5)
FNF:5
FNH:5
FNDA:8,(anonymous_1)
FNDA:2,(anonymous_2)
FNDA:2,(anonymous_3)
FNDA:2,(anonymous_4)
FNDA:2,(anonymous_5)
DA:2,1
DA:5,1
DA:39,8
DA:40,8
DA:49,8
DA:52,2
DA:53,2
DA:58,1
DA:59,1
DA:68,8
DA:71,2
DA:73,1
DA:82,8
DA:85,2
DA:86,2
DA:90,1
DA:99,8
DA:102,2
DA:103,1
DA:107,1
LF:20
LH:20
BRDA:36,0,0,0
BRDA:37,1,0,8
BRF:2
BRH:1
end_of_record
TN:
SF:src\controllers\UserController.ts
FN:34,(anonymous_1)
FN:48,(anonymous_2)
FN:64,(anonymous_3)
FN:80,(anonymous_4)
FN:99,(anonymous_5)
FNF:5
FNH:5
FNDA:8,(anonymous_1)
FNDA:2,(anonymous_2)
FNDA:2,(anonymous_3)
FNDA:2,(anonymous_4)
FNDA:2,(anonymous_5)
DA:2,1
DA:5,1
DA:38,8
DA:39,8
DA:48,8
DA:51,2
DA:53,1
DA:64,8
DA:67,2
DA:69,1
DA:80,8
DA:83,2
DA:84,2
DA:88,1
DA:99,8
DA:102,2
DA:103,1
DA:107,1
LF:18
LH:18
BRDA:35,0,0,0
BRDA:36,1,0,8
BRF:2
BRH:1
end_of_record
TN:
SF:src\entities\Photo.ts
FN:36,(anonymous_3)
FN:36,(anonymous_4)
FNF:2
FNH:0
FNDA:0,(anonymous_3)
FNDA:0,(anonymous_4)
DA:1,6
DA:9,6
DA:10,6
DA:13,6
DA:15,6
DA:18,6
DA:21,6
DA:24,6
DA:27,6
DA:30,6
DA:33,6
DA:36,0
DA:38,6
LF:13
LH:12
BRF:0
BRH:0
end_of_record
TN:
SF:src\entities\User.ts
FN:17,(anonymous_3)
FN:75,(anonymous_4)
FN:76,(anonymous_5)
FNF:3
FNH:1
FNDA:6,(anonymous_3)
FNDA:0,(anonymous_4)
FNDA:0,(anonymous_5)
DA:1,6
DA:9,6
DA:13,6
DA:14,6
DA:15,6
DA:17,6
DA:18,6
DA:19,6
DA:20,6
DA:21,6
DA:22,6
DA:23,6
DA:24,6
DA:28,6
DA:30,6
DA:33,6
DA:36,6
DA:43,6
DA:46,6
DA:52,6
DA:58,6
DA:66,6
DA:72,6
DA:75,0
DA:76,0
DA:82,6
DA:85,6
LF:27
LH:25
BRDA:17,0,0,6
BRDA:17,0,1,6
BRF:2
BRH:2
end_of_record
TN:
SF:src\exceptions\HttpException.ts
FN:9,(anonymous_0)
FNF:1
FNH:1
FNDA:16,(anonymous_0)
DA:4,6
DA:12,16
DA:13,16
DA:14,16
LF:4
LH:4
BRDA:10,0,0,1
BRDA:10,1,0,2
BRF:2
BRH:2
end_of_record
TN:
SF:src\exceptions\NotFoundException.ts
FN:7,(anonymous_1)
FNF:1
FNH:1
FNDA:13,(anonymous_1)
DA:1,5
DA:6,5
DA:8,13
LF:3
LH:3
BRDA:9,0,0,13
BRDA:9,0,1,5
BRF:2
BRH:2
end_of_record
TN:
SF:src\mappers\PhotoMapper.ts
FN:19,(anonymous_0)
FNF:1
FNH:1
FNDA:8,(anonymous_0)
DA:18,2
DA:20,8
LF:2
LH:2
BRF:0
BRH:0
end_of_record
TN:
SF:src\mappers\UserMapper.ts
FN:21,(anonymous_0)
FN:31,(anonymous_1)
FNF:2
FNH:2
FNDA:7,(anonymous_0)
FNDA:14,(anonymous_1)
DA:20,2
DA:22,7
DA:31,14
LF:3
LH:3
BRDA:30,0,0,7
BRDA:30,0,1,0
BRF:2
BRH:1
end_of_record
TN:
SF:src\mocks\PhotoMock.ts
FN:4,(anonymous_1)
FNF:1
FNH:1
FNDA:7,(anonymous_1)
DA:1,3
DA:2,3
DA:4,7
DA:15,3
LF:4
LH:4
BRF:0
BRH:0
end_of_record
TN:
SF:src\mocks\RequestMock.ts
FN:9,(anonymous_0)
FNF:1
FNH:1
FNDA:16,(anonymous_0)
DA:9,16
DA:16,2
LF:2
LH:2
BRDA:9,0,0,0
BRDA:10,1,0,16
BRDA:10,1,1,10
BRDA:11,2,0,16
BRDA:11,2,1,16
BRDA:12,3,0,16
BRDA:12,3,1,4
BRDA:13,4,0,16
BRDA:13,4,1,14
BRF:9
BRH:8
end_of_record
TN:
SF:src\mocks\ResponseMock.ts
FN:3,(anonymous_1)
FNF:1
FNH:1
FNDA:16,(anonymous_1)
DA:1,2
DA:3,2
DA:4,16
DA:6,16
DA:7,16
DA:8,16
DA:9,16
DA:12,2
LF:8
LH:8
BRF:0
BRH:0
end_of_record
TN:
SF:src\mocks\UserMock.ts
FN:4,(anonymous_6)
FNF:1
FNH:1
FNDA:15,(anonymous_6)
DA:1,6
DA:4,15
DA:18,6
LF:3
LH:3
BRF:0
BRH:0
end_of_record
TN:
SF:src\providers\Config.ts
FN:36,(anonymous_7)
FN:75,(anonymous_8)
FNF:2
FNH:0
FNDA:0,(anonymous_7)
FNDA:0,(anonymous_8)
DA:1,4
DA:2,4
DA:5,4
DA:37,0
DA:38,0
DA:43,0
DA:68,0
DA:76,0
DA:77,0
DA:81,4
LF:10
LH:4
BRDA:37,0,0,0
BRDA:44,1,0,0
BRDA:44,1,1,0
BRDA:45,2,0,0
BRDA:45,2,1,0
BRDA:46,3,0,0
BRDA:46,3,1,0
BRDA:47,4,0,0
BRDA:47,4,1,0
BRDA:52,5,0,0
BRDA:52,5,1,0
BRDA:53,6,0,0
BRDA:53,6,1,0
BRDA:54,7,0,0
BRDA:54,7,1,0
BRDA:55,8,0,0
BRDA:55,8,1,0
BRDA:58,9,0,0
BRDA:58,9,1,0
BRDA:60,10,0,0
BRDA:60,10,1,0
BRF:21
BRH:0
end_of_record
TN:
SF:src\providers\Database.ts
FN:12,(anonymous_1)
FN:37,(anonymous_2)
FN:40,(anonymous_3)
FNF:3
FNH:0
FNDA:0,(anonymous_1)
FNDA:0,(anonymous_2)
FNDA:0,(anonymous_3)
DA:1,4
DA:5,4
DA:6,4
DA:13,0
DA:22,0
DA:24,0
DA:37,0
DA:41,0
DA:45,4
LF:9
LH:4
BRF:0
BRH:0
end_of_record
TN:
SF:src\repositories\PhotoRepository.ts
FN:12,(anonymous_1)
FN:14,(anonymous_2)
FNF:2
FNH:0
FNDA:0,(anonymous_1)
FNDA:0,(anonymous_2)
DA:1,2
DA:2,2
DA:12,2
DA:17,0
DA:19,0
DA:20,0
DA:27,2
LF:7
LH:4
BRDA:19,0,0,0
BRF:1
BRH:0
end_of_record
TN:
SF:src\repositories\UserRepository.ts
FN:8,(anonymous_1)
FN:10,(anonymous_2)
FN:14,(anonymous_3)
FNF:3
FNH:0
FNDA:0,(anonymous_1)
FNDA:0,(anonymous_2)
FNDA:0,(anonymous_3)
DA:2,2
DA:3,2
DA:8,2
DA:11,0
DA:15,0
DA:19,2
LF:6
LH:4
BRF:0
BRH:0
end_of_record
TN:
SF:src\services\PhotoService.ts
FN:18,(anonymous_1)
FN:26,(anonymous_2)
FN:34,(anonymous_3)
FN:50,(anonymous_4)
FN:65,(anonymous_5)
FN:82,(anonymous_6)
FNF:6
FNH:5
FNDA:0,(anonymous_1)
FNDA:2,(anonymous_2)
FNDA:2,(anonymous_3)
FNDA:2,(anonymous_4)
FNDA:2,(anonymous_5)
FNDA:2,(anonymous_6)
DA:3,2
DA:7,2
DA:13,2
DA:19,0
DA:26,2
DA:37,2
DA:41,2
DA:42,1
DA:51,2
DA:53,2
DA:68,2
DA:70,1
DA:71,1
DA:83,2
DA:85,2
DA:86,1
LF:16
LH:15
BRDA:41,0,0,1
BRDA:70,1,0,0
BRDA:85,2,0,1
BRF:3
BRH:2
end_of_record
TN:
SF:src\services\UserService.ts
FN:18,(anonymous_1)
FN:27,(anonymous_2)
FN:36,(anonymous_3)
FN:52,(anonymous_4)
FN:68,(anonymous_5)
FN:78,(anonymous_6)
FN:95,(anonymous_7)
FNF:7
FNH:6
FNDA:0,(anonymous_1)
FNDA:3,(anonymous_2)
FNDA:2,(anonymous_3)
FNDA:2,(anonymous_4)
FNDA:2,(anonymous_5)
FNDA:2,(anonymous_6)
FNDA:2,(anonymous_7)
DA:4,2
DA:8,2
DA:13,2
DA:19,0
DA:27,2
DA:29,3
DA:37,2
DA:39,2
DA:40,1
DA:44,1
DA:53,2
DA:55,2
DA:56,1
DA:60,1
DA:69,2
DA:81,2
DA:82,1
DA:84,1
DA:96,2
DA:98,2
DA:99,1
LF:21
LH:20
BRDA:39,0,0,1
BRDA:55,1,0,1
BRDA:98,2,0,1
BRF:3
BRH:3
end_of_record
TN:
SF:src\types\IEntityWithFactoryMethod.ts
FN:6,(anonymous_0)
FNF:1
FNH:1
FNDA:22,(anonymous_0)
DA:1,6
DA:5,6
DA:9,22
LF:3
LH:3
BRF:0
BRH:0
end_of_record
TN:
SF:src\utils\Log.ts
FN:7,(anonymous_0)
FN:14,(anonymous_1)
FN:16,(anonymous_2)
FN:18,(anonymous_3)
FNF:4
FNH:1
FNDA:4,(anonymous_0)
FNDA:0,(anonymous_1)
FNDA:0,(anonymous_2)
FNDA:0,(anonymous_3)
DA:5,4
DA:8,4
DA:9,4
DA:11,4
DA:14,4
DA:16,4
DA:18,4
DA:21,4
LF:8
LH:8
BRF:0
BRH:0
end_of_record
TN:
SF:src\validators\User\UserPasswordValidator.ts
FN:12,(anonymous_1)
FN:28,(anonymous_2)
FNF:2
FNH:0
FNDA:0,(anonymous_1)
FNDA:0,(anonymous_2)
DA:2,6
DA:11,6
DA:13,0
DA:14,0
DA:15,0
DA:16,0
DA:17,0
DA:18,0
DA:20,0
DA:29,0
LF:10
LH:2
BRDA:20,0,0,0
BRDA:20,0,1,0
BRDA:20,0,2,0
BRDA:20,0,3,0
BRDA:20,0,4,0
BRDA:20,0,5,0
BRF:6
BRH:0
end_of_record
