TN:
SF:dist\controllers\PhotoController.js
FN:2,(anonymous_0)
FN:27,(anonymous_1)
FN:37,(anonymous_2)
FN:48,(anonymous_3)
FN:58,(anonymous_4)
FN:69,(anonymous_5)
FNF:6
FNH:6
FNDA:1,(anonymous_0)
FNDA:8,(anonymous_1)
FNDA:2,(anonymous_2)
FNDA:2,(anonymous_3)
FNDA:2,(anonymous_4)
FNDA:2,(anonymous_5)
DA:2,1
DA:3,1
DA:5,1
DA:6,1
DA:7,1
DA:28,8
DA:29,8
DA:37,8
DA:38,2
DA:39,2
DA:40,1
DA:48,8
DA:49,2
DA:50,1
DA:58,8
DA:59,2
DA:60,2
DA:61,1
DA:69,8
DA:70,2
DA:71,1
DA:74,1
LF:22
LH:22
BRDA:2,0,0,1
BRDA:2,0,1,1
BRDA:2,0,2,1
BRDA:3,1,0,1
BRDA:3,1,1,0
BRDA:3,2,0,1
BRDA:3,2,1,1
BRDA:27,3,0,0
BRDA:27,4,0,8
BRF:9
BRH:7
end_of_record
TN:
SF:dist\controllers\UserController.js
FN:2,(anonymous_0)
FN:27,(anonymous_1)
FN:37,(anonymous_2)
FN:49,(anonymous_3)
FN:61,(anonymous_4)
FN:74,(anonymous_5)
FNF:6
FNH:6
FNDA:1,(anonymous_0)
FNDA:8,(anonymous_1)
FNDA:2,(anonymous_2)
FNDA:2,(anonymous_3)
FNDA:2,(anonymous_4)
FNDA:2,(anonymous_5)
DA:2,1
DA:3,1
DA:5,1
DA:6,1
DA:7,1
DA:28,8
DA:29,8
DA:37,8
DA:38,2
DA:39,1
DA:49,8
DA:50,2
DA:51,1
DA:61,8
DA:62,2
DA:63,2
DA:64,1
DA:74,8
DA:75,2
DA:76,1
DA:79,1
LF:21
LH:21
BRDA:2,0,0,1
BRDA:2,0,1,1
BRDA:2,0,2,1
BRDA:3,1,0,1
BRDA:3,1,1,0
BRDA:3,2,0,1
BRDA:3,2,1,1
BRDA:27,3,0,0
BRDA:27,4,0,8
BRF:9
BRH:7
end_of_record
TN:
SF:dist\entities\Photo.js
FN:2,(anonymous_0)
FN:8,(anonymous_1)
FN:11,(anonymous_2)
FN:57,(anonymous_3)
FN:57,(anonymous_4)
FNF:5
FNH:3
FNDA:72,(anonymous_0)
FNDA:64,(anonymous_1)
FNDA:16,(anonymous_2)
FNDA:0,(anonymous_3)
FNDA:0,(anonymous_4)
DA:2,8
DA:3,72
DA:4,72
DA:5,0
DA:6,72
DA:8,8
DA:9,64
DA:11,8
DA:12,16
DA:14,8
DA:15,8
DA:16,8
DA:17,8
DA:18,8
DA:28,8
DA:32,8
DA:36,8
DA:40,8
DA:44,8
DA:48,8
DA:52,8
DA:56,8
DA:57,0
DA:60,8
DA:63,8
LF:25
LH:23
BRDA:2,0,0,8
BRDA:2,0,1,8
BRDA:2,0,2,8
BRDA:3,1,0,8
BRDA:3,1,1,64
BRDA:3,2,0,0
BRDA:3,2,1,64
BRDA:4,3,0,72
BRDA:4,3,1,0
BRDA:4,4,0,72
BRDA:4,4,1,72
BRDA:5,5,0,0
BRDA:5,5,1,0
BRDA:5,6,0,0
BRDA:5,6,1,0
BRDA:5,7,0,0
BRDA:5,7,1,0
BRDA:5,8,0,0
BRDA:5,8,1,0
BRDA:6,9,0,72
BRDA:6,9,1,64
BRDA:6,9,2,0
BRDA:8,10,0,8
BRDA:8,10,1,8
BRDA:8,10,2,8
BRDA:9,11,0,64
BRDA:9,11,1,0
BRDA:9,12,0,64
BRDA:9,12,1,64
BRDA:11,13,0,8
BRDA:11,13,1,8
BRDA:11,13,2,8
BRDA:12,14,0,16
BRDA:12,14,1,0
BRDA:12,15,0,16
BRDA:12,15,1,16
BRF:36
BRH:23
end_of_record
TN:
SF:dist\entities\User.js
FN:2,(anonymous_0)
FN:8,(anonymous_1)
FN:11,(anonymous_2)
FN:22,(anonymous_3)
FN:108,(anonymous_4)
FN:108,(anonymous_5)
FNF:6
FNH:4
FNDA:104,(anonymous_0)
FNDA:96,(anonymous_1)
FNDA:24,(anonymous_2)
FNDA:8,(anonymous_3)
FNDA:0,(anonymous_4)
FNDA:0,(anonymous_5)
DA:2,8
DA:3,104
DA:4,104
DA:5,0
DA:6,104
DA:8,8
DA:9,96
DA:11,8
DA:12,24
DA:14,8
DA:15,8
DA:16,8
DA:17,8
DA:18,8
DA:19,8
DA:20,8
DA:22,8
DA:23,8
DA:24,8
DA:25,8
DA:26,8
DA:27,8
DA:28,8
DA:29,8
DA:31,8
DA:45,8
DA:49,8
DA:57,8
DA:61,8
DA:65,8
DA:73,8
DA:77,8
DA:84,8
DA:91,8
DA:100,8
DA:107,8
DA:108,0
DA:114,8
DA:121,8
DA:124,8
LF:40
LH:38
BRDA:2,0,0,8
BRDA:2,0,1,8
BRDA:2,0,2,8
BRDA:3,1,0,8
BRDA:3,1,1,96
BRDA:3,2,0,0
BRDA:3,2,1,96
BRDA:4,3,0,104
BRDA:4,3,1,0
BRDA:4,4,0,104
BRDA:4,4,1,104
BRDA:5,5,0,0
BRDA:5,5,1,0
BRDA:5,6,0,0
BRDA:5,6,1,0
BRDA:5,7,0,0
BRDA:5,7,1,0
BRDA:5,8,0,0
BRDA:5,8,1,0
BRDA:6,9,0,104
BRDA:6,9,1,96
BRDA:6,9,2,0
BRDA:8,10,0,8
BRDA:8,10,1,8
BRDA:8,10,2,8
BRDA:9,11,0,96
BRDA:9,11,1,0
BRDA:9,12,0,96
BRDA:9,12,1,96
BRDA:11,13,0,8
BRDA:11,13,1,8
BRDA:11,13,2,8
BRDA:12,14,0,24
BRDA:12,14,1,0
BRDA:12,15,0,24
BRDA:12,15,1,24
BRDA:30,16,0,8
BRDA:30,16,1,8
BRF:38
BRH:25
end_of_record
TN:
SF:dist\exceptions\HttpException.js
FN:9,(anonymous_0)
FNF:1
FNH:1
FNDA:23,(anonymous_0)
DA:2,10
DA:10,23
DA:11,23
DA:12,23
DA:15,10
LF:5
LH:5
BRDA:9,0,0,1
BRDA:9,1,0,2
BRF:2
BRH:2
end_of_record
TN:
SF:dist\exceptions\NotAuthenticatedException.js
FN:2,(anonymous_0)
FN:11,(anonymous_1)
FNF:2
FNH:2
FNDA:2,(anonymous_0)
FNDA:4,(anonymous_1)
DA:2,2
DA:3,2
DA:5,2
DA:6,2
DA:12,4
DA:15,2
LF:6
LH:6
BRDA:2,0,0,2
BRDA:2,0,1,2
BRDA:2,0,2,2
BRDA:3,1,0,2
BRDA:3,1,1,0
BRDA:3,2,0,2
BRDA:3,2,1,2
BRDA:12,3,0,4
BRDA:12,3,1,3
BRF:9
BRH:8
end_of_record
TN:
SF:dist\exceptions\NotAuthorizedException.js
FN:2,(anonymous_0)
FN:8,(anonymous_1)
FNF:2
FNH:2
FNDA:2,(anonymous_0)
FNDA:2,(anonymous_1)
DA:2,2
DA:3,2
DA:5,2
DA:6,2
DA:9,2
DA:12,2
LF:6
LH:6
BRDA:2,0,0,2
BRDA:2,0,1,2
BRDA:2,0,2,2
BRDA:3,1,0,2
BRDA:3,1,1,0
BRDA:3,2,0,2
BRDA:3,2,1,2
BRDA:9,3,0,2
BRDA:9,3,1,1
BRF:9
BRH:8
end_of_record
TN:
SF:dist\exceptions\NotFoundException.js
FN:2,(anonymous_0)
FN:11,(anonymous_1)
FNF:2
FNH:2
FNDA:7,(anonymous_0)
FNDA:14,(anonymous_1)
DA:2,7
DA:3,7
DA:5,7
DA:6,7
DA:12,14
DA:15,7
LF:6
LH:6
BRDA:2,0,0,7
BRDA:2,0,1,7
BRDA:2,0,2,7
BRDA:3,1,0,7
BRDA:3,1,1,0
BRDA:3,2,0,7
BRDA:3,2,1,7
BRDA:12,3,0,14
BRDA:12,3,1,6
BRF:9
BRH:8
end_of_record
TN:
SF:dist\mappers\PhotoMapper.js
FN:8,(anonymous_0)
FNF:1
FNH:1
FNDA:7,(anonymous_0)
DA:2,2
DA:3,2
DA:9,7
DA:21,2
LF:4
LH:4
BRF:0
BRH:0
end_of_record
TN:
SF:dist\mappers\UserMapper.js
FN:8,(anonymous_0)
FN:18,(anonymous_1)
FNF:2
FNH:2
FNDA:7,(anonymous_0)
FNDA:14,(anonymous_1)
DA:2,2
DA:3,2
DA:9,7
DA:18,14
DA:25,2
LF:5
LH:5
BRDA:17,0,0,7
BRDA:17,0,1,0
BRF:2
BRH:1
end_of_record
TN:
SF:dist\middlewares\Authentication.js
FN:2,(anonymous_0)
FN:28,(anonymous_1)
FN:32,(anonymous_2)
FN:33,(anonymous_3)
FNF:4
FNH:4
FNDA:4,(anonymous_0)
FNDA:4,(anonymous_1)
FNDA:3,(anonymous_2)
FNDA:3,(anonymous_3)
DA:2,1
DA:3,4
DA:5,1
DA:6,1
DA:7,1
DA:8,1
DA:9,1
DA:10,1
DA:17,1
DA:29,4
DA:30,4
DA:33,3
DA:35,3
DA:36,1
DA:37,2
DA:38,2
DA:40,1
DA:41,1
DA:42,1
DA:46,1
DA:47,1
DA:49,0
DA:54,1
DA:55,1
LF:24
LH:23
BRDA:2,0,0,1
BRDA:2,0,1,1
BRDA:2,0,2,1
BRDA:3,1,0,4
BRDA:3,1,1,0
BRDA:3,2,0,4
BRDA:3,2,1,4
BRDA:28,3,0,2
BRDA:29,4,0,4
BRDA:29,4,1,4
BRDA:35,5,0,1
BRDA:35,5,1,2
BRDA:46,6,0,1
BRDA:46,6,1,0
BRF:14
BRH:12
end_of_record
TN:
SF:dist\middlewares\Authorization.js
FN:2,(anonymous_0)
FN:29,(anonymous_1)
FN:33,(anonymous_2)
FN:34,(anonymous_3)
FNF:4
FNH:4
FNDA:3,(anonymous_0)
FNDA:2,(anonymous_1)
FNDA:1,(anonymous_2)
FNDA:1,(anonymous_3)
DA:2,1
DA:3,3
DA:5,1
DA:6,1
DA:7,1
DA:8,1
DA:9,1
DA:10,1
DA:18,1
DA:30,2
DA:31,2
DA:34,1
DA:35,1
DA:36,1
DA:37,1
DA:40,0
DA:45,1
DA:46,1
LF:18
LH:17
BRDA:2,0,0,1
BRDA:2,0,1,1
BRDA:2,0,2,1
BRDA:3,1,0,3
BRDA:3,1,1,0
BRDA:3,2,0,3
BRDA:3,2,1,3
BRDA:29,3,0,2
BRDA:30,4,0,2
BRDA:30,4,1,2
BRDA:36,5,0,1
BRDA:36,5,1,0
BRF:12
BRH:10
end_of_record
TN:
SF:dist\mocks\RequestMock.js
FN:3,(anonymous_0)
FNF:1
FNH:1
FNDA:20,(anonymous_0)
DA:2,4
DA:3,20
DA:10,4
LF:3
LH:3
BRDA:3,0,0,1
BRDA:4,1,0,20
BRDA:4,1,1,17
BRDA:5,2,0,20
BRDA:5,2,1,14
BRDA:6,3,0,20
BRDA:6,3,1,20
BRDA:7,4,0,20
BRDA:7,4,1,8
BRDA:8,5,0,20
BRDA:8,5,1,18
BRF:11
BRH:11
end_of_record
TN:
SF:dist\mocks\ResponseMock.js
FN:2,(anonymous_0)
FN:7,(anonymous_1)
FNF:2
FNH:2
FNDA:2,(anonymous_0)
FNDA:16,(anonymous_1)
DA:2,2
DA:3,2
DA:5,2
DA:6,2
DA:7,2
DA:8,16
DA:9,16
DA:10,16
DA:11,16
DA:12,16
DA:14,2
LF:11
LH:11
BRDA:2,0,0,2
BRDA:2,0,1,2
BRDA:2,0,2,2
BRDA:3,1,0,0
BRDA:3,1,1,2
BRDA:3,2,0,2
BRDA:3,2,1,2
BRF:7
BRH:6
end_of_record
TN:
SF:dist\mocks\UserMock.js
FN:2,(anonymous_0)
FN:4,(anonymous_1)
FN:5,(anonymous_2)
FN:9,(anonymous_3)
FN:11,(anonymous_4)
FN:14,(anonymous_5)
FN:23,(anonymous_6)
FNF:7
FNH:2
FNDA:0,(anonymous_0)
FNDA:0,(anonymous_1)
FNDA:0,(anonymous_2)
FNDA:0,(anonymous_3)
FNDA:0,(anonymous_4)
FNDA:7,(anonymous_5)
FNDA:16,(anonymous_6)
DA:2,7
DA:3,0
DA:4,0
DA:6,0
DA:7,0
DA:9,7
DA:10,0
DA:12,0
DA:14,7
DA:15,7
DA:16,0
DA:17,0
DA:18,0
DA:19,0
DA:21,7
DA:22,7
DA:23,16
DA:36,7
LF:18
LH:8
BRDA:2,0,0,7
BRDA:2,0,1,7
BRDA:2,0,2,7
BRDA:2,1,0,7
BRDA:2,1,1,0
BRDA:3,2,0,0
BRDA:3,2,1,0
BRDA:6,3,0,0
BRDA:6,3,1,0
BRDA:9,4,0,7
BRDA:9,4,1,7
BRDA:9,4,2,7
BRDA:9,5,0,7
BRDA:9,5,1,0
BRDA:14,6,0,7
BRDA:14,6,1,7
BRDA:14,6,2,7
BRDA:15,7,0,7
BRDA:15,7,1,0
BRDA:15,8,0,7
BRDA:15,8,1,7
BRDA:17,9,0,0
BRDA:17,9,1,0
BRDA:17,10,0,0
BRDA:17,10,1,0
BRDA:17,11,0,0
BRDA:17,11,1,0
BRF:27
BRH:14
end_of_record
TN:
SF:dist\mocks\photoMock.js
FN:2,(anonymous_0)
FN:8,(anonymous_1)
FNF:2
FNH:2
FNDA:6,(anonymous_0)
FNDA:7,(anonymous_1)
DA:2,3
DA:3,6
DA:5,3
DA:6,3
DA:7,3
DA:8,7
DA:18,3
LF:7
LH:7
BRDA:2,0,0,3
BRDA:2,0,1,3
BRDA:2,0,2,3
BRDA:3,1,0,6
BRDA:3,1,1,0
BRDA:3,2,0,6
BRDA:3,2,1,6
BRF:7
BRH:6
end_of_record
TN:
SF:dist\providers\Config.js
FN:2,(anonymous_0)
FN:4,(anonymous_1)
FN:5,(anonymous_2)
FN:9,(anonymous_3)
FN:11,(anonymous_4)
FN:14,(anonymous_5)
FN:21,(anonymous_6)
FN:36,(anonymous_7)
FN:71,(anonymous_8)
FNF:9
FNH:4
FNDA:108,(anonymous_0)
FNDA:0,(anonymous_1)
FNDA:0,(anonymous_2)
FNDA:12,(anonymous_3)
FNDA:0,(anonymous_4)
FNDA:12,(anonymous_5)
FNDA:6,(anonymous_6)
FNDA:0,(anonymous_7)
FNDA:0,(anonymous_8)
DA:2,6
DA:3,108
DA:4,108
DA:6,0
DA:7,0
DA:9,6
DA:10,12
DA:12,0
DA:14,6
DA:15,12
DA:16,12
DA:17,108
DA:18,12
DA:19,12
DA:21,6
DA:22,6
DA:24,6
DA:25,6
DA:26,6
DA:27,6
DA:37,0
DA:38,0
DA:41,0
DA:65,0
DA:72,0
DA:73,0
DA:76,6
LF:27
LH:18
BRDA:2,0,0,6
BRDA:2,0,1,6
BRDA:2,0,2,6
BRDA:2,1,0,6
BRDA:2,1,1,0
BRDA:3,2,0,108
BRDA:3,2,1,0
BRDA:6,3,0,0
BRDA:6,3,1,0
BRDA:9,4,0,6
BRDA:9,4,1,6
BRDA:9,4,2,6
BRDA:9,5,0,6
BRDA:9,5,1,0
BRDA:14,6,0,6
BRDA:14,6,1,6
BRDA:14,6,2,6
BRDA:15,7,0,0
BRDA:15,7,1,12
BRDA:15,8,0,12
BRDA:15,8,1,12
BRDA:17,9,0,12
BRDA:17,9,1,0
BRDA:17,10,0,108
BRDA:17,10,1,0
BRDA:17,11,0,108
BRDA:17,11,1,108
BRDA:21,12,0,6
BRDA:21,12,1,6
BRDA:21,12,2,6
BRDA:22,13,0,6
BRDA:22,13,1,0
BRDA:22,14,0,6
BRDA:22,14,1,6
BRDA:37,15,0,0
BRDA:37,15,1,0
BRDA:42,16,0,0
BRDA:42,16,1,0
BRDA:43,17,0,0
BRDA:43,17,1,0
BRDA:44,18,0,0
BRDA:44,18,1,0
BRDA:45,19,0,0
BRDA:45,19,1,0
BRDA:50,20,0,0
BRDA:50,20,1,0
BRDA:51,21,0,0
BRDA:51,21,1,0
BRDA:52,22,0,0
BRDA:52,22,1,0
BRDA:53,23,0,0
BRDA:53,23,1,0
BRDA:56,24,0,0
BRDA:56,24,1,0
BRDA:58,25,0,0
BRDA:58,25,1,0
BRF:56
BRH:25
end_of_record
TN:
SF:dist\providers\Database.js
FN:2,(anonymous_0)
FN:13,(anonymous_1)
FN:29,(anonymous_2)
FN:31,(anonymous_3)
FNF:4
FNH:1
FNDA:12,(anonymous_0)
FNDA:0,(anonymous_1)
FNDA:0,(anonymous_2)
FNDA:0,(anonymous_3)
DA:2,6
DA:3,12
DA:5,6
DA:6,6
DA:7,6
DA:8,6
DA:14,0
DA:15,0
DA:16,0
DA:29,0
DA:32,0
DA:35,6
LF:12
LH:7
BRDA:2,0,0,6
BRDA:2,0,1,6
BRDA:2,0,2,6
BRDA:3,1,0,12
BRDA:3,1,1,0
BRDA:3,2,0,12
BRDA:3,2,1,12
BRF:7
BRH:6
end_of_record
TN:
SF:dist\repositories\PhotoRepository.js
FN:2,(anonymous_0)
FN:11,(anonymous_1)
FN:13,(anonymous_2)
FNF:3
FNH:1
FNDA:4,(anonymous_0)
FNDA:0,(anonymous_1)
FNDA:0,(anonymous_2)
DA:2,2
DA:3,4
DA:5,2
DA:6,2
DA:7,2
DA:11,2
DA:14,0
DA:15,0
DA:16,0
DA:17,0
DA:23,2
LF:11
LH:7
BRDA:2,0,0,2
BRDA:2,0,1,2
BRDA:2,0,2,2
BRDA:3,1,0,4
BRDA:3,1,1,0
BRDA:3,2,0,4
BRDA:3,2,1,4
BRDA:15,3,0,0
BRDA:15,3,1,0
BRF:9
BRH:6
end_of_record
TN:
SF:dist\repositories\UserRepository.js
FN:2,(anonymous_0)
FN:11,(anonymous_1)
FN:13,(anonymous_2)
FN:16,(anonymous_3)
FNF:4
FNH:1
FNDA:8,(anonymous_0)
FNDA:0,(anonymous_1)
FNDA:0,(anonymous_2)
FNDA:0,(anonymous_3)
DA:2,4
DA:3,8
DA:5,4
DA:6,4
DA:7,4
DA:11,4
DA:14,0
DA:17,0
DA:20,4
LF:9
LH:7
BRDA:2,0,0,4
BRDA:2,0,1,4
BRDA:2,0,2,4
BRDA:3,1,0,8
BRDA:3,1,1,0
BRDA:3,2,0,8
BRDA:3,2,1,8
BRF:7
BRH:6
end_of_record
TN:
SF:dist\services\PhotoService.js
FN:2,(anonymous_0)
FN:16,(anonymous_1)
FN:24,(anonymous_2)
FN:31,(anonymous_3)
FN:43,(anonymous_4)
FN:56,(anonymous_5)
FN:68,(anonymous_6)
FNF:7
FNH:6
FNDA:4,(anonymous_0)
FNDA:0,(anonymous_1)
FNDA:2,(anonymous_2)
FNDA:2,(anonymous_3)
FNDA:2,(anonymous_4)
FNDA:2,(anonymous_5)
FNDA:2,(anonymous_6)
DA:2,2
DA:3,4
DA:5,2
DA:6,2
DA:7,2
DA:17,0
DA:24,2
DA:32,2
DA:33,2
DA:34,1
DA:36,1
DA:44,2
DA:45,2
DA:57,2
DA:58,1
DA:69,2
DA:70,2
DA:71,1
DA:75,2
LF:19
LH:18
BRDA:2,0,0,2
BRDA:2,0,1,2
BRDA:2,0,2,2
BRDA:3,1,0,4
BRDA:3,1,1,0
BRDA:3,2,0,4
BRDA:3,2,1,4
BRDA:33,3,0,1
BRDA:33,3,1,1
BRDA:70,4,0,1
BRDA:70,4,1,1
BRF:11
BRH:10
end_of_record
TN:
SF:dist\services\UserService.js
FN:2,(anonymous_0)
FN:16,(anonymous_1)
FN:24,(anonymous_2)
FN:30,(anonymous_3)
FN:42,(anonymous_4)
FN:51,(anonymous_5)
FN:64,(anonymous_6)
FNF:7
FNH:6
FNDA:8,(anonymous_0)
FNDA:0,(anonymous_1)
FNDA:3,(anonymous_2)
FNDA:4,(anonymous_3)
FNDA:2,(anonymous_4)
FNDA:2,(anonymous_5)
FNDA:2,(anonymous_6)
DA:2,4
DA:3,8
DA:5,4
DA:6,4
DA:7,4
DA:17,0
DA:24,4
DA:31,4
DA:32,4
DA:33,2
DA:35,2
DA:43,2
DA:52,2
DA:53,1
DA:54,1
DA:65,2
DA:66,2
DA:67,1
DA:71,4
LF:19
LH:18
BRDA:2,0,0,4
BRDA:2,0,1,4
BRDA:2,0,2,4
BRDA:3,1,0,8
BRDA:3,1,1,0
BRDA:3,2,0,8
BRDA:3,2,1,8
BRDA:32,3,0,2
BRDA:32,3,1,2
BRDA:66,4,0,1
BRDA:66,4,1,1
BRF:11
BRH:10
end_of_record
TN:
SF:dist\types\IEntityWithFactoryMethod.js
FN:5,(anonymous_0)
FNF:1
FNH:1
FNDA:23,(anonymous_0)
DA:2,8
DA:3,8
DA:6,23
DA:9,8
LF:4
LH:4
BRF:0
BRH:0
end_of_record
TN:
SF:dist\utils\Log.js
FN:7,(anonymous_0)
FN:12,(anonymous_1)
FN:13,(anonymous_2)
FN:14,(anonymous_3)
FNF:4
FNH:2
FNDA:6,(anonymous_0)
FNDA:6,(anonymous_1)
FNDA:0,(anonymous_2)
FNDA:0,(anonymous_3)
DA:2,6
DA:6,6
DA:8,6
DA:9,6
DA:10,6
DA:12,6
DA:13,6
DA:14,6
DA:16,6
LF:9
LH:9
BRF:0
BRH:0
end_of_record
TN:
SF:dist\validators\User\UserPasswordValidator.js
FN:2,(anonymous_0)
FN:12,(anonymous_1)
FN:26,(anonymous_2)
FNF:3
FNH:1
FNDA:8,(anonymous_0)
FNDA:0,(anonymous_1)
FNDA:0,(anonymous_2)
DA:2,8
DA:3,8
DA:4,8
DA:5,0
DA:6,8
DA:8,8
DA:10,8
DA:11,8
DA:13,0
DA:14,0
DA:15,0
DA:16,0
DA:17,0
DA:18,0
DA:19,0
DA:27,0
DA:30,8
DA:36,8
LF:18
LH:9
BRDA:2,0,0,8
BRDA:2,0,1,8
BRDA:2,0,2,8
BRDA:3,1,0,8
BRDA:3,1,1,0
BRDA:3,2,0,0
BRDA:3,2,1,0
BRDA:4,3,0,8
BRDA:4,3,1,0
BRDA:4,4,0,8
BRDA:4,4,1,8
BRDA:5,5,0,0
BRDA:5,5,1,0
BRDA:5,6,0,0
BRDA:5,6,1,0
BRDA:5,7,0,0
BRDA:5,7,1,0
BRDA:5,8,0,0
BRDA:5,8,1,0
BRDA:6,9,0,8
BRDA:6,9,1,0
BRDA:6,9,2,0
BRDA:19,10,0,0
BRDA:19,10,1,0
BRDA:19,10,2,0
BRDA:19,10,3,0
BRDA:19,10,4,0
BRDA:19,10,5,0
BRF:28
BRH:8
end_of_record
TN:
SF:src\controllers\PhotoController.ts
FN:35,(anonymous_1)
FN:49,(anonymous_2)
FN:68,(anonymous_3)
FN:82,(anonymous_4)
FN:99,(anonymous_5)
FNF:5
FNH:5
FNDA:8,(anonymous_1)
FNDA:2,(anonymous_2)
FNDA:2,(anonymous_3)
FNDA:2,(anonymous_4)
FNDA:2,(anonymous_5)
DA:2,1
DA:5,1
DA:39,8
DA:40,8
DA:49,8
DA:52,2
DA:53,2
DA:59,1
DA:68,8
DA:71,2
DA:73,1
DA:82,8
DA:85,2
DA:86,2
DA:90,1
DA:99,8
DA:102,2
DA:103,1
DA:107,1
LF:19
LH:19
BRDA:36,0,0,0
BRDA:37,1,0,8
BRF:2
BRH:1
end_of_record
TN:
SF:src\controllers\UserController.ts
FN:34,(anonymous_1)
FN:48,(anonymous_2)
FN:66,(anonymous_3)
FN:82,(anonymous_4)
FN:101,(anonymous_5)
FNF:5
FNH:5
FNDA:8,(anonymous_1)
FNDA:2,(anonymous_2)
FNDA:2,(anonymous_3)
FNDA:2,(anonymous_4)
FNDA:2,(anonymous_5)
DA:2,1
DA:5,1
DA:38,8
DA:39,8
DA:48,8
DA:51,2
DA:55,1
DA:66,8
DA:69,2
DA:71,1
DA:82,8
DA:85,2
DA:86,2
DA:90,1
DA:101,8
DA:104,2
DA:105,1
DA:109,1
LF:18
LH:18
BRDA:35,0,0,0
BRDA:36,1,0,8
BRF:2
BRH:1
end_of_record
TN:
SF:src\entities\Photo.ts
FN:36,(anonymous_3)
FN:36,(anonymous_4)
FNF:2
FNH:0
FNDA:0,(anonymous_3)
FNDA:0,(anonymous_4)
DA:1,8
DA:9,8
DA:10,8
DA:13,8
DA:15,8
DA:18,8
DA:21,8
DA:24,8
DA:27,8
DA:30,8
DA:33,8
DA:36,0
DA:38,8
LF:13
LH:12
BRF:0
BRH:0
end_of_record
TN:
SF:src\entities\User.ts
FN:18,(anonymous_3)
FN:83,(anonymous_4)
FN:84,(anonymous_5)
FNF:3
FNH:1
FNDA:8,(anonymous_3)
FNDA:0,(anonymous_4)
FNDA:0,(anonymous_5)
DA:1,8
DA:10,8
DA:14,8
DA:15,8
DA:16,8
DA:18,8
DA:19,8
DA:20,8
DA:21,8
DA:22,8
DA:23,8
DA:24,8
DA:25,8
DA:29,8
DA:31,8
DA:38,8
DA:41,8
DA:44,8
DA:51,8
DA:54,8
DA:60,8
DA:66,8
DA:74,8
DA:80,8
DA:83,0
DA:84,0
DA:90,8
DA:96,8
LF:28
LH:26
BRDA:18,0,0,8
BRDA:18,0,1,8
BRF:2
BRH:2
end_of_record
TN:
SF:src\exceptions\HttpException.ts
FN:9,(anonymous_0)
FNF:1
FNH:1
FNDA:23,(anonymous_0)
DA:4,10
DA:12,23
DA:13,23
DA:14,23
LF:4
LH:4
BRDA:10,0,0,1
BRDA:10,1,0,2
BRF:2
BRH:2
end_of_record
TN:
SF:src\exceptions\NotAuthenticatedException.ts
FN:7,(anonymous_1)
FNF:1
FNH:1
FNDA:4,(anonymous_1)
DA:1,2
DA:6,2
DA:8,4
LF:3
LH:3
BRDA:9,0,0,4
BRDA:9,0,1,3
BRF:2
BRH:2
end_of_record
TN:
SF:src\exceptions\NotAuthorizedException.ts
FN:4,(anonymous_1)
FNF:1
FNH:1
FNDA:2,(anonymous_1)
DA:1,2
DA:3,2
DA:5,2
LF:3
LH:3
BRDA:6,0,0,2
BRDA:6,0,1,1
BRF:2
BRH:2
end_of_record
TN:
SF:src\exceptions\NotFoundException.ts
FN:7,(anonymous_1)
FNF:1
FNH:1
FNDA:14,(anonymous_1)
DA:1,7
DA:6,7
DA:8,14
LF:3
LH:3
BRDA:9,0,0,14
BRDA:9,0,1,6
BRF:2
BRH:2
end_of_record
TN:
SF:src\mappers\PhotoMapper.ts
FN:19,(anonymous_0)
FNF:1
FNH:1
FNDA:7,(anonymous_0)
DA:18,2
DA:20,7
LF:2
LH:2
BRF:0
BRH:0
end_of_record
TN:
SF:src\mappers\UserMapper.ts
FN:21,(anonymous_0)
FN:31,(anonymous_1)
FNF:2
FNH:2
FNDA:7,(anonymous_0)
FNDA:14,(anonymous_1)
DA:20,2
DA:22,7
DA:31,14
LF:3
LH:3
BRDA:30,0,0,7
BRDA:30,0,1,0
BRF:2
BRH:1
end_of_record
TN:
SF:src\middlewares\Authentication.ts
FN:31,(anonymous_1)
FN:38,(anonymous_2)
FN:39,(anonymous_3)
FNF:3
FNH:3
FNDA:4,(anonymous_1)
FNDA:3,(anonymous_2)
FNDA:3,(anonymous_3)
DA:5,1
DA:8,1
DA:9,1
DA:10,1
DA:17,1
DA:18,1
DA:34,4
DA:35,4
DA:39,3
DA:43,3
DA:45,2
DA:46,2
DA:51,1
DA:52,1
DA:54,1
DA:57,1
DA:59,0
DA:65,1
LF:18
LH:17
BRDA:32,0,0,2
BRDA:34,1,0,4
BRDA:34,1,1,4
BRDA:43,2,0,1
BRDA:57,3,0,1
BRF:5
BRH:5
end_of_record
TN:
SF:src\middlewares\Authorization.ts
FN:32,(anonymous_1)
FN:39,(anonymous_2)
FN:40,(anonymous_3)
FNF:3
FNH:3
FNDA:2,(anonymous_1)
FNDA:1,(anonymous_2)
FNDA:1,(anonymous_3)
DA:5,1
DA:8,1
DA:9,1
DA:10,1
DA:18,1
DA:19,1
DA:35,2
DA:36,2
DA:40,1
DA:43,1
DA:45,1
DA:46,1
DA:48,0
DA:54,1
LF:14
LH:13
BRDA:33,0,0,2
BRDA:35,1,0,2
BRDA:35,1,1,2
BRDA:45,2,0,1
BRDA:45,2,1,0
BRF:5
BRH:4
end_of_record
TN:
SF:src\mocks\PhotoMock.ts
FN:4,(anonymous_1)
FNF:1
FNH:1
FNDA:7,(anonymous_1)
DA:1,3
DA:2,3
DA:4,7
DA:15,3
LF:4
LH:4
BRF:0
BRH:0
end_of_record
TN:
SF:src\mocks\RequestMock.ts
FN:11,(anonymous_0)
FNF:1
FNH:1
FNDA:20,(anonymous_0)
DA:11,20
DA:19,4
LF:2
LH:2
BRDA:11,0,0,1
BRDA:12,1,0,20
BRDA:12,1,1,17
BRDA:13,2,0,20
BRDA:13,2,1,14
BRDA:14,3,0,20
BRDA:14,3,1,20
BRDA:15,4,0,20
BRDA:15,4,1,8
BRDA:16,5,0,20
BRDA:16,5,1,18
BRF:11
BRH:11
end_of_record
TN:
SF:src\mocks\ResponseMock.ts
FN:3,(anonymous_1)
FNF:1
FNH:1
FNDA:16,(anonymous_1)
DA:1,2
DA:3,2
DA:4,16
DA:6,16
DA:7,16
DA:8,16
DA:9,16
DA:12,2
LF:8
LH:8
BRF:0
BRH:0
end_of_record
TN:
SF:src\mocks\UserMock.ts
FN:4,(anonymous_6)
FNF:1
FNH:1
FNDA:16,(anonymous_6)
DA:1,7
DA:4,16
DA:18,7
LF:3
LH:3
BRF:0
BRH:0
end_of_record
TN:
SF:src\providers\Config.ts
FN:36,(anonymous_7)
FN:75,(anonymous_8)
FNF:2
FNH:0
FNDA:0,(anonymous_7)
FNDA:0,(anonymous_8)
DA:1,6
DA:2,6
DA:5,6
DA:37,0
DA:38,0
DA:43,0
DA:68,0
DA:76,0
DA:77,0
DA:81,6
LF:10
LH:4
BRDA:37,0,0,0
BRDA:44,1,0,0
BRDA:44,1,1,0
BRDA:45,2,0,0
BRDA:45,2,1,0
BRDA:46,3,0,0
BRDA:46,3,1,0
BRDA:47,4,0,0
BRDA:47,4,1,0
BRDA:52,5,0,0
BRDA:52,5,1,0
BRDA:53,6,0,0
BRDA:53,6,1,0
BRDA:54,7,0,0
BRDA:54,7,1,0
BRDA:55,8,0,0
BRDA:55,8,1,0
BRDA:58,9,0,0
BRDA:58,9,1,0
BRDA:60,10,0,0
BRDA:60,10,1,0
BRF:21
BRH:0
end_of_record
TN:
SF:src\providers\Database.ts
FN:12,(anonymous_1)
FN:37,(anonymous_2)
FN:40,(anonymous_3)
FNF:3
FNH:0
FNDA:0,(anonymous_1)
FNDA:0,(anonymous_2)
FNDA:0,(anonymous_3)
DA:1,6
DA:5,6
DA:6,6
DA:13,0
DA:22,0
DA:24,0
DA:37,0
DA:41,0
DA:45,6
LF:9
LH:4
BRF:0
BRH:0
end_of_record
TN:
SF:src\repositories\PhotoRepository.ts
FN:12,(anonymous_1)
FN:14,(anonymous_2)
FNF:2
FNH:0
FNDA:0,(anonymous_1)
FNDA:0,(anonymous_2)
DA:1,2
DA:2,2
DA:12,2
DA:17,0
DA:19,0
DA:20,0
DA:27,2
LF:7
LH:4
BRDA:19,0,0,0
BRF:1
BRH:0
end_of_record
TN:
SF:src\repositories\UserRepository.ts
FN:8,(anonymous_1)
FN:10,(anonymous_2)
FN:14,(anonymous_3)
FNF:3
FNH:0
FNDA:0,(anonymous_1)
FNDA:0,(anonymous_2)
FNDA:0,(anonymous_3)
DA:2,4
DA:3,4
DA:8,4
DA:11,0
DA:15,0
DA:19,4
LF:6
LH:4
BRF:0
BRH:0
end_of_record
TN:
SF:src\services\PhotoService.ts
FN:18,(anonymous_1)
FN:27,(anonymous_2)
FN:37,(anonymous_3)
FN:57,(anonymous_4)
FN:72,(anonymous_5)
FN:90,(anonymous_6)
FNF:6
FNH:5
FNDA:0,(anonymous_1)
FNDA:2,(anonymous_2)
FNDA:2,(anonymous_3)
FNDA:2,(anonymous_4)
FNDA:2,(anonymous_5)
FNDA:2,(anonymous_6)
DA:3,2
DA:7,2
DA:13,2
DA:19,0
DA:27,2
DA:29,2
DA:40,2
DA:44,2
DA:45,1
DA:49,1
DA:58,2
DA:60,2
DA:75,2
DA:79,1
DA:91,2
DA:93,2
DA:94,1
LF:17
LH:16
BRDA:44,0,0,1
BRDA:93,1,0,1
BRF:2
BRH:2
end_of_record
TN:
SF:src\services\UserService.ts
FN:18,(anonymous_1)
FN:27,(anonymous_2)
FN:36,(anonymous_3)
FN:56,(anonymous_4)
FN:66,(anonymous_5)
FN:85,(anonymous_6)
FNF:6
FNH:5
FNDA:0,(anonymous_1)
FNDA:3,(anonymous_2)
FNDA:4,(anonymous_3)
FNDA:2,(anonymous_4)
FNDA:2,(anonymous_5)
FNDA:2,(anonymous_6)
DA:4,4
DA:8,4
DA:13,4
DA:19,0
DA:27,4
DA:29,3
DA:40,4
DA:42,4
DA:43,2
DA:48,2
DA:57,2
DA:69,2
DA:72,1
DA:74,1
DA:86,2
DA:88,2
DA:89,1
LF:17
LH:16
BRDA:42,0,0,2
BRDA:88,1,0,1
BRF:2
BRH:2
end_of_record
TN:
SF:src\types\IEntityWithFactoryMethod.ts
FN:6,(anonymous_0)
FNF:1
FNH:1
FNDA:23,(anonymous_0)
DA:1,8
DA:5,8
DA:9,23
LF:3
LH:3
BRF:0
BRH:0
end_of_record
TN:
SF:src\utils\Log.ts
FN:7,(anonymous_0)
FN:14,(anonymous_1)
FN:16,(anonymous_2)
FN:18,(anonymous_3)
FNF:4
FNH:2
FNDA:6,(anonymous_0)
FNDA:6,(anonymous_1)
FNDA:0,(anonymous_2)
FNDA:0,(anonymous_3)
DA:5,6
DA:8,6
DA:9,6
DA:11,6
DA:14,6
DA:16,6
DA:18,6
DA:21,6
LF:8
LH:8
BRF:0
BRH:0
end_of_record
TN:
SF:src\validators\User\UserPasswordValidator.ts
FN:12,(anonymous_1)
FN:28,(anonymous_2)
FNF:2
FNH:0
FNDA:0,(anonymous_1)
FNDA:0,(anonymous_2)
DA:2,8
DA:11,8
DA:13,0
DA:14,0
DA:15,0
DA:16,0
DA:17,0
DA:18,0
DA:20,0
DA:29,0
LF:10
LH:2
BRDA:20,0,0,0
BRDA:20,0,1,0
BRDA:20,0,2,0
BRDA:20,0,3,0
BRDA:20,0,4,0
BRDA:20,0,5,0
BRF:6
BRH:0
end_of_record
